<?xml version="1.0" encoding="utf-8"?><testsuites name="pytest tests"><testsuite name="pytest" errors="381" failures="0" skipped="0" tests="453" time="4.573" timestamp="2026-05-10T18:32:33.330046+09:00" hostname="yoon"><testcase classname="tests.test_budget_cost_config.TestCostConfig" name="test_default_cost_config" time="0.316" /><testcase classname="tests.test_budget_cost_config.TestCostConfig" name="test_from_config_reads_budget" time="0.001"><error message="failed on setup with &quot;UnicodeDecodeError: 'cp949' codec can't decode byte 0xe2 in position 2057: illegal multibyte sequence&quot;">E   UnicodeDecodeError: 'cp949' codec can't decode byte 0xe2 in position 2057: illegal multibyte sequence</error></testcase><testcase classname="tests.test_budget_cost_config.TestCostConfig" name="test_from_config_reads_channels" time="0.000"><error message="failed on setup with &quot;UnicodeDecodeError: 'cp949' codec can't decode byte 0xe2 in position 2057: illegal multibyte sequence&quot;">E   UnicodeDecodeError: 'cp949' codec can't decode byte 0xe2 in position 2057: illegal multibyte sequence</error></testcase><testcase classname="tests.test_budget_cost_config.TestCostConfig" name="test_from_config_reads_discount_rate" time="0.000"><error message="failed on setup with &quot;UnicodeDecodeError: 'cp949' codec can't decode byte 0xe2 in position 2057: illegal multibyte sequence&quot;">E   UnicodeDecodeError: 'cp949' codec can't decode byte 0xe2 in position 2057: illegal multibyte sequence</error></testcase><testcase classname="tests.test_budget_cost_config.TestCostConfig" name="test_from_config_reads_time_horizon" time="0.000"><error message="failed on setup with &quot;UnicodeDecodeError: 'cp949' codec can't decode byte 0xe2 in position 2057: illegal multibyte sequence&quot;">E   UnicodeDecodeError: 'cp949' codec can't decode byte 0xe2 in position 2057: illegal multibyte sequence</error></testcase><testcase classname="tests.test_budget_cost_config.TestCostConfig" name="test_from_config_reads_currency" time="0.000"><error message="failed on setup with &quot;UnicodeDecodeError: 'cp949' codec can't decode byte 0xe2 in position 2057: illegal multibyte sequence&quot;">E   UnicodeDecodeError: 'cp949' codec can't decode byte 0xe2 in position 2057: illegal multibyte sequence</error></testcase><testcase classname="tests.test_budget_cost_config.TestCostConfig" name="test_from_config_fallback_defaults" time="0.000" /><testcase classname="tests.test_budget_cost_config.TestCostConfig" name="test_get_channel_constraints" time="0.000"><error message="failed on setup with &quot;UnicodeDecodeError: 'cp949' codec can't decode byte 0xe2 in position 2057: illegal multibyte sequence&quot;">E   UnicodeDecodeError: 'cp949' codec can't decode byte 0xe2 in position 2057: illegal multibyte sequence</error></testcase><testcase classname="tests.test_budget_cost_config.TestCostConfig" name="test_get_channel_constraints_default" time="0.000" /><testcase classname="tests.test_budget_cost_config.TestCostConfig" name="test_monthly_discount_factor" time="0.000" /><testcase classname="tests.test_budget_cost_config.TestCostConfig" name="test_npv_factor" time="0.000" /><testcase classname="tests.test_budget_cost_config.TestCostConfig" name="test_npv_factor_zero_rate" time="0.000" /><testcase classname="tests.test_budget_cost_config.TestCostConfig" name="test_channel_roi_multipliers" time="0.000"><error message="failed on setup with &quot;UnicodeDecodeError: 'cp949' codec can't decode byte 0xe2 in position 2057: illegal multibyte sequence&quot;">E   UnicodeDecodeError: 'cp949' codec can't decode byte 0xe2 in position 2057: illegal multibyte sequence</error></testcase><testcase classname="tests.test_budget_cost_config.TestCostConfig" name="test_channel_max_budget" time="0.001"><error message="failed on setup with &quot;UnicodeDecodeError: 'cp949' codec can't decode byte 0xe2 in position 2057: illegal multibyte sequence&quot;">E   UnicodeDecodeError: 'cp949' codec can't decode byte 0xe2 in position 2057: illegal multibyte sequence</error></testcase><testcase classname="tests.test_budget_cost_config.TestValidation" name="test_validate_valid_data" time="0.001" /><testcase classname="tests.test_budget_cost_config.TestValidation" name="test_validate_missing_columns" time="0.000" /><testcase classname="tests.test_budget_cost_config.TestValidation" name="test_validate_none_data" time="0.000" /><testcase classname="tests.test_budget_cost_config.TestValidation" name="test_validate_not_dataframe" time="0.000" /><testcase classname="tests.test_budget_cost_config.TestValidation" name="test_validate_nan_values" time="0.000" /><testcase classname="tests.test_budget_cost_config.TestValidation" name="test_validate_negative_cost" time="0.001" /><testcase classname="tests.test_budget_cost_config.TestValidation" name="test_validate_empty_data_warns" time="0.001" /><testcase classname="tests.test_budget_cost_config.TestValidation" name="test_validate_churn_out_of_range_warns" time="0.001" /><testcase classname="tests.test_budget_cost_config.TestValidation" name="test_validate_budget_negative" time="0.000" /><testcase classname="tests.test_budget_cost_config.TestValidation" name="test_validate_budget_none" time="0.000" /><testcase classname="tests.test_budget_cost_config.TestValidation" name="test_validate_budget_inf" time="0.000" /><testcase classname="tests.test_budget_cost_config.TestValidation" name="test_validate_budget_valid" time="0.000" /><testcase classname="tests.test_budget_cost_config.TestValidation" name="test_validate_channels_valid" time="0.000"><error message="failed on setup with &quot;UnicodeDecodeError: 'cp949' codec can't decode byte 0xe2 in position 2057: illegal multibyte sequence&quot;">E   UnicodeDecodeError: 'cp949' codec can't decode byte 0xe2 in position 2057: illegal multibyte sequence</error></testcase><testcase classname="tests.test_budget_cost_config.TestValidation" name="test_validate_channels_empty" time="0.000" /><testcase classname="tests.test_budget_cost_config.TestValidation" name="test_validate_channels_duplicate_names" time="0.000" /><testcase classname="tests.test_budget_cost_config.TestValidation" name="test_validate_channels_negative_cost" time="0.000" /><testcase classname="tests.test_budget_cost_config.TestValidation" name="test_validate_channels_max_lt_min" time="0.000" /><testcase classname="tests.test_budget_cost_config.TestRunOptimization" name="test_run_optimization_basic" time="0.001"><error message="failed on setup with &quot;UnicodeDecodeError: 'cp949' codec can't decode byte 0xe2 in position 2057: illegal multibyte sequence&quot;">E   UnicodeDecodeError: 'cp949' codec can't decode byte 0xe2 in position 2057: illegal multibyte sequence</error></testcase><testcase classname="tests.test_budget_cost_config.TestRunOptimization" name="test_run_optimization_status_optimal" time="0.001"><error message="failed on setup with &quot;UnicodeDecodeError: 'cp949' codec can't decode byte 0xe2 in position 2057: illegal multibyte sequence&quot;">E   UnicodeDecodeError: 'cp949' codec can't decode byte 0xe2 in position 2057: illegal multibyte sequence</error></testcase><testcase classname="tests.test_budget_cost_config.TestRunOptimization" name="test_run_optimization_allocations_df" time="0.001"><error message="failed on setup with &quot;UnicodeDecodeError: 'cp949' codec can't decode byte 0xe2 in position 2057: illegal multibyte sequence&quot;">E   UnicodeDecodeError: 'cp949' codec can't decode byte 0xe2 in position 2057: illegal multibyte sequence</error></testcase><testcase classname="tests.test_budget_cost_config.TestRunOptimization" name="test_run_optimization_expected_value_positive" time="0.001"><error message="failed on setup with &quot;UnicodeDecodeError: 'cp949' codec can't decode byte 0xe2 in position 2057: illegal multibyte sequence&quot;">E   UnicodeDecodeError: 'cp949' codec can't decode byte 0xe2 in position 2057: illegal multibyte sequence</error></testcase><testcase classname="tests.test_budget_cost_config.TestRunOptimization" name="test_run_optimization_npv_adjusted" time="0.000"><error message="failed on setup with &quot;UnicodeDecodeError: 'cp949' codec can't decode byte 0xe2 in position 2057: illegal multibyte sequence&quot;">E   UnicodeDecodeError: 'cp949' codec can't decode byte 0xe2 in position 2057: illegal multibyte sequence</error></testcase><testcase classname="tests.test_budget_cost_config.TestRunOptimization" name="test_run_optimization_budget_override" time="0.001"><error message="failed on setup with &quot;UnicodeDecodeError: 'cp949' codec can't decode byte 0xe2 in position 2057: illegal multibyte sequence&quot;">E   UnicodeDecodeError: 'cp949' codec can't decode byte 0xe2 in position 2057: illegal multibyte sequence</error></testcase><testcase classname="tests.test_budget_cost_config.TestRunOptimization" name="test_run_optimization_validates_data" time="0.000"><error message="failed on setup with &quot;UnicodeDecodeError: 'cp949' codec can't decode byte 0xe2 in position 2057: illegal multibyte sequence&quot;">E   UnicodeDecodeError: 'cp949' codec can't decode byte 0xe2 in position 2057: illegal multibyte sequence</error></testcase><testcase classname="tests.test_budget_cost_config.TestRunOptimization" name="test_run_optimization_skip_validation" time="0.000"><error message="failed on setup with &quot;UnicodeDecodeError: 'cp949' codec can't decode byte 0xe2 in position 2057: illegal multibyte sequence&quot;">E   UnicodeDecodeError: 'cp949' codec can't decode byte 0xe2 in position 2057: illegal multibyte sequence</error></testcase><testcase classname="tests.test_budget_cost_config.TestRunOptimization" name="test_run_optimization_with_custom_channels" time="0.001"><error message="failed on setup with &quot;UnicodeDecodeError: 'cp949' codec can't decode byte 0xe2 in position 2057: illegal multibyte sequence&quot;">E   UnicodeDecodeError: 'cp949' codec can't decode byte 0xe2 in position 2057: illegal multibyte sequence</error></testcase><testcase classname="tests.test_budget_cost_config.TestRunOptimization" name="test_run_optimization_warnings_returned" time="0.000"><error message="failed on setup with &quot;UnicodeDecodeError: 'cp949' codec can't decode byte 0xe2 in position 2057: illegal multibyte sequence&quot;">E   UnicodeDecodeError: 'cp949' codec can't decode byte 0xe2 in position 2057: illegal multibyte sequence</error></testcase><testcase classname="tests.test_budget_cost_config.TestRunWhatIf" name="test_run_whatif_default_sweep" time="0.001"><error message="failed on setup with &quot;UnicodeDecodeError: 'cp949' codec can't decode byte 0xe2 in position 2057: illegal multibyte sequence&quot;">E   UnicodeDecodeError: 'cp949' codec can't decode byte 0xe2 in position 2057: illegal multibyte sequence</error></testcase><testcase classname="tests.test_budget_cost_config.TestRunWhatIf" name="test_run_whatif_named_scenarios" time="0.000"><error message="failed on setup with &quot;UnicodeDecodeError: 'cp949' codec can't decode byte 0xe2 in position 2057: illegal multibyte sequence&quot;">E   UnicodeDecodeError: 'cp949' codec can't decode byte 0xe2 in position 2057: illegal multibyte sequence</error></testcase><testcase classname="tests.test_budget_cost_config.TestRunWhatIf" name="test_run_whatif_budget_sweep" time="0.001"><error message="failed on setup with &quot;UnicodeDecodeError: 'cp949' codec can't decode byte 0xe2 in position 2057: illegal multibyte sequence&quot;">E   UnicodeDecodeError: 'cp949' codec can't decode byte 0xe2 in position 2057: illegal multibyte sequence</error></testcase><testcase classname="tests.test_budget_cost_config.TestRunWhatIf" name="test_run_whatif_cost_config_returned" time="0.001"><error message="failed on setup with &quot;UnicodeDecodeError: 'cp949' codec can't decode byte 0xe2 in position 2057: illegal multibyte sequence&quot;">E   UnicodeDecodeError: 'cp949' codec can't decode byte 0xe2 in position 2057: illegal multibyte sequence</error></testcase><testcase classname="tests.test_budget_cost_config.TestRunWhatIf" name="test_run_whatif_scenarios_and_sweep" time="0.001"><error message="failed on setup with &quot;UnicodeDecodeError: 'cp949' codec can't decode byte 0xe2 in position 2057: illegal multibyte sequence&quot;">E   UnicodeDecodeError: 'cp949' codec can't decode byte 0xe2 in position 2057: illegal multibyte sequence</error></testcase><testcase classname="tests.test_budget_cost_config.TestIntegration" name="test_cost_config_channels_feed_lp" time="0.001"><error message="failed on setup with &quot;UnicodeDecodeError: 'cp949' codec can't decode byte 0xe2 in position 2057: illegal multibyte sequence&quot;">E   UnicodeDecodeError: 'cp949' codec can't decode byte 0xe2 in position 2057: illegal multibyte sequence</error></testcase><testcase classname="tests.test_budget_cost_config.TestIntegration" name="test_discount_rate_affects_npv" time="0.001"><error message="failed on setup with &quot;UnicodeDecodeError: 'cp949' codec can't decode byte 0xe2 in position 2057: illegal multibyte sequence&quot;">E   UnicodeDecodeError: 'cp949' codec can't decode byte 0xe2 in position 2057: illegal multibyte sequence</error></testcase><testcase classname="tests.test_budget_cost_config.TestIntegration" name="test_channel_roi_multiplier_affects_allocation" time="0.001"><error message="failed on setup with &quot;UnicodeDecodeError: 'cp949' codec can't decode byte 0xe2 in position 2057: illegal multibyte sequence&quot;">E   UnicodeDecodeError: 'cp949' codec can't decode byte 0xe2 in position 2057: illegal multibyte sequence</error></testcase><testcase classname="tests.test_budget_cost_config.TestIntegration" name="test_min_budget_constraint_respected" time="0.001"><error message="failed on setup with &quot;UnicodeDecodeError: 'cp949' codec can't decode byte 0xe2 in position 2057: illegal multibyte sequence&quot;">E   UnicodeDecodeError: 'cp949' codec can't decode byte 0xe2 in position 2057: illegal multibyte sequence</error></testcase><testcase classname="tests.test_budget_cost_config.TestIntegration" name="test_max_budget_constraint_respected" time="0.001"><error message="failed on setup with &quot;UnicodeDecodeError: 'cp949' codec can't decode byte 0xe2 in position 2057: illegal multibyte sequence&quot;">E   UnicodeDecodeError: 'cp949' codec can't decode byte 0xe2 in position 2057: illegal multibyte sequence</error></testcase><testcase classname="tests.test_budget_cost_config.TestIntegration" name="test_end_to_end_optimization_pipeline" time="0.001"><error message="failed on setup with &quot;UnicodeDecodeError: 'cp949' codec can't decode byte 0xe2 in position 2057: illegal multibyte sequence&quot;">E   UnicodeDecodeError: 'cp949' codec can't decode byte 0xe2 in position 2057: illegal multibyte sequence</error></testcase><testcase classname="tests.test_budget_cost_config.TestCLIEntryPoints" name="test_cli_optimize_with_args" time="0.013"><error message="failed on setup with &quot;UnicodeDecodeError: 'cp949' codec can't decode byte 0xe2 in position 2057: illegal multibyte sequence&quot;">E   UnicodeDecodeError: 'cp949' codec can't decode byte 0xe2 in position 2057: illegal multibyte sequence</error></testcase><testcase classname="tests.test_budget_cost_config.TestCLIEntryPoints" name="test_cli_whatif_with_args" time="0.002"><error message="failed on setup with &quot;UnicodeDecodeError: 'cp949' codec can't decode byte 0xe2 in position 2057: illegal multibyte sequence&quot;">E   UnicodeDecodeError: 'cp949' codec can't decode byte 0xe2 in position 2057: illegal multibyte sequence</error></testcase><testcase classname="tests.test_budget_cost_config.TestCLIEntryPoints" name="test_load_config_missing_file" time="0.000" /><testcase classname="tests.test_budget_cost_config.TestCLIEntryPoints" name="test_load_config_valid" time="0.009" /><testcase classname="tests.test_budget_cost_config.TestEdgeCases" name="test_zero_budget_run_optimization" time="0.001"><error message="failed on setup with &quot;UnicodeDecodeError: 'cp949' codec can't decode byte 0xe2 in position 2057: illegal multibyte sequence&quot;">E   UnicodeDecodeError: 'cp949' codec can't decode byte 0xe2 in position 2057: illegal multibyte sequence</error></testcase><testcase classname="tests.test_budget_cost_config.TestEdgeCases" name="test_single_customer_run_optimization" time="0.000"><error message="failed on setup with &quot;UnicodeDecodeError: 'cp949' codec can't decode byte 0xe2 in position 2057: illegal multibyte sequence&quot;">E   UnicodeDecodeError: 'cp949' codec can't decode byte 0xe2 in position 2057: illegal multibyte sequence</error></testcase><testcase classname="tests.test_budget_cost_config.TestEdgeCases" name="test_all_sleeping_dogs_run_optimization" time="0.000"><error message="failed on setup with &quot;UnicodeDecodeError: 'cp949' codec can't decode byte 0xe2 in position 2057: illegal multibyte sequence&quot;">E   UnicodeDecodeError: 'cp949' codec can't decode byte 0xe2 in position 2057: illegal multibyte sequence</error></testcase><testcase classname="tests.test_budget_cost_config.TestEdgeCases" name="test_config_without_optimization_section" time="0.008" /><testcase classname="tests.test_budget_lp_solver.TestLPObjectiveFunction" name="test_sleeping_dogs_get_zero_allocation" time="0.001"><error message="failed on setup with &quot;UnicodeDecodeError: 'cp949' codec can't decode byte 0xe2 in position 2057: illegal multibyte sequence&quot;">E   UnicodeDecodeError: 'cp949' codec can't decode byte 0xe2 in position 2057: illegal multibyte sequence</error></testcase><testcase classname="tests.test_budget_lp_solver.TestLPObjectiveFunction" name="test_highest_priority_gets_most" time="0.000"><error message="failed on setup with &quot;UnicodeDecodeError: 'cp949' codec can't decode byte 0xe2 in position 2057: illegal multibyte sequence&quot;">E   UnicodeDecodeError: 'cp949' codec can't decode byte 0xe2 in position 2057: illegal multibyte sequence</error></testcase><testcase classname="tests.test_budget_lp_solver.TestLPObjectiveFunction" name="test_objective_value_positive" time="0.000"><error message="failed on setup with &quot;UnicodeDecodeError: 'cp949' codec can't decode byte 0xe2 in position 2057: illegal multibyte sequence&quot;">E   UnicodeDecodeError: 'cp949' codec can't decode byte 0xe2 in position 2057: illegal multibyte sequence</error></testcase><testcase classname="tests.test_budget_lp_solver.TestLPObjectiveFunction" name="test_lp_maximizes_value" time="0.000"><error message="failed on setup with &quot;UnicodeDecodeError: 'cp949' codec can't decode byte 0xe2 in position 2057: illegal multibyte sequence&quot;">E   UnicodeDecodeError: 'cp949' codec can't decode byte 0xe2 in position 2057: illegal multibyte sequence</error></testcase><testcase classname="tests.test_budget_lp_solver.TestLPConstraints" name="test_budget_constraint_tight" time="0.000"><error message="failed on setup with &quot;UnicodeDecodeError: 'cp949' codec can't decode byte 0xe2 in position 2057: illegal multibyte sequence&quot;">E   UnicodeDecodeError: 'cp949' codec can't decode byte 0xe2 in position 2057: illegal multibyte sequence</error></testcase><testcase classname="tests.test_budget_lp_solver.TestLPConstraints" name="test_per_customer_upper_bound" time="0.000"><error message="failed on setup with &quot;UnicodeDecodeError: 'cp949' codec can't decode byte 0xe2 in position 2057: illegal multibyte sequence&quot;">E   UnicodeDecodeError: 'cp949' codec can't decode byte 0xe2 in position 2057: illegal multibyte sequence</error></testcase><testcase classname="tests.test_budget_lp_solver.TestLPConstraints" name="test_non_negative_allocations" time="0.000"><error message="failed on setup with &quot;UnicodeDecodeError: 'cp949' codec can't decode byte 0xe2 in position 2057: illegal multibyte sequence&quot;">E   UnicodeDecodeError: 'cp949' codec can't decode byte 0xe2 in position 2057: illegal multibyte sequence</error></testcase><testcase classname="tests.test_budget_lp_solver.TestLPConstraints" name="test_budget_constraint_exact" time="0.000"><error message="failed on setup with &quot;UnicodeDecodeError: 'cp949' codec can't decode byte 0xe2 in position 2057: illegal multibyte sequence&quot;">E   UnicodeDecodeError: 'cp949' codec can't decode byte 0xe2 in position 2057: illegal multibyte sequence</error></testcase><testcase classname="tests.test_budget_lp_solver.TestLinprogIntegration" name="test_lp_diagnostics_available" time="0.000"><error message="failed on setup with &quot;UnicodeDecodeError: 'cp949' codec can't decode byte 0xe2 in position 2057: illegal multibyte sequence&quot;">E   UnicodeDecodeError: 'cp949' codec can't decode byte 0xe2 in position 2057: illegal multibyte sequence</error></testcase><testcase classname="tests.test_budget_lp_solver.TestLinprogIntegration" name="test_lp_solver_succeeds" time="0.000"><error message="failed on setup with &quot;UnicodeDecodeError: 'cp949' codec can't decode byte 0xe2 in position 2057: illegal multibyte sequence&quot;">E   UnicodeDecodeError: 'cp949' codec can't decode byte 0xe2 in position 2057: illegal multibyte sequence</error></testcase><testcase classname="tests.test_budget_lp_solver.TestLinprogIntegration" name="test_lp_objective_positive" time="0.000"><error message="failed on setup with &quot;UnicodeDecodeError: 'cp949' codec can't decode byte 0xe2 in position 2057: illegal multibyte sequence&quot;">E   UnicodeDecodeError: 'cp949' codec can't decode byte 0xe2 in position 2057: illegal multibyte sequence</error></testcase><testcase classname="tests.test_budget_lp_solver.TestLinprogIntegration" name="test_lp_uses_highs_method" time="0.000"><error message="failed on setup with &quot;UnicodeDecodeError: 'cp949' codec can't decode byte 0xe2 in position 2057: illegal multibyte sequence&quot;">E   UnicodeDecodeError: 'cp949' codec can't decode byte 0xe2 in position 2057: illegal multibyte sequence</error></testcase><testcase classname="tests.test_budget_lp_solver.TestLinprogIntegration" name="test_lp_result_stored" time="0.001"><error message="failed on setup with &quot;UnicodeDecodeError: 'cp949' codec can't decode byte 0xe2 in position 2057: illegal multibyte sequence&quot;">E   UnicodeDecodeError: 'cp949' codec can't decode byte 0xe2 in position 2057: illegal multibyte sequence</error></testcase><testcase classname="tests.test_budget_lp_solver.TestMultiChannelLP" name="test_multi_channel_basic" time="0.000"><error message="failed on setup with &quot;UnicodeDecodeError: 'cp949' codec can't decode byte 0xe2 in position 2057: illegal multibyte sequence&quot;">E   UnicodeDecodeError: 'cp949' codec can't decode byte 0xe2 in position 2057: illegal multibyte sequence</error></testcase><testcase classname="tests.test_budget_lp_solver.TestMultiChannelLP" name="test_multi_channel_budget_constraint" time="0.000"><error message="failed on setup with &quot;UnicodeDecodeError: 'cp949' codec can't decode byte 0xe2 in position 2057: illegal multibyte sequence&quot;">E   UnicodeDecodeError: 'cp949' codec can't decode byte 0xe2 in position 2057: illegal multibyte sequence</error></testcase><testcase classname="tests.test_budget_lp_solver.TestMultiChannelLP" name="test_multi_channel_per_channel_cap" time="0.000"><error message="failed on setup with &quot;UnicodeDecodeError: 'cp949' codec can't decode byte 0xe2 in position 2057: illegal multibyte sequence&quot;">E   UnicodeDecodeError: 'cp949' codec can't decode byte 0xe2 in position 2057: illegal multibyte sequence</error></testcase><testcase classname="tests.test_budget_lp_solver.TestMultiChannelLP" name="test_multi_channel_non_negative" time="0.000"><error message="failed on setup with &quot;UnicodeDecodeError: 'cp949' codec can't decode byte 0xe2 in position 2057: illegal multibyte sequence&quot;">E   UnicodeDecodeError: 'cp949' codec can't decode byte 0xe2 in position 2057: illegal multibyte sequence</error></testcase><testcase classname="tests.test_budget_lp_solver.TestMultiChannelLP" name="test_multi_channel_total_equals_sum" time="0.000"><error message="failed on setup with &quot;UnicodeDecodeError: 'cp949' codec can't decode byte 0xe2 in position 2057: illegal multibyte sequence&quot;">E   UnicodeDecodeError: 'cp949' codec can't decode byte 0xe2 in position 2057: illegal multibyte sequence</error></testcase><testcase classname="tests.test_budget_lp_solver.TestMultiChannelLP" name="test_multi_channel_zero_budget" time="0.000"><error message="failed on setup with &quot;UnicodeDecodeError: 'cp949' codec can't decode byte 0xe2 in position 2057: illegal multibyte sequence&quot;">E   UnicodeDecodeError: 'cp949' codec can't decode byte 0xe2 in position 2057: illegal multibyte sequence</error></testcase><testcase classname="tests.test_budget_lp_solver.TestMultiChannelLP" name="test_multi_channel_empty_channels" time="0.000"><error message="failed on setup with &quot;UnicodeDecodeError: 'cp949' codec can't decode byte 0xe2 in position 2057: illegal multibyte sequence&quot;">E   UnicodeDecodeError: 'cp949' codec can't decode byte 0xe2 in position 2057: illegal multibyte sequence</error></testcase><testcase classname="tests.test_budget_lp_solver.TestLPEdgeCases" name="test_single_customer" time="0.000"><error message="failed on setup with &quot;UnicodeDecodeError: 'cp949' codec can't decode byte 0xe2 in position 2057: illegal multibyte sequence&quot;">E   UnicodeDecodeError: 'cp949' codec can't decode byte 0xe2 in position 2057: illegal multibyte sequence</error></testcase><testcase classname="tests.test_budget_lp_solver.TestLPEdgeCases" name="test_all_sleeping_dogs" time="0.001"><error message="failed on setup with &quot;UnicodeDecodeError: 'cp949' codec can't decode byte 0xe2 in position 2057: illegal multibyte sequence&quot;">E   UnicodeDecodeError: 'cp949' codec can't decode byte 0xe2 in position 2057: illegal multibyte sequence</error></testcase><testcase classname="tests.test_budget_lp_solver.TestLPEdgeCases" name="test_very_large_n" time="0.000"><error message="failed on setup with &quot;UnicodeDecodeError: 'cp949' codec can't decode byte 0xe2 in position 2057: illegal multibyte sequence&quot;">E   UnicodeDecodeError: 'cp949' codec can't decode byte 0xe2 in position 2057: illegal multibyte sequence</error></testcase><testcase classname="tests.test_budget_lp_solver.TestLPEdgeCases" name="test_zero_clv_customers" time="0.000"><error message="failed on setup with &quot;UnicodeDecodeError: 'cp949' codec can't decode byte 0xe2 in position 2057: illegal multibyte sequence&quot;">E   UnicodeDecodeError: 'cp949' codec can't decode byte 0xe2 in position 2057: illegal multibyte sequence</error></testcase><testcase classname="tests.test_budget_lp_solver.TestLPEdgeCases" name="test_zero_churn_customers" time="0.000"><error message="failed on setup with &quot;UnicodeDecodeError: 'cp949' codec can't decode byte 0xe2 in position 2057: illegal multibyte sequence&quot;">E   UnicodeDecodeError: 'cp949' codec can't decode byte 0xe2 in position 2057: illegal multibyte sequence</error></testcase><testcase classname="tests.test_budget_lp_solver.TestLPEdgeCases" name="test_equal_priority_uses_full_budget" time="0.000"><error message="failed on setup with &quot;UnicodeDecodeError: 'cp949' codec can't decode byte 0xe2 in position 2057: illegal multibyte sequence&quot;">E   UnicodeDecodeError: 'cp949' codec can't decode byte 0xe2 in position 2057: illegal multibyte sequence</error></testcase><testcase classname="tests.test_budget_lp_solver.TestBudgetMonotonicity" name="test_total_allocation_monotone_in_budget" time="0.000"><error message="failed on setup with &quot;UnicodeDecodeError: 'cp949' codec can't decode byte 0xe2 in position 2057: illegal multibyte sequence&quot;">E   UnicodeDecodeError: 'cp949' codec can't decode byte 0xe2 in position 2057: illegal multibyte sequence</error></testcase><testcase classname="tests.test_budget_lp_solver.TestBudgetMonotonicity" name="test_roi_monotone_in_budget" time="0.000"><error message="failed on setup with &quot;UnicodeDecodeError: 'cp949' codec can't decode byte 0xe2 in position 2057: illegal multibyte sequence&quot;">E   UnicodeDecodeError: 'cp949' codec can't decode byte 0xe2 in position 2057: illegal multibyte sequence</error></testcase><testcase classname="tests.test_budget_optimization.TestBudgetOptimizerInit" name="test_creates_from_config" time="0.000"><error message="failed on setup with &quot;UnicodeDecodeError: 'cp949' codec can't decode byte 0xe2 in position 2057: illegal multibyte sequence&quot;">E   UnicodeDecodeError: 'cp949' codec can't decode byte 0xe2 in position 2057: illegal multibyte sequence</error></testcase><testcase classname="tests.test_budget_optimization.TestBudgetOptimizerInit" name="test_reads_total_budget" time="0.000"><error message="failed on setup with &quot;UnicodeDecodeError: 'cp949' codec can't decode byte 0xe2 in position 2057: illegal multibyte sequence&quot;">E   UnicodeDecodeError: 'cp949' codec can't decode byte 0xe2 in position 2057: illegal multibyte sequence</error></testcase><testcase classname="tests.test_budget_optimization.TestBudgetOptimizerInit" name="test_reads_seed" time="0.000"><error message="failed on setup with &quot;UnicodeDecodeError: 'cp949' codec can't decode byte 0xe2 in position 2057: illegal multibyte sequence&quot;">E   UnicodeDecodeError: 'cp949' codec can't decode byte 0xe2 in position 2057: illegal multibyte sequence</error></testcase><testcase classname="tests.test_budget_optimization.TestBudgetOptimizerInit" name="test_last_result_initially_none" time="0.000"><error message="failed on setup with &quot;UnicodeDecodeError: 'cp949' codec can't decode byte 0xe2 in position 2057: illegal multibyte sequence&quot;">E   UnicodeDecodeError: 'cp949' codec can't decode byte 0xe2 in position 2057: illegal multibyte sequence</error></testcase><testcase classname="tests.test_budget_optimization.TestBudgetOptimizerInit" name="test_minimal_config" time="3.087" /><testcase classname="tests.test_budget_optimization.TestOptimize" name="test_returns_dataframe" time="0.000"><error message="failed on setup with &quot;UnicodeDecodeError: 'cp949' codec can't decode byte 0xe2 in position 2057: illegal multibyte sequence&quot;">E   UnicodeDecodeError: 'cp949' codec can't decode byte 0xe2 in position 2057: illegal multibyte sequence</error></testcase><testcase classname="tests.test_budget_optimization.TestOptimize" name="test_output_columns" time="0.000"><error message="failed on setup with &quot;UnicodeDecodeError: 'cp949' codec can't decode byte 0xe2 in position 2057: illegal multibyte sequence&quot;">E   UnicodeDecodeError: 'cp949' codec can't decode byte 0xe2 in position 2057: illegal multibyte sequence</error></testcase><testcase classname="tests.test_budget_optimization.TestOptimize" name="test_all_customers_present" time="0.000"><error message="failed on setup with &quot;UnicodeDecodeError: 'cp949' codec can't decode byte 0xe2 in position 2057: illegal multibyte sequence&quot;">E   UnicodeDecodeError: 'cp949' codec can't decode byte 0xe2 in position 2057: illegal multibyte sequence</error></testcase><testcase classname="tests.test_budget_optimization.TestOptimize" name="test_budget_constraint" time="0.000"><error message="failed on setup with &quot;UnicodeDecodeError: 'cp949' codec can't decode byte 0xe2 in position 2057: illegal multibyte sequence&quot;">E   UnicodeDecodeError: 'cp949' codec can't decode byte 0xe2 in position 2057: illegal multibyte sequence</error></testcase><testcase classname="tests.test_budget_optimization.TestOptimize" name="test_non_negative_allocations" time="0.000"><error message="failed on setup with &quot;UnicodeDecodeError: 'cp949' codec can't decode byte 0xe2 in position 2057: illegal multibyte sequence&quot;">E   UnicodeDecodeError: 'cp949' codec can't decode byte 0xe2 in position 2057: illegal multibyte sequence</error></testcase><testcase classname="tests.test_budget_optimization.TestOptimize" name="test_no_nan" time="0.000"><error message="failed on setup with &quot;UnicodeDecodeError: 'cp949' codec can't decode byte 0xe2 in position 2057: illegal multibyte sequence&quot;">E   UnicodeDecodeError: 'cp949' codec can't decode byte 0xe2 in position 2057: illegal multibyte sequence</error></testcase><testcase classname="tests.test_budget_optimization.TestOptimize" name="test_zero_budget" time="0.000"><error message="failed on setup with &quot;UnicodeDecodeError: 'cp949' codec can't decode byte 0xe2 in position 2057: illegal multibyte sequence&quot;">E   UnicodeDecodeError: 'cp949' codec can't decode byte 0xe2 in position 2057: illegal multibyte sequence</error></testcase><testcase classname="tests.test_budget_optimization.TestOptimize" name="test_uses_default_budget" time="0.000"><error message="failed on setup with &quot;UnicodeDecodeError: 'cp949' codec can't decode byte 0xe2 in position 2057: illegal multibyte sequence&quot;">E   UnicodeDecodeError: 'cp949' codec can't decode byte 0xe2 in position 2057: illegal multibyte sequence</error></testcase><testcase classname="tests.test_budget_optimization.TestOptimize" name="test_stores_last_result" time="0.000"><error message="failed on setup with &quot;UnicodeDecodeError: 'cp949' codec can't decode byte 0xe2 in position 2057: illegal multibyte sequence&quot;">E   UnicodeDecodeError: 'cp949' codec can't decode byte 0xe2 in position 2057: illegal multibyte sequence</error></testcase><testcase classname="tests.test_budget_optimization.TestOptimize" name="test_sleeping_dogs_get_zero" time="0.000"><error message="failed on setup with &quot;UnicodeDecodeError: 'cp949' codec can't decode byte 0xe2 in position 2057: illegal multibyte sequence&quot;">E   UnicodeDecodeError: 'cp949' codec can't decode byte 0xe2 in position 2057: illegal multibyte sequence</error></testcase><testcase classname="tests.test_budget_optimization.TestOptimize" name="test_positive_uplift_prioritized" time="0.000"><error message="failed on setup with &quot;UnicodeDecodeError: 'cp949' codec can't decode byte 0xe2 in position 2057: illegal multibyte sequence&quot;">E   UnicodeDecodeError: 'cp949' codec can't decode byte 0xe2 in position 2057: illegal multibyte sequence</error></testcase><testcase classname="tests.test_budget_optimization.TestOptimize" name="test_higher_budget_more_allocation" time="0.000"><error message="failed on setup with &quot;UnicodeDecodeError: 'cp949' codec can't decode byte 0xe2 in position 2057: illegal multibyte sequence&quot;">E   UnicodeDecodeError: 'cp949' codec can't decode byte 0xe2 in position 2057: illegal multibyte sequence</error></testcase><testcase classname="tests.test_budget_optimization.TestAllocateAlias" name="test_allocate_matches_optimize" time="0.000"><error message="failed on setup with &quot;UnicodeDecodeError: 'cp949' codec can't decode byte 0xe2 in position 2057: illegal multibyte sequence&quot;">E   UnicodeDecodeError: 'cp949' codec can't decode byte 0xe2 in position 2057: illegal multibyte sequence</error></testcase><testcase classname="tests.test_budget_optimization.TestComputeROI" name="test_returns_float" time="0.000"><error message="failed on setup with &quot;UnicodeDecodeError: 'cp949' codec can't decode byte 0xe2 in position 2057: illegal multibyte sequence&quot;">E   UnicodeDecodeError: 'cp949' codec can't decode byte 0xe2 in position 2057: illegal multibyte sequence</error></testcase><testcase classname="tests.test_budget_optimization.TestComputeROI" name="test_positive_for_valid_data" time="0.000"><error message="failed on setup with &quot;UnicodeDecodeError: 'cp949' codec can't decode byte 0xe2 in position 2057: illegal multibyte sequence&quot;">E   UnicodeDecodeError: 'cp949' codec can't decode byte 0xe2 in position 2057: illegal multibyte sequence</error></testcase><testcase classname="tests.test_budget_optimization.TestComputeROI" name="test_zero_allocation_zero_roi" time="0.000"><error message="failed on setup with &quot;UnicodeDecodeError: 'cp949' codec can't decode byte 0xe2 in position 2057: illegal multibyte sequence&quot;">E   UnicodeDecodeError: 'cp949' codec can't decode byte 0xe2 in position 2057: illegal multibyte sequence</error></testcase><testcase classname="tests.test_budget_optimization.TestComputeROI" name="test_monotone_in_budget" time="0.000"><error message="failed on setup with &quot;UnicodeDecodeError: 'cp949' codec can't decode byte 0xe2 in position 2057: illegal multibyte sequence&quot;">E   UnicodeDecodeError: 'cp949' codec can't decode byte 0xe2 in position 2057: illegal multibyte sequence</error></testcase><testcase classname="tests.test_budget_optimization.TestComputeROI" name="test_enrich_allocation_metrics_adds_dashboard_fields" time="0.000"><error message="failed on setup with &quot;UnicodeDecodeError: 'cp949' codec can't decode byte 0xe2 in position 2057: illegal multibyte sequence&quot;">E   UnicodeDecodeError: 'cp949' codec can't decode byte 0xe2 in position 2057: illegal multibyte sequence</error></testcase><testcase classname="tests.test_budget_optimization.TestBudgetSweepDefaults" name="test_default_budget_sweep_uses_50_100_200_pct" time="0.000"><error message="failed on setup with &quot;UnicodeDecodeError: 'cp949' codec can't decode byte 0xe2 in position 2057: illegal multibyte sequence&quot;">E   UnicodeDecodeError: 'cp949' codec can't decode byte 0xe2 in position 2057: illegal multibyte sequence</error></testcase><testcase classname="tests.test_budget_optimization.TestMultiChannel" name="test_basic_structure" time="0.000"><error message="failed on setup with &quot;UnicodeDecodeError: 'cp949' codec can't decode byte 0xe2 in position 2057: illegal multibyte sequence&quot;">E   UnicodeDecodeError: 'cp949' codec can't decode byte 0xe2 in position 2057: illegal multibyte sequence</error></testcase><testcase classname="tests.test_budget_optimization.TestMultiChannel" name="test_budget_constraint" time="0.000"><error message="failed on setup with &quot;UnicodeDecodeError: 'cp949' codec can't decode byte 0xe2 in position 2057: illegal multibyte sequence&quot;">E   UnicodeDecodeError: 'cp949' codec can't decode byte 0xe2 in position 2057: illegal multibyte sequence</error></testcase><testcase classname="tests.test_budget_optimization.TestMultiChannel" name="test_channel_budgets_respected" time="0.000"><error message="failed on setup with &quot;UnicodeDecodeError: 'cp949' codec can't decode byte 0xe2 in position 2057: illegal multibyte sequence&quot;">E   UnicodeDecodeError: 'cp949' codec can't decode byte 0xe2 in position 2057: illegal multibyte sequence</error></testcase><testcase classname="tests.test_budget_optimization.TestMultiChannel" name="test_total_equals_channel_sum" time="0.000"><error message="failed on setup with &quot;UnicodeDecodeError: 'cp949' codec can't decode byte 0xe2 in position 2057: illegal multibyte sequence&quot;">E   UnicodeDecodeError: 'cp949' codec can't decode byte 0xe2 in position 2057: illegal multibyte sequence</error></testcase><testcase classname="tests.test_budget_optimization.TestMultiChannel" name="test_non_negative" time="0.001"><error message="failed on setup with &quot;UnicodeDecodeError: 'cp949' codec can't decode byte 0xe2 in position 2057: illegal multibyte sequence&quot;">E   UnicodeDecodeError: 'cp949' codec can't decode byte 0xe2 in position 2057: illegal multibyte sequence</error></testcase><testcase classname="tests.test_budget_optimization.TestMultiChannel" name="test_zero_budget" time="0.000"><error message="failed on setup with &quot;UnicodeDecodeError: 'cp949' codec can't decode byte 0xe2 in position 2057: illegal multibyte sequence&quot;">E   UnicodeDecodeError: 'cp949' codec can't decode byte 0xe2 in position 2057: illegal multibyte sequence</error></testcase><testcase classname="tests.test_budget_optimization.TestMultiChannel" name="test_empty_channels" time="0.000"><error message="failed on setup with &quot;UnicodeDecodeError: 'cp949' codec can't decode byte 0xe2 in position 2057: illegal multibyte sequence&quot;">E   UnicodeDecodeError: 'cp949' codec can't decode byte 0xe2 in position 2057: illegal multibyte sequence</error></testcase><testcase classname="tests.test_budget_optimization.TestSimulateScenario" name="test_returns_dict_with_required_keys" time="0.000"><error message="failed on setup with &quot;UnicodeDecodeError: 'cp949' codec can't decode byte 0xe2 in position 2057: illegal multibyte sequence&quot;">E   UnicodeDecodeError: 'cp949' codec can't decode byte 0xe2 in position 2057: illegal multibyte sequence</error></testcase><testcase classname="tests.test_budget_optimization.TestSimulateScenario" name="test_scenario_name_preserved" time="0.000"><error message="failed on setup with &quot;UnicodeDecodeError: 'cp949' codec can't decode byte 0xe2 in position 2057: illegal multibyte sequence&quot;">E   UnicodeDecodeError: 'cp949' codec can't decode byte 0xe2 in position 2057: illegal multibyte sequence</error></testcase><testcase classname="tests.test_budget_optimization.TestSimulateScenario" name="test_cost_multiplier_reduces_value" time="0.001"><error message="failed on setup with &quot;UnicodeDecodeError: 'cp949' codec can't decode byte 0xe2 in position 2057: illegal multibyte sequence&quot;">E   UnicodeDecodeError: 'cp949' codec can't decode byte 0xe2 in position 2057: illegal multibyte sequence</error></testcase><testcase classname="tests.test_budget_optimization.TestSimulateScenario" name="test_zero_uplift_zero_value" time="0.000"><error message="failed on setup with &quot;UnicodeDecodeError: 'cp949' codec can't decode byte 0xe2 in position 2057: illegal multibyte sequence&quot;">E   UnicodeDecodeError: 'cp949' codec can't decode byte 0xe2 in position 2057: illegal multibyte sequence</error></testcase><testcase classname="tests.test_budget_optimization.TestSimulateScenario" name="test_budget_constraint_respected" time="0.000"><error message="failed on setup with &quot;UnicodeDecodeError: 'cp949' codec can't decode byte 0xe2 in position 2057: illegal multibyte sequence&quot;">E   UnicodeDecodeError: 'cp949' codec can't decode byte 0xe2 in position 2057: illegal multibyte sequence</error></testcase><testcase classname="tests.test_budget_optimization.TestVaryParameter" name="test_returns_dataframe" time="0.000"><error message="failed on setup with &quot;UnicodeDecodeError: 'cp949' codec can't decode byte 0xe2 in position 2057: illegal multibyte sequence&quot;">E   UnicodeDecodeError: 'cp949' codec can't decode byte 0xe2 in position 2057: illegal multibyte sequence</error></testcase><testcase classname="tests.test_budget_optimization.TestVaryParameter" name="test_correct_row_count" time="0.000"><error message="failed on setup with &quot;UnicodeDecodeError: 'cp949' codec can't decode byte 0xe2 in position 2057: illegal multibyte sequence&quot;">E   UnicodeDecodeError: 'cp949' codec can't decode byte 0xe2 in position 2057: illegal multibyte sequence</error></testcase><testcase classname="tests.test_budget_optimization.TestVaryParameter" name="test_has_expected_columns" time="0.000"><error message="failed on setup with &quot;UnicodeDecodeError: 'cp949' codec can't decode byte 0xe2 in position 2057: illegal multibyte sequence&quot;">E   UnicodeDecodeError: 'cp949' codec can't decode byte 0xe2 in position 2057: illegal multibyte sequence</error></testcase><testcase classname="tests.test_budget_optimization.TestVaryParameter" name="test_invalid_parameter_raises" time="0.000"><error message="failed on setup with &quot;UnicodeDecodeError: 'cp949' codec can't decode byte 0xe2 in position 2057: illegal multibyte sequence&quot;">E   UnicodeDecodeError: 'cp949' codec can't decode byte 0xe2 in position 2057: illegal multibyte sequence</error></testcase><testcase classname="tests.test_budget_optimization.TestVaryParameter" name="test_cost_multiplier_sweep" time="0.000"><error message="failed on setup with &quot;UnicodeDecodeError: 'cp949' codec can't decode byte 0xe2 in position 2057: illegal multibyte sequence&quot;">E   UnicodeDecodeError: 'cp949' codec can't decode byte 0xe2 in position 2057: illegal multibyte sequence</error></testcase><testcase classname="tests.test_budget_optimization.TestCompareStrategies" name="test_returns_three_strategies" time="0.000"><error message="failed on setup with &quot;UnicodeDecodeError: 'cp949' codec can't decode byte 0xe2 in position 2057: illegal multibyte sequence&quot;">E   UnicodeDecodeError: 'cp949' codec can't decode byte 0xe2 in position 2057: illegal multibyte sequence</error></testcase><testcase classname="tests.test_budget_optimization.TestCompareStrategies" name="test_all_non_negative" time="0.000"><error message="failed on setup with &quot;UnicodeDecodeError: 'cp949' codec can't decode byte 0xe2 in position 2057: illegal multibyte sequence&quot;">E   UnicodeDecodeError: 'cp949' codec can't decode byte 0xe2 in position 2057: illegal multibyte sequence</error></testcase><testcase classname="tests.test_budget_optimization.TestCompareStrategies" name="test_budget_respected" time="0.000"><error message="failed on setup with &quot;UnicodeDecodeError: 'cp949' codec can't decode byte 0xe2 in position 2057: illegal multibyte sequence&quot;">E   UnicodeDecodeError: 'cp949' codec can't decode byte 0xe2 in position 2057: illegal multibyte sequence</error></testcase><testcase classname="tests.test_budget_optimization.TestCompareStrategies" name="test_strategies_produce_positive_retained_value" time="0.000"><error message="failed on setup with &quot;UnicodeDecodeError: 'cp949' codec can't decode byte 0xe2 in position 2057: illegal multibyte sequence&quot;">E   UnicodeDecodeError: 'cp949' codec can't decode byte 0xe2 in position 2057: illegal multibyte sequence</error></testcase><testcase classname="tests.test_budget_optimization.TestCompareBudgetScenarios" name="test_returns_dataframe" time="0.000"><error message="failed on setup with &quot;UnicodeDecodeError: 'cp949' codec can't decode byte 0xe2 in position 2057: illegal multibyte sequence&quot;">E   UnicodeDecodeError: 'cp949' codec can't decode byte 0xe2 in position 2057: illegal multibyte sequence</error></testcase><testcase classname="tests.test_budget_optimization.TestCompareBudgetScenarios" name="test_scenario_names" time="0.000"><error message="failed on setup with &quot;UnicodeDecodeError: 'cp949' codec can't decode byte 0xe2 in position 2057: illegal multibyte sequence&quot;">E   UnicodeDecodeError: 'cp949' codec can't decode byte 0xe2 in position 2057: illegal multibyte sequence</error></testcase><testcase classname="tests.test_budget_optimization.TestCompareBudgetScenarios" name="test_auto_names" time="0.000"><error message="failed on setup with &quot;UnicodeDecodeError: 'cp949' codec can't decode byte 0xe2 in position 2057: illegal multibyte sequence&quot;">E   UnicodeDecodeError: 'cp949' codec can't decode byte 0xe2 in position 2057: illegal multibyte sequence</error></testcase><testcase classname="tests.test_budget_optimization.TestLPDiagnostics" name="test_none_before_optimization" time="0.000"><error message="failed on setup with &quot;UnicodeDecodeError: 'cp949' codec can't decode byte 0xe2 in position 2057: illegal multibyte sequence&quot;">E   UnicodeDecodeError: 'cp949' codec can't decode byte 0xe2 in position 2057: illegal multibyte sequence</error></testcase><testcase classname="tests.test_budget_optimization.TestLPDiagnostics" name="test_available_after_optimization" time="0.000"><error message="failed on setup with &quot;UnicodeDecodeError: 'cp949' codec can't decode byte 0xe2 in position 2057: illegal multibyte sequence&quot;">E   UnicodeDecodeError: 'cp949' codec can't decode byte 0xe2 in position 2057: illegal multibyte sequence</error></testcase><testcase classname="tests.test_budget_optimization.TestLPDiagnostics" name="test_has_required_keys" time="0.000"><error message="failed on setup with &quot;UnicodeDecodeError: 'cp949' codec can't decode byte 0xe2 in position 2057: illegal multibyte sequence&quot;">E   UnicodeDecodeError: 'cp949' codec can't decode byte 0xe2 in position 2057: illegal multibyte sequence</error></testcase><testcase classname="tests.test_budget_optimization.TestLPDiagnostics" name="test_solver_succeeds" time="0.000"><error message="failed on setup with &quot;UnicodeDecodeError: 'cp949' codec can't decode byte 0xe2 in position 2057: illegal multibyte sequence&quot;">E   UnicodeDecodeError: 'cp949' codec can't decode byte 0xe2 in position 2057: illegal multibyte sequence</error></testcase><testcase classname="tests.test_budget_optimization.TestLPDiagnostics" name="test_positive_objective" time="0.000"><error message="failed on setup with &quot;UnicodeDecodeError: 'cp949' codec can't decode byte 0xe2 in position 2057: illegal multibyte sequence&quot;">E   UnicodeDecodeError: 'cp949' codec can't decode byte 0xe2 in position 2057: illegal multibyte sequence</error></testcase><testcase classname="tests.test_budget_optimization.TestPersistence" name="test_save_creates_files" time="0.000"><error message="failed on setup with &quot;UnicodeDecodeError: 'cp949' codec can't decode byte 0xe2 in position 2057: illegal multibyte sequence&quot;">E   UnicodeDecodeError: 'cp949' codec can't decode byte 0xe2 in position 2057: illegal multibyte sequence</error></testcase><testcase classname="tests.test_budget_optimization.TestPersistence" name="test_load_roundtrip" time="0.000"><error message="failed on setup with &quot;UnicodeDecodeError: 'cp949' codec can't decode byte 0xe2 in position 2057: illegal multibyte sequence&quot;">E   UnicodeDecodeError: 'cp949' codec can't decode byte 0xe2 in position 2057: illegal multibyte sequence</error></testcase><testcase classname="tests.test_budget_optimization.TestPersistence" name="test_loaded_budget_matches" time="0.000"><error message="failed on setup with &quot;UnicodeDecodeError: 'cp949' codec can't decode byte 0xe2 in position 2057: illegal multibyte sequence&quot;">E   UnicodeDecodeError: 'cp949' codec can't decode byte 0xe2 in position 2057: illegal multibyte sequence</error></testcase><testcase classname="tests.test_budget_optimization.TestReproducibility" name="test_same_seed_same_allocation" time="0.000"><error message="failed on setup with &quot;UnicodeDecodeError: 'cp949' codec can't decode byte 0xe2 in position 2057: illegal multibyte sequence&quot;">E   UnicodeDecodeError: 'cp949' codec can't decode byte 0xe2 in position 2057: illegal multibyte sequence</error></testcase><testcase classname="tests.test_budget_optimization.TestReproducibility" name="test_same_seed_same_scenario" time="0.000"><error message="failed on setup with &quot;UnicodeDecodeError: 'cp949' codec can't decode byte 0xe2 in position 2057: illegal multibyte sequence&quot;">E   UnicodeDecodeError: 'cp949' codec can't decode byte 0xe2 in position 2057: illegal multibyte sequence</error></testcase><testcase classname="tests.test_budget_optimization.TestEdgeCases" name="test_single_customer" time="0.000"><error message="failed on setup with &quot;UnicodeDecodeError: 'cp949' codec can't decode byte 0xe2 in position 2057: illegal multibyte sequence&quot;">E   UnicodeDecodeError: 'cp949' codec can't decode byte 0xe2 in position 2057: illegal multibyte sequence</error></testcase><testcase classname="tests.test_budget_optimization.TestEdgeCases" name="test_all_sleeping_dogs" time="0.000"><error message="failed on setup with &quot;UnicodeDecodeError: 'cp949' codec can't decode byte 0xe2 in position 2057: illegal multibyte sequence&quot;">E   UnicodeDecodeError: 'cp949' codec can't decode byte 0xe2 in position 2057: illegal multibyte sequence</error></testcase><testcase classname="tests.test_budget_optimization.TestEdgeCases" name="test_zero_clv" time="0.000"><error message="failed on setup with &quot;UnicodeDecodeError: 'cp949' codec can't decode byte 0xe2 in position 2057: illegal multibyte sequence&quot;">E   UnicodeDecodeError: 'cp949' codec can't decode byte 0xe2 in position 2057: illegal multibyte sequence</error></testcase><testcase classname="tests.test_budget_optimization.TestEdgeCases" name="test_zero_churn" time="0.000"><error message="failed on setup with &quot;UnicodeDecodeError: 'cp949' codec can't decode byte 0xe2 in position 2057: illegal multibyte sequence&quot;">E   UnicodeDecodeError: 'cp949' codec can't decode byte 0xe2 in position 2057: illegal multibyte sequence</error></testcase><testcase classname="tests.test_budget_optimization.TestEdgeCases" name="test_empty_dataframe" time="0.000"><error message="failed on setup with &quot;UnicodeDecodeError: 'cp949' codec can't decode byte 0xe2 in position 2057: illegal multibyte sequence&quot;">E   UnicodeDecodeError: 'cp949' codec can't decode byte 0xe2 in position 2057: illegal multibyte sequence</error></testcase><testcase classname="tests.test_budget_optimization.TestEdgeCases" name="test_negative_budget_allocates_nothing" time="0.000"><error message="failed on setup with &quot;UnicodeDecodeError: 'cp949' codec can't decode byte 0xe2 in position 2057: illegal multibyte sequence&quot;">E   UnicodeDecodeError: 'cp949' codec can't decode byte 0xe2 in position 2057: illegal multibyte sequence</error></testcase><testcase classname="tests.test_budget_optimization.TestEdgeCases" name="test_large_customer_count" time="0.000"><error message="failed on setup with &quot;UnicodeDecodeError: 'cp949' codec can't decode byte 0xe2 in position 2057: illegal multibyte sequence&quot;">E   UnicodeDecodeError: 'cp949' codec can't decode byte 0xe2 in position 2057: illegal multibyte sequence</error></testcase><testcase classname="tests.test_budget_optimization.TestProportionalFallback" name="test_sums_to_budget" time="0.000" /><testcase classname="tests.test_budget_optimization.TestProportionalFallback" name="test_proportional_to_priority" time="0.000" /><testcase classname="tests.test_budget_optimization.TestProportionalFallback" name="test_zero_priority" time="0.000" /><testcase classname="tests.test_budget_optimization.TestProportionalFallback" name="test_zero_budget" time="0.000" /><testcase classname="tests.test_budget_optimization_logic.TestLPFormulationCorrectness" name="test_objective_maximizes_retained_value" time="0.000"><error message="failed on setup with &quot;UnicodeDecodeError: 'cp949' codec can't decode byte 0xe2 in position 2057: illegal multibyte sequence&quot;">E   UnicodeDecodeError: 'cp949' codec can't decode byte 0xe2 in position 2057: illegal multibyte sequence</error></testcase><testcase classname="tests.test_budget_optimization_logic.TestLPFormulationCorrectness" name="test_sleeping_dogs_excluded_from_objective" time="0.000"><error message="failed on setup with &quot;UnicodeDecodeError: 'cp949' codec can't decode byte 0xe2 in position 2057: illegal multibyte sequence&quot;">E   UnicodeDecodeError: 'cp949' codec can't decode byte 0xe2 in position 2057: illegal multibyte sequence</error></testcase><testcase classname="tests.test_budget_optimization_logic.TestLPFormulationCorrectness" name="test_budget_fully_utilized_when_beneficial" time="0.000"><error message="failed on setup with &quot;UnicodeDecodeError: 'cp949' codec can't decode byte 0xe2 in position 2057: illegal multibyte sequence&quot;">E   UnicodeDecodeError: 'cp949' codec can't decode byte 0xe2 in position 2057: illegal multibyte sequence</error></testcase><testcase classname="tests.test_budget_optimization_logic.TestLPFormulationCorrectness" name="test_per_customer_cap_respected" time="0.000"><error message="failed on setup with &quot;UnicodeDecodeError: 'cp949' codec can't decode byte 0xe2 in position 2057: illegal multibyte sequence&quot;">E   UnicodeDecodeError: 'cp949' codec can't decode byte 0xe2 in position 2057: illegal multibyte sequence</error></testcase><testcase classname="tests.test_budget_optimization_logic.TestOptimalityProperties" name="test_lp_dominates_uniform_allocation" time="0.000"><error message="failed on setup with &quot;UnicodeDecodeError: 'cp949' codec can't decode byte 0xe2 in position 2057: illegal multibyte sequence&quot;">E   UnicodeDecodeError: 'cp949' codec can't decode byte 0xe2 in position 2057: illegal multibyte sequence</error></testcase><testcase classname="tests.test_budget_optimization_logic.TestOptimalityProperties" name="test_lp_dominates_random_allocation" time="0.000"><error message="failed on setup with &quot;UnicodeDecodeError: 'cp949' codec can't decode byte 0xe2 in position 2057: illegal multibyte sequence&quot;">E   UnicodeDecodeError: 'cp949' codec can't decode byte 0xe2 in position 2057: illegal multibyte sequence</error></testcase><testcase classname="tests.test_budget_optimization_logic.TestOptimalityProperties" name="test_adding_budget_never_decreases_objective" time="0.000"><error message="failed on setup with &quot;UnicodeDecodeError: 'cp949' codec can't decode byte 0xe2 in position 2057: illegal multibyte sequence&quot;">E   UnicodeDecodeError: 'cp949' codec can't decode byte 0xe2 in position 2057: illegal multibyte sequence</error></testcase><testcase classname="tests.test_budget_optimization_logic.TestOptimalityProperties" name="test_diminishing_marginal_returns" time="0.000"><error message="failed on setup with &quot;UnicodeDecodeError: 'cp949' codec can't decode byte 0xe2 in position 2057: illegal multibyte sequence&quot;">E   UnicodeDecodeError: 'cp949' codec can't decode byte 0xe2 in position 2057: illegal multibyte sequence</error></testcase><testcase classname="tests.test_budget_optimization_logic.TestAllocationMonotonicity" name="test_total_allocated_monotone_in_budget" time="0.000"><error message="failed on setup with &quot;UnicodeDecodeError: 'cp949' codec can't decode byte 0xe2 in position 2057: illegal multibyte sequence&quot;">E   UnicodeDecodeError: 'cp949' codec can't decode byte 0xe2 in position 2057: illegal multibyte sequence</error></testcase><testcase classname="tests.test_budget_optimization_logic.TestAllocationMonotonicity" name="test_treated_customers_monotone_in_budget" time="0.000"><error message="failed on setup with &quot;UnicodeDecodeError: 'cp949' codec can't decode byte 0xe2 in position 2057: illegal multibyte sequence&quot;">E   UnicodeDecodeError: 'cp949' codec can't decode byte 0xe2 in position 2057: illegal multibyte sequence</error></testcase><testcase classname="tests.test_budget_optimization_logic.TestAllocationMonotonicity" name="test_lp_allocation_monotone_in_budget" time="0.000"><error message="failed on setup with &quot;UnicodeDecodeError: 'cp949' codec can't decode byte 0xe2 in position 2057: illegal multibyte sequence&quot;">E   UnicodeDecodeError: 'cp949' codec can't decode byte 0xe2 in position 2057: illegal multibyte sequence</error></testcase><testcase classname="tests.test_budget_optimization_logic.TestConstraintSatisfaction" name="test_budget_constraint_exact" time="0.000"><error message="failed on setup with &quot;UnicodeDecodeError: 'cp949' codec can't decode byte 0xe2 in position 2057: illegal multibyte sequence&quot;">E   UnicodeDecodeError: 'cp949' codec can't decode byte 0xe2 in position 2057: illegal multibyte sequence</error></testcase><testcase classname="tests.test_budget_optimization_logic.TestConstraintSatisfaction" name="test_non_negativity_constraint" time="0.000"><error message="failed on setup with &quot;UnicodeDecodeError: 'cp949' codec can't decode byte 0xe2 in position 2057: illegal multibyte sequence&quot;">E   UnicodeDecodeError: 'cp949' codec can't decode byte 0xe2 in position 2057: illegal multibyte sequence</error></testcase><testcase classname="tests.test_budget_optimization_logic.TestConstraintSatisfaction" name="test_lp_budget_constraint_strict" time="0.000"><error message="failed on setup with &quot;UnicodeDecodeError: 'cp949' codec can't decode byte 0xe2 in position 2057: illegal multibyte sequence&quot;">E   UnicodeDecodeError: 'cp949' codec can't decode byte 0xe2 in position 2057: illegal multibyte sequence</error></testcase><testcase classname="tests.test_budget_optimization_logic.TestConstraintSatisfaction" name="test_lp_non_negativity" time="0.000"><error message="failed on setup with &quot;UnicodeDecodeError: 'cp949' codec can't decode byte 0xe2 in position 2057: illegal multibyte sequence&quot;">E   UnicodeDecodeError: 'cp949' codec can't decode byte 0xe2 in position 2057: illegal multibyte sequence</error></testcase><testcase classname="tests.test_budget_optimization_logic.TestConstraintSatisfaction" name="test_multi_channel_total_constraint" time="0.000"><error message="failed on setup with &quot;UnicodeDecodeError: 'cp949' codec can't decode byte 0xe2 in position 2057: illegal multibyte sequence&quot;">E   UnicodeDecodeError: 'cp949' codec can't decode byte 0xe2 in position 2057: illegal multibyte sequence</error></testcase><testcase classname="tests.test_budget_optimization_logic.TestConstraintSatisfaction" name="test_multi_channel_per_channel_min" time="0.000"><error message="failed on setup with &quot;UnicodeDecodeError: 'cp949' codec can't decode byte 0xe2 in position 2057: illegal multibyte sequence&quot;">E   UnicodeDecodeError: 'cp949' codec can't decode byte 0xe2 in position 2057: illegal multibyte sequence</error></testcase><testcase classname="tests.test_budget_optimization_logic.TestConstraintSatisfaction" name="test_multi_channel_per_channel_max" time="0.000"><error message="failed on setup with &quot;UnicodeDecodeError: 'cp949' codec can't decode byte 0xe2 in position 2057: illegal multibyte sequence&quot;">E   UnicodeDecodeError: 'cp949' codec can't decode byte 0xe2 in position 2057: illegal multibyte sequence</error></testcase><testcase classname="tests.test_budget_optimization_logic.TestROIComputationCorrectness" name="test_roi_non_negative" time="0.000"><error message="failed on setup with &quot;UnicodeDecodeError: 'cp949' codec can't decode byte 0xe2 in position 2057: illegal multibyte sequence&quot;">E   UnicodeDecodeError: 'cp949' codec can't decode byte 0xe2 in position 2057: illegal multibyte sequence</error></testcase><testcase classname="tests.test_budget_optimization_logic.TestROIComputationCorrectness" name="test_roi_zero_for_zero_budget" time="0.000"><error message="failed on setup with &quot;UnicodeDecodeError: 'cp949' codec can't decode byte 0xe2 in position 2057: illegal multibyte sequence&quot;">E   UnicodeDecodeError: 'cp949' codec can't decode byte 0xe2 in position 2057: illegal multibyte sequence</error></testcase><testcase classname="tests.test_budget_optimization_logic.TestROIComputationCorrectness" name="test_roi_zero_for_sleeping_dogs_only" time="0.000"><error message="failed on setup with &quot;UnicodeDecodeError: 'cp949' codec can't decode byte 0xe2 in position 2057: illegal multibyte sequence&quot;">E   UnicodeDecodeError: 'cp949' codec can't decode byte 0xe2 in position 2057: illegal multibyte sequence</error></testcase><testcase classname="tests.test_budget_optimization_logic.TestROIComputationCorrectness" name="test_roi_increases_with_budget" time="0.000"><error message="failed on setup with &quot;UnicodeDecodeError: 'cp949' codec can't decode byte 0xe2 in position 2057: illegal multibyte sequence&quot;">E   UnicodeDecodeError: 'cp949' codec can't decode byte 0xe2 in position 2057: illegal multibyte sequence</error></testcase><testcase classname="tests.test_budget_optimization_logic.TestROIComputationCorrectness" name="test_lp_expected_value_positive" time="0.000"><error message="failed on setup with &quot;UnicodeDecodeError: 'cp949' codec can't decode byte 0xe2 in position 2057: illegal multibyte sequence&quot;">E   UnicodeDecodeError: 'cp949' codec can't decode byte 0xe2 in position 2057: illegal multibyte sequence</error></testcase><testcase classname="tests.test_budget_optimization_logic.TestROIComputationCorrectness" name="test_lp_expected_value_zero_for_zero_budget" time="0.000"><error message="failed on setup with &quot;UnicodeDecodeError: 'cp949' codec can't decode byte 0xe2 in position 2057: illegal multibyte sequence&quot;">E   UnicodeDecodeError: 'cp949' codec can't decode byte 0xe2 in position 2057: illegal multibyte sequence</error></testcase><testcase classname="tests.test_budget_optimization_logic.TestPriorityBasedAllocation" name="test_highest_priority_gets_budget_first" time="0.000"><error message="failed on setup with &quot;UnicodeDecodeError: 'cp949' codec can't decode byte 0xe2 in position 2057: illegal multibyte sequence&quot;">E   UnicodeDecodeError: 'cp949' codec can't decode byte 0xe2 in position 2057: illegal multibyte sequence</error></testcase><testcase classname="tests.test_budget_optimization_logic.TestPriorityBasedAllocation" name="test_priority_ordering_preserved" time="0.000"><error message="failed on setup with &quot;UnicodeDecodeError: 'cp949' codec can't decode byte 0xe2 in position 2057: illegal multibyte sequence&quot;">E   UnicodeDecodeError: 'cp949' codec can't decode byte 0xe2 in position 2057: illegal multibyte sequence</error></testcase><testcase classname="tests.test_budget_optimization_logic.TestPriorityBasedAllocation" name="test_zero_clv_gets_zero" time="0.000"><error message="failed on setup with &quot;UnicodeDecodeError: 'cp949' codec can't decode byte 0xe2 in position 2057: illegal multibyte sequence&quot;">E   UnicodeDecodeError: 'cp949' codec can't decode byte 0xe2 in position 2057: illegal multibyte sequence</error></testcase><testcase classname="tests.test_budget_optimization_logic.TestPriorityBasedAllocation" name="test_zero_churn_gets_zero" time="0.000"><error message="failed on setup with &quot;UnicodeDecodeError: 'cp949' codec can't decode byte 0xe2 in position 2057: illegal multibyte sequence&quot;">E   UnicodeDecodeError: 'cp949' codec can't decode byte 0xe2 in position 2057: illegal multibyte sequence</error></testcase><testcase classname="tests.test_budget_optimization_logic.TestCostConfigLPIntegration" name="test_cost_config_channels_produce_valid_lp" time="0.000"><error message="failed on setup with &quot;UnicodeDecodeError: 'cp949' codec can't decode byte 0xe2 in position 2057: illegal multibyte sequence&quot;">E   UnicodeDecodeError: 'cp949' codec can't decode byte 0xe2 in position 2057: illegal multibyte sequence</error></testcase><testcase classname="tests.test_budget_optimization_logic.TestCostConfigLPIntegration" name="test_npv_adjustment_reduces_value" time="0.000"><error message="failed on setup with &quot;UnicodeDecodeError: 'cp949' codec can't decode byte 0xe2 in position 2057: illegal multibyte sequence&quot;">E   UnicodeDecodeError: 'cp949' codec can't decode byte 0xe2 in position 2057: illegal multibyte sequence</error></testcase><testcase classname="tests.test_budget_optimization_logic.TestCostConfigLPIntegration" name="test_higher_discount_lower_npv" time="0.001"><error message="failed on setup with &quot;UnicodeDecodeError: 'cp949' codec can't decode byte 0xe2 in position 2057: illegal multibyte sequence&quot;">E   UnicodeDecodeError: 'cp949' codec can't decode byte 0xe2 in position 2057: illegal multibyte sequence</error></testcase><testcase classname="tests.test_budget_optimization_logic.TestWhatIfScenarioLogic" name="test_budget_sweep_returns_ordered_results" time="0.001"><error message="failed on setup with &quot;UnicodeDecodeError: 'cp949' codec can't decode byte 0xe2 in position 2057: illegal multibyte sequence&quot;">E   UnicodeDecodeError: 'cp949' codec can't decode byte 0xe2 in position 2057: illegal multibyte sequence</error></testcase><testcase classname="tests.test_budget_optimization_logic.TestWhatIfScenarioLogic" name="test_scenario_comparison_has_all_scenarios" time="0.000"><error message="failed on setup with &quot;UnicodeDecodeError: 'cp949' codec can't decode byte 0xe2 in position 2057: illegal multibyte sequence&quot;">E   UnicodeDecodeError: 'cp949' codec can't decode byte 0xe2 in position 2057: illegal multibyte sequence</error></testcase><testcase classname="tests.test_budget_optimization_logic.TestWhatIfScenarioLogic" name="test_higher_budget_scenario_higher_value" time="0.000"><error message="failed on setup with &quot;UnicodeDecodeError: 'cp949' codec can't decode byte 0xe2 in position 2057: illegal multibyte sequence&quot;">E   UnicodeDecodeError: 'cp949' codec can't decode byte 0xe2 in position 2057: illegal multibyte sequence</error></testcase><testcase classname="tests.test_budget_optimization_logic.TestValidationLogic" name="test_missing_required_columns_raises" time="0.001" /><testcase classname="tests.test_budget_optimization_logic.TestValidationLogic" name="test_nan_in_numeric_raises" time="0.001" /><testcase classname="tests.test_budget_optimization_logic.TestValidationLogic" name="test_negative_budget_raises" time="0.000" /><testcase classname="tests.test_budget_optimization_logic.TestValidationLogic" name="test_infinite_budget_raises" time="0.000" /><testcase classname="tests.test_budget_optimization_logic.TestValidationLogic" name="test_none_data_raises" time="0.000" /><testcase classname="tests.test_budget_optimization_logic.TestOptimizationEdgeCases" name="test_single_customer_gets_budget" time="0.000"><error message="failed on setup with &quot;UnicodeDecodeError: 'cp949' codec can't decode byte 0xe2 in position 2057: illegal multibyte sequence&quot;">E   UnicodeDecodeError: 'cp949' codec can't decode byte 0xe2 in position 2057: illegal multibyte sequence</error></testcase><testcase classname="tests.test_budget_optimization_logic.TestOptimizationEdgeCases" name="test_large_customer_count" time="0.000"><error message="failed on setup with &quot;UnicodeDecodeError: 'cp949' codec can't decode byte 0xe2 in position 2057: illegal multibyte sequence&quot;">E   UnicodeDecodeError: 'cp949' codec can't decode byte 0xe2 in position 2057: illegal multibyte sequence</error></testcase><testcase classname="tests.test_budget_optimization_logic.TestOptimizationEdgeCases" name="test_budget_larger_than_total_cost" time="0.000"><error message="failed on setup with &quot;UnicodeDecodeError: 'cp949' codec can't decode byte 0xe2 in position 2057: illegal multibyte sequence&quot;">E   UnicodeDecodeError: 'cp949' codec can't decode byte 0xe2 in position 2057: illegal multibyte sequence</error></testcase><testcase classname="tests.test_budget_optimization_logic.TestOptimizationEdgeCases" name="test_all_identical_customers" time="0.000"><error message="failed on setup with &quot;UnicodeDecodeError: 'cp949' codec can't decode byte 0xe2 in position 2057: illegal multibyte sequence&quot;">E   UnicodeDecodeError: 'cp949' codec can't decode byte 0xe2 in position 2057: illegal multibyte sequence</error></testcase><testcase classname="tests.test_budget_optimization_logic.TestOptimizationEdgeCases" name="test_lp_infeasible_min_constraints" time="0.001"><error message="failed on setup with &quot;UnicodeDecodeError: 'cp949' codec can't decode byte 0xe2 in position 2057: illegal multibyte sequence&quot;">E   UnicodeDecodeError: 'cp949' codec can't decode byte 0xe2 in position 2057: illegal multibyte sequence</error></testcase><testcase classname="tests.test_budget_optimization_logic.TestOptimizationReproducibility" name="test_budget_optimizer_deterministic" time="0.000"><error message="failed on setup with &quot;UnicodeDecodeError: 'cp949' codec can't decode byte 0xe2 in position 2057: illegal multibyte sequence&quot;">E   UnicodeDecodeError: 'cp949' codec can't decode byte 0xe2 in position 2057: illegal multibyte sequence</error></testcase><testcase classname="tests.test_budget_optimization_logic.TestOptimizationReproducibility" name="test_lp_optimizer_deterministic" time="0.000"><error message="failed on setup with &quot;UnicodeDecodeError: 'cp949' codec can't decode byte 0xe2 in position 2057: illegal multibyte sequence&quot;">E   UnicodeDecodeError: 'cp949' codec can't decode byte 0xe2 in position 2057: illegal multibyte sequence</error></testcase><testcase classname="tests.test_budget_optimization_logic.TestOptimizationReproducibility" name="test_run_optimization_deterministic" time="0.000"><error message="failed on setup with &quot;UnicodeDecodeError: 'cp949' codec can't decode byte 0xe2 in position 2057: illegal multibyte sequence&quot;">E   UnicodeDecodeError: 'cp949' codec can't decode byte 0xe2 in position 2057: illegal multibyte sequence</error></testcase><testcase classname="tests.test_budget_optimization_logic.TestOptimizationPersistence" name="test_budget_optimizer_save_load" time="0.000"><error message="failed on setup with &quot;UnicodeDecodeError: 'cp949' codec can't decode byte 0xe2 in position 2057: illegal multibyte sequence&quot;">E   UnicodeDecodeError: 'cp949' codec can't decode byte 0xe2 in position 2057: illegal multibyte sequence</error></testcase><testcase classname="tests.test_budget_optimization_logic.TestOptimizationPersistence" name="test_lp_optimizer_save_load" time="0.000"><error message="failed on setup with &quot;UnicodeDecodeError: 'cp949' codec can't decode byte 0xe2 in position 2057: illegal multibyte sequence&quot;">E   UnicodeDecodeError: 'cp949' codec can't decode byte 0xe2 in position 2057: illegal multibyte sequence</error></testcase><testcase classname="tests.test_budget_optimizer.TestBudgetOptimizerInterface" name="test_instantiation" time="0.000"><error message="failed on setup with &quot;UnicodeDecodeError: 'cp949' codec can't decode byte 0xe2 in position 2057: illegal multibyte sequence&quot;">E   UnicodeDecodeError: 'cp949' codec can't decode byte 0xe2 in position 2057: illegal multibyte sequence</error></testcase><testcase classname="tests.test_budget_optimizer.TestBudgetOptimizerInterface" name="test_has_optimize_method" time="0.000"><error message="failed on setup with &quot;UnicodeDecodeError: 'cp949' codec can't decode byte 0xe2 in position 2057: illegal multibyte sequence&quot;">E   UnicodeDecodeError: 'cp949' codec can't decode byte 0xe2 in position 2057: illegal multibyte sequence</error></testcase><testcase classname="tests.test_budget_optimizer.TestBudgetOptimizerInterface" name="test_has_allocate_method" time="0.000"><error message="failed on setup with &quot;UnicodeDecodeError: 'cp949' codec can't decode byte 0xe2 in position 2057: illegal multibyte sequence&quot;">E   UnicodeDecodeError: 'cp949' codec can't decode byte 0xe2 in position 2057: illegal multibyte sequence</error></testcase><testcase classname="tests.test_budget_optimizer.TestBudgetOptimizerInterface" name="test_has_compute_roi_method" time="0.000"><error message="failed on setup with &quot;UnicodeDecodeError: 'cp949' codec can't decode byte 0xe2 in position 2057: illegal multibyte sequence&quot;">E   UnicodeDecodeError: 'cp949' codec can't decode byte 0xe2 in position 2057: illegal multibyte sequence</error></testcase><testcase classname="tests.test_budget_optimizer.TestBudgetOptimizerInterface" name="test_reads_budget_from_config" time="0.000"><error message="failed on setup with &quot;UnicodeDecodeError: 'cp949' codec can't decode byte 0xe2 in position 2057: illegal multibyte sequence&quot;">E   UnicodeDecodeError: 'cp949' codec can't decode byte 0xe2 in position 2057: illegal multibyte sequence</error></testcase><testcase classname="tests.test_budget_optimizer.TestBudgetConstraints" name="test_total_allocation_within_budget" time="0.000"><error message="failed on setup with &quot;UnicodeDecodeError: 'cp949' codec can't decode byte 0xe2 in position 2057: illegal multibyte sequence&quot;">E   UnicodeDecodeError: 'cp949' codec can't decode byte 0xe2 in position 2057: illegal multibyte sequence</error></testcase><testcase classname="tests.test_budget_optimizer.TestBudgetConstraints" name="test_allocations_non_negative" time="0.000"><error message="failed on setup with &quot;UnicodeDecodeError: 'cp949' codec can't decode byte 0xe2 in position 2057: illegal multibyte sequence&quot;">E   UnicodeDecodeError: 'cp949' codec can't decode byte 0xe2 in position 2057: illegal multibyte sequence</error></testcase><testcase classname="tests.test_budget_optimizer.TestBudgetConstraints" name="test_covers_all_customers" time="0.000"><error message="failed on setup with &quot;UnicodeDecodeError: 'cp949' codec can't decode byte 0xe2 in position 2057: illegal multibyte sequence&quot;">E   UnicodeDecodeError: 'cp949' codec can't decode byte 0xe2 in position 2057: illegal multibyte sequence</error></testcase><testcase classname="tests.test_budget_optimizer.TestBudgetConstraints" name="test_zero_budget_allocates_nothing" time="0.000"><error message="failed on setup with &quot;UnicodeDecodeError: 'cp949' codec can't decode byte 0xe2 in position 2057: illegal multibyte sequence&quot;">E   UnicodeDecodeError: 'cp949' codec can't decode byte 0xe2 in position 2057: illegal multibyte sequence</error></testcase><testcase classname="tests.test_budget_optimizer.TestBudgetConstraints" name="test_custom_budget_override" time="0.000"><error message="failed on setup with &quot;UnicodeDecodeError: 'cp949' codec can't decode byte 0xe2 in position 2057: illegal multibyte sequence&quot;">E   UnicodeDecodeError: 'cp949' codec can't decode byte 0xe2 in position 2057: illegal multibyte sequence</error></testcase><testcase classname="tests.test_budget_optimizer.TestROIOptimization" name="test_high_value_customers_get_more" time="0.000"><error message="failed on setup with &quot;UnicodeDecodeError: 'cp949' codec can't decode byte 0xe2 in position 2057: illegal multibyte sequence&quot;">E   UnicodeDecodeError: 'cp949' codec can't decode byte 0xe2 in position 2057: illegal multibyte sequence</error></testcase><testcase classname="tests.test_budget_optimizer.TestROIOptimization" name="test_positive_uplift_preferred" time="0.000"><error message="failed on setup with &quot;UnicodeDecodeError: 'cp949' codec can't decode byte 0xe2 in position 2057: illegal multibyte sequence&quot;">E   UnicodeDecodeError: 'cp949' codec can't decode byte 0xe2 in position 2057: illegal multibyte sequence</error></testcase><testcase classname="tests.test_budget_optimizer.TestROIOptimization" name="test_sleeping_dogs_get_minimal_budget" time="0.000"><error message="failed on setup with &quot;UnicodeDecodeError: 'cp949' codec can't decode byte 0xe2 in position 2057: illegal multibyte sequence&quot;">E   UnicodeDecodeError: 'cp949' codec can't decode byte 0xe2 in position 2057: illegal multibyte sequence</error></testcase><testcase classname="tests.test_budget_optimizer.TestROIOptimization" name="test_compute_roi_returns_numeric" time="0.000"><error message="failed on setup with &quot;UnicodeDecodeError: 'cp949' codec can't decode byte 0xe2 in position 2057: illegal multibyte sequence&quot;">E   UnicodeDecodeError: 'cp949' codec can't decode byte 0xe2 in position 2057: illegal multibyte sequence</error></testcase><testcase classname="tests.test_budget_optimizer.TestROIOptimization" name="test_higher_budget_higher_or_equal_retained_value" time="0.000"><error message="failed on setup with &quot;UnicodeDecodeError: 'cp949' codec can't decode byte 0xe2 in position 2057: illegal multibyte sequence&quot;">E   UnicodeDecodeError: 'cp949' codec can't decode byte 0xe2 in position 2057: illegal multibyte sequence</error></testcase><testcase classname="tests.test_budget_optimizer.TestChannelAllocation" name="test_allocate_returns_per_customer_df" time="0.000"><error message="failed on setup with &quot;UnicodeDecodeError: 'cp949' codec can't decode byte 0xe2 in position 2057: illegal multibyte sequence&quot;">E   UnicodeDecodeError: 'cp949' codec can't decode byte 0xe2 in position 2057: illegal multibyte sequence</error></testcase><testcase classname="tests.test_budget_optimizer.TestChannelAllocation" name="test_segment_budget_summary" time="0.000"><error message="failed on setup with &quot;UnicodeDecodeError: 'cp949' codec can't decode byte 0xe2 in position 2057: illegal multibyte sequence&quot;">E   UnicodeDecodeError: 'cp949' codec can't decode byte 0xe2 in position 2057: illegal multibyte sequence</error></testcase><testcase classname="tests.test_budget_optimizer.TestBudgetSensitivity" name="test_sensitivity_across_budget_levels" time="0.000"><error message="failed on setup with &quot;UnicodeDecodeError: 'cp
[...]
7: illegal multibyte sequence&quot;">E   UnicodeDecodeError: 'cp949' codec can't decode byte 0xe2 in position 2057: illegal multibyte sequence</error></testcase><testcase classname="tests.test_whatif_scenario.TestSimulateScenarioInterface" name="test_has_vary_parameter" time="0.000"><error message="failed on setup with &quot;UnicodeDecodeError: 'cp949' codec can't decode byte 0xe2 in position 2057: illegal multibyte sequence&quot;">E   UnicodeDecodeError: 'cp949' codec can't decode byte 0xe2 in position 2057: illegal multibyte sequence</error></testcase><testcase classname="tests.test_whatif_scenario.TestSimulateScenarioInterface" name="test_has_compare_strategies" time="0.000"><error message="failed on setup with &quot;UnicodeDecodeError: 'cp949' codec can't decode byte 0xe2 in position 2057: illegal multibyte sequence&quot;">E   UnicodeDecodeError: 'cp949' codec can't decode byte 0xe2 in position 2057: illegal multibyte sequence</error></testcase><testcase classname="tests.test_whatif_scenario.TestSimulateScenarioInterface" name="test_has_compare_budget_scenarios" time="0.000"><error message="failed on setup with &quot;UnicodeDecodeError: 'cp949' codec can't decode byte 0xe2 in position 2057: illegal multibyte sequence&quot;">E   UnicodeDecodeError: 'cp949' codec can't decode byte 0xe2 in position 2057: illegal multibyte sequence</error></testcase><testcase classname="tests.test_whatif_scenario.TestSimulateScenario" name="test_returns_dict" time="0.000"><error message="failed on setup with &quot;UnicodeDecodeError: 'cp949' codec can't decode byte 0xe2 in position 2057: illegal multibyte sequence&quot;">E   UnicodeDecodeError: 'cp949' codec can't decode byte 0xe2 in position 2057: illegal multibyte sequence</error></testcase><testcase classname="tests.test_whatif_scenario.TestSimulateScenario" name="test_has_required_keys" time="0.000"><error message="failed on setup with &quot;UnicodeDecodeError: 'cp949' codec can't decode byte 0xe2 in position 2057: illegal multibyte sequence&quot;">E   UnicodeDecodeError: 'cp949' codec can't decode byte 0xe2 in position 2057: illegal multibyte sequence</error></testcase><testcase classname="tests.test_whatif_scenario.TestSimulateScenario" name="test_scenario_name_preserved" time="0.000"><error message="failed on setup with &quot;UnicodeDecodeError: 'cp949' codec can't decode byte 0xe2 in position 2057: illegal multibyte sequence&quot;">E   UnicodeDecodeError: 'cp949' codec can't decode byte 0xe2 in position 2057: illegal multibyte sequence</error></testcase><testcase classname="tests.test_whatif_scenario.TestSimulateScenario" name="test_parameters_dict_recorded" time="0.000"><error message="failed on setup with &quot;UnicodeDecodeError: 'cp949' codec can't decode byte 0xe2 in position 2057: illegal multibyte sequence&quot;">E   UnicodeDecodeError: 'cp949' codec can't decode byte 0xe2 in position 2057: illegal multibyte sequence</error></testcase><testcase classname="tests.test_whatif_scenario.TestSimulateScenario" name="test_custom_budget" time="0.000"><error message="failed on setup with &quot;UnicodeDecodeError: 'cp949' codec can't decode byte 0xe2 in position 2057: illegal multibyte sequence&quot;">E   UnicodeDecodeError: 'cp949' codec can't decode byte 0xe2 in position 2057: illegal multibyte sequence</error></testcase><testcase classname="tests.test_whatif_scenario.TestSimulateScenario" name="test_allocation_is_dataframe" time="0.000"><error message="failed on setup with &quot;UnicodeDecodeError: 'cp949' codec can't decode byte 0xe2 in position 2057: illegal multibyte sequence&quot;">E   UnicodeDecodeError: 'cp949' codec can't decode byte 0xe2 in position 2057: illegal multibyte sequence</error></testcase><testcase classname="tests.test_whatif_scenario.TestSimulateScenario" name="test_roi_is_numeric" time="0.000"><error message="failed on setup with &quot;UnicodeDecodeError: 'cp949' codec can't decode byte 0xe2 in position 2057: illegal multibyte sequence&quot;">E   UnicodeDecodeError: 'cp949' codec can't decode byte 0xe2 in position 2057: illegal multibyte sequence</error></testcase><testcase classname="tests.test_whatif_scenario.TestSimulateScenario" name="test_customers_treated_is_int" time="0.000"><error message="failed on setup with &quot;UnicodeDecodeError: 'cp949' codec can't decode byte 0xe2 in position 2057: illegal multibyte sequence&quot;">E   UnicodeDecodeError: 'cp949' codec can't decode byte 0xe2 in position 2057: illegal multibyte sequence</error></testcase><testcase classname="tests.test_whatif_scenario.TestSimulateScenario" name="test_retained_value_non_negative" time="0.000"><error message="failed on setup with &quot;UnicodeDecodeError: 'cp949' codec can't decode byte 0xe2 in position 2057: illegal multibyte sequence&quot;">E   UnicodeDecodeError: 'cp949' codec can't decode byte 0xe2 in position 2057: illegal multibyte sequence</error></testcase><testcase classname="tests.test_whatif_scenario.TestParameterVariation" name="test_cost_multiplier_effect" time="0.000"><error message="failed on setup with &quot;UnicodeDecodeError: 'cp949' codec can't decode byte 0xe2 in position 2057: illegal multibyte sequence&quot;">E   UnicodeDecodeError: 'cp949' codec can't decode byte 0xe2 in position 2057: illegal multibyte sequence</error></testcase><testcase classname="tests.test_whatif_scenario.TestParameterVariation" name="test_uplift_multiplier_effect" time="0.000"><error message="failed on setup with &quot;UnicodeDecodeError: 'cp949' codec can't decode byte 0xe2 in position 2057: illegal multibyte sequence&quot;">E   UnicodeDecodeError: 'cp949' codec can't decode byte 0xe2 in position 2057: illegal multibyte sequence</error></testcase><testcase classname="tests.test_whatif_scenario.TestParameterVariation" name="test_churn_multiplier_clamped" time="0.000"><error message="failed on setup with &quot;UnicodeDecodeError: 'cp949' codec can't decode byte 0xe2 in position 2057: illegal multibyte sequence&quot;">E   UnicodeDecodeError: 'cp949' codec can't decode byte 0xe2 in position 2057: illegal multibyte sequence</error></testcase><testcase classname="tests.test_whatif_scenario.TestParameterVariation" name="test_clv_multiplier_effect" time="0.000"><error message="failed on setup with &quot;UnicodeDecodeError: 'cp949' codec can't decode byte 0xe2 in position 2057: illegal multibyte sequence&quot;">E   UnicodeDecodeError: 'cp949' codec can't decode byte 0xe2 in position 2057: illegal multibyte sequence</error></testcase><testcase classname="tests.test_whatif_scenario.TestParameterVariation" name="test_zero_uplift_multiplier" time="0.000"><error message="failed on setup with &quot;UnicodeDecodeError: 'cp949' codec can't decode byte 0xe2 in position 2057: illegal multibyte sequence&quot;">E   UnicodeDecodeError: 'cp949' codec can't decode byte 0xe2 in position 2057: illegal multibyte sequence</error></testcase><testcase classname="tests.test_whatif_scenario.TestVaryParameter" name="test_returns_dataframe" time="0.000"><error message="failed on setup with &quot;UnicodeDecodeError: 'cp949' codec can't decode byte 0xe2 in position 2057: illegal multibyte sequence&quot;">E   UnicodeDecodeError: 'cp949' codec can't decode byte 0xe2 in position 2057: illegal multibyte sequence</error></testcase><testcase classname="tests.test_whatif_scenario.TestVaryParameter" name="test_correct_number_of_rows" time="0.000"><error message="failed on setup with &quot;UnicodeDecodeError: 'cp949' codec can't decode byte 0xe2 in position 2057: illegal multibyte sequence&quot;">E   UnicodeDecodeError: 'cp949' codec can't decode byte 0xe2 in position 2057: illegal multibyte sequence</error></testcase><testcase classname="tests.test_whatif_scenario.TestVaryParameter" name="test_has_expected_columns" time="0.000"><error message="failed on setup with &quot;UnicodeDecodeError: 'cp949' codec can't decode byte 0xe2 in position 2057: illegal multibyte sequence&quot;">E   UnicodeDecodeError: 'cp949' codec can't decode byte 0xe2 in position 2057: illegal multibyte sequence</error></testcase><testcase classname="tests.test_whatif_scenario.TestVaryParameter" name="test_budget_sweep_monotonic_retained_value" time="0.000"><error message="failed on setup with &quot;UnicodeDecodeError: 'cp949' codec can't decode byte 0xe2 in position 2057: illegal multibyte sequence&quot;">E   UnicodeDecodeError: 'cp949' codec can't decode byte 0xe2 in position 2057: illegal multibyte sequence</error></testcase><testcase classname="tests.test_whatif_scenario.TestVaryParameter" name="test_cost_multiplier_sweep" time="0.000"><error message="failed on setup with &quot;UnicodeDecodeError: 'cp949' codec can't decode byte 0xe2 in position 2057: illegal multibyte sequence&quot;">E   UnicodeDecodeError: 'cp949' codec can't decode byte 0xe2 in position 2057: illegal multibyte sequence</error></testcase><testcase classname="tests.test_whatif_scenario.TestVaryParameter" name="test_uplift_multiplier_sweep" time="0.000"><error message="failed on setup with &quot;UnicodeDecodeError: 'cp949' codec can't decode byte 0xe2 in position 2057: illegal multibyte sequence&quot;">E   UnicodeDecodeError: 'cp949' codec can't decode byte 0xe2 in position 2057: illegal multibyte sequence</error></testcase><testcase classname="tests.test_whatif_scenario.TestVaryParameter" name="test_churn_multiplier_sweep" time="0.000"><error message="failed on setup with &quot;UnicodeDecodeError: 'cp949' codec can't decode byte 0xe2 in position 2057: illegal multibyte sequence&quot;">E   UnicodeDecodeError: 'cp949' codec can't decode byte 0xe2 in position 2057: illegal multibyte sequence</error></testcase><testcase classname="tests.test_whatif_scenario.TestVaryParameter" name="test_clv_multiplier_sweep" time="0.000"><error message="failed on setup with &quot;UnicodeDecodeError: 'cp949' codec can't decode byte 0xe2 in position 2057: illegal multibyte sequence&quot;">E   UnicodeDecodeError: 'cp949' codec can't decode byte 0xe2 in position 2057: illegal multibyte sequence</error></testcase><testcase classname="tests.test_whatif_scenario.TestVaryParameter" name="test_invalid_parameter_raises" time="0.000"><error message="failed on setup with &quot;UnicodeDecodeError: 'cp949' codec can't decode byte 0xe2 in position 2057: illegal multibyte sequence&quot;">E   UnicodeDecodeError: 'cp949' codec can't decode byte 0xe2 in position 2057: illegal multibyte sequence</error></testcase><testcase classname="tests.test_whatif_scenario.TestVaryParameter" name="test_parameter_values_recorded" time="0.000"><error message="failed on setup with &quot;UnicodeDecodeError: 'cp949' codec can't decode byte 0xe2 in position 2057: illegal multibyte sequence&quot;">E   UnicodeDecodeError: 'cp949' codec can't decode byte 0xe2 in position 2057: illegal multibyte sequence</error></testcase><testcase classname="tests.test_whatif_scenario.TestCompareStrategies" name="test_returns_dataframe" time="0.000"><error message="failed on setup with &quot;UnicodeDecodeError: 'cp949' codec can't decode byte 0xe2 in position 2057: illegal multibyte sequence&quot;">E   UnicodeDecodeError: 'cp949' codec can't decode byte 0xe2 in position 2057: illegal multibyte sequence</error></testcase><testcase classname="tests.test_whatif_scenario.TestCompareStrategies" name="test_has_three_strategies" time="0.000"><error message="failed on setup with &quot;UnicodeDecodeError: 'cp949' codec can't decode byte 0xe2 in position 2057: illegal multibyte sequence&quot;">E   UnicodeDecodeError: 'cp949' codec can't decode byte 0xe2 in position 2057: illegal multibyte sequence</error></testcase><testcase classname="tests.test_whatif_scenario.TestCompareStrategies" name="test_has_expected_columns" time="0.000"><error message="failed on setup with &quot;UnicodeDecodeError: 'cp949' codec can't decode byte 0xe2 in position 2057: illegal multibyte sequence&quot;">E   UnicodeDecodeError: 'cp949' codec can't decode byte 0xe2 in position 2057: illegal multibyte sequence</error></testcase><testcase classname="tests.test_whatif_scenario.TestCompareStrategies" name="test_all_strategies_produce_positive_retained_value" time="0.000"><error message="failed on setup with &quot;UnicodeDecodeError: 'cp949' codec can't decode byte 0xe2 in position 2057: illegal multibyte sequence&quot;">E   UnicodeDecodeError: 'cp949' codec can't decode byte 0xe2 in position 2057: illegal multibyte sequence</error></testcase><testcase classname="tests.test_whatif_scenario.TestCompareStrategies" name="test_strategies_differ_in_allocation" time="0.000"><error message="failed on setup with &quot;UnicodeDecodeError: 'cp949' codec can't decode byte 0xe2 in position 2057: illegal multibyte sequence&quot;">E   UnicodeDecodeError: 'cp949' codec can't decode byte 0xe2 in position 2057: illegal multibyte sequence</error></testcase><testcase classname="tests.test_whatif_scenario.TestCompareStrategies" name="test_all_strategies_non_negative_allocation" time="0.000"><error message="failed on setup with &quot;UnicodeDecodeError: 'cp949' codec can't decode byte 0xe2 in position 2057: illegal multibyte sequence&quot;">E   UnicodeDecodeError: 'cp949' codec can't decode byte 0xe2 in position 2057: illegal multibyte sequence</error></testcase><testcase classname="tests.test_whatif_scenario.TestCompareStrategies" name="test_all_strategies_non_negative_roi" time="0.000"><error message="failed on setup with &quot;UnicodeDecodeError: 'cp949' codec can't decode byte 0xe2 in position 2057: illegal multibyte sequence&quot;">E   UnicodeDecodeError: 'cp949' codec can't decode byte 0xe2 in position 2057: illegal multibyte sequence</error></testcase><testcase classname="tests.test_whatif_scenario.TestCompareStrategies" name="test_all_strategies_respect_budget" time="0.000"><error message="failed on setup with &quot;UnicodeDecodeError: 'cp949' codec can't decode byte 0xe2 in position 2057: illegal multibyte sequence&quot;">E   UnicodeDecodeError: 'cp949' codec can't decode byte 0xe2 in position 2057: illegal multibyte sequence</error></testcase><testcase classname="tests.test_whatif_scenario.TestCompareStrategies" name="test_uses_default_budget" time="0.000"><error message="failed on setup with &quot;UnicodeDecodeError: 'cp949' codec can't decode byte 0xe2 in position 2057: illegal multibyte sequence&quot;">E   UnicodeDecodeError: 'cp949' codec can't decode byte 0xe2 in position 2057: illegal multibyte sequence</error></testcase><testcase classname="tests.test_whatif_scenario.TestCompareBudgetScenarios" name="test_returns_dataframe" time="0.000"><error message="failed on setup with &quot;UnicodeDecodeError: 'cp949' codec can't decode byte 0xe2 in position 2057: illegal multibyte sequence&quot;">E   UnicodeDecodeError: 'cp949' codec can't decode byte 0xe2 in position 2057: illegal multibyte sequence</error></testcase><testcase classname="tests.test_whatif_scenario.TestCompareBudgetScenarios" name="test_correct_number_of_rows" time="0.000"><error message="failed on setup with &quot;UnicodeDecodeError: 'cp949' codec can't decode byte 0xe2 in position 2057: illegal multibyte sequence&quot;">E   UnicodeDecodeError: 'cp949' codec can't decode byte 0xe2 in position 2057: illegal multibyte sequence</error></testcase><testcase classname="tests.test_whatif_scenario.TestCompareBudgetScenarios" name="test_scenario_names_preserved" time="0.000"><error message="failed on setup with &quot;UnicodeDecodeError: 'cp949' codec can't decode byte 0xe2 in position 2057: illegal multibyte sequence&quot;">E   UnicodeDecodeError: 'cp949' codec can't decode byte 0xe2 in position 2057: illegal multibyte sequence</error></testcase><testcase classname="tests.test_whatif_scenario.TestCompareBudgetScenarios" name="test_has_metric_columns" time="0.000"><error message="failed on setup with &quot;UnicodeDecodeError: 'cp949' codec can't decode byte 0xe2 in position 2057: illegal multibyte sequence&quot;">E   UnicodeDecodeError: 'cp949' codec can't decode byte 0xe2 in position 2057: illegal multibyte sequence</error></testcase><testcase classname="tests.test_whatif_scenario.TestCompareBudgetScenarios" name="test_mixed_parameter_scenarios" time="0.000"><error message="failed on setup with &quot;UnicodeDecodeError: 'cp949' codec can't decode byte 0xe2 in position 2057: illegal multibyte sequence&quot;">E   UnicodeDecodeError: 'cp949' codec can't decode byte 0xe2 in position 2057: illegal multibyte sequence</error></testcase><testcase classname="tests.test_whatif_scenario.TestCompareBudgetScenarios" name="test_default_scenario_name" time="0.000"><error message="failed on setup with &quot;UnicodeDecodeError: 'cp949' codec can't decode byte 0xe2 in position 2057: illegal multibyte sequence&quot;">E   UnicodeDecodeError: 'cp949' codec can't decode byte 0xe2 in position 2057: illegal multibyte sequence</error></testcase><testcase classname="tests.test_whatif_scenario.TestWhatIfEdgeCases" name="test_zero_budget_scenario" time="0.000"><error message="failed on setup with &quot;UnicodeDecodeError: 'cp949' codec can't decode byte 0xe2 in position 2057: illegal multibyte sequence&quot;">E   UnicodeDecodeError: 'cp949' codec can't decode byte 0xe2 in position 2057: illegal multibyte sequence</error></testcase><testcase classname="tests.test_whatif_scenario.TestWhatIfEdgeCases" name="test_very_large_budget" time="0.000"><error message="failed on setup with &quot;UnicodeDecodeError: 'cp949' codec can't decode byte 0xe2 in position 2057: illegal multibyte sequence&quot;">E   UnicodeDecodeError: 'cp949' codec can't decode byte 0xe2 in position 2057: illegal multibyte sequence</error></testcase><testcase classname="tests.test_whatif_scenario.TestWhatIfEdgeCases" name="test_zero_clv_multiplier" time="0.000"><error message="failed on setup with &quot;UnicodeDecodeError: 'cp949' codec can't decode byte 0xe2 in position 2057: illegal multibyte sequence&quot;">E   UnicodeDecodeError: 'cp949' codec can't decode byte 0xe2 in position 2057: illegal multibyte sequence</error></testcase><testcase classname="tests.test_whatif_scenario.TestWhatIfEdgeCases" name="test_zero_churn_multiplier" time="0.000"><error message="failed on setup with &quot;UnicodeDecodeError: 'cp949' codec can't decode byte 0xe2 in position 2057: illegal multibyte sequence&quot;">E   UnicodeDecodeError: 'cp949' codec can't decode byte 0xe2 in position 2057: illegal multibyte sequence</error></testcase><testcase classname="tests.test_whatif_scenario.TestWhatIfEdgeCases" name="test_compare_strategies_zero_budget" time="0.000"><error message="failed on setup with &quot;UnicodeDecodeError: 'cp949' codec can't decode byte 0xe2 in position 2057: illegal multibyte sequence&quot;">E   UnicodeDecodeError: 'cp949' codec can't decode byte 0xe2 in position 2057: illegal multibyte sequence</error></testcase><testcase classname="tests.test_whatif_scenario.TestWhatIfEdgeCases" name="test_vary_parameter_single_value" time="0.000"><error message="failed on setup with &quot;UnicodeDecodeError: 'cp949' codec can't decode byte 0xe2 in position 2057: illegal multibyte sequence&quot;">E   UnicodeDecodeError: 'cp949' codec can't decode byte 0xe2 in position 2057: illegal multibyte sequence</error></testcase><testcase classname="tests.test_whatif_scenario.TestWhatIfReproducibility" name="test_same_seed_same_scenario" time="0.000"><error message="failed on setup with &quot;UnicodeDecodeError: 'cp949' codec can't decode byte 0xe2 in position 2057: illegal multibyte sequence&quot;">E   UnicodeDecodeError: 'cp949' codec can't decode byte 0xe2 in position 2057: illegal multibyte sequence</error></testcase><testcase classname="tests.test_whatif_scenario.TestWhatIfReproducibility" name="test_same_seed_same_strategy_comparison" time="0.000"><error message="failed on setup with &quot;UnicodeDecodeError: 'cp949' codec can't decode byte 0xe2 in position 2057: illegal multibyte sequence&quot;">E   UnicodeDecodeError: 'cp949' codec can't decode byte 0xe2 in position 2057: illegal multibyte sequence</error></testcase></testsuite></testsuites>