<?xml version="1.0" encoding="utf-8"?><testsuites name="pytest tests"><testsuite name="pytest" errors="0" failures="0" skipped="0" tests="167" time="82.521" timestamp="2026-05-08T12:31:55.523858+09:00" hostname="yoon"><testcase classname="tests.test_data_generator.TestConfigLoading" name="test_config_file_exists" time="0.001" /><testcase classname="tests.test_data_generator.TestConfigLoading" name="test_config_has_required_sections" time="0.012" /><testcase classname="tests.test_data_generator.TestConfigLoading" name="test_config_has_six_personas" time="0.011" /><testcase classname="tests.test_data_generator.TestConfigLoading" name="test_config_persona_proportions_sum_to_one" time="0.011" /><testcase classname="tests.test_data_generator.TestConfigLoading" name="test_config_has_random_seed" time="0.011" /><testcase classname="tests.test_data_generator.TestConfigLoading" name="test_small_mode_matches_requirement" time="0.011" /><testcase classname="tests.test_data_generator.TestConfigLoading" name="test_config_churn_definition" time="0.019" /><testcase classname="tests.test_data_generator.TestConfigLoading" name="test_config_has_eight_event_types" time="0.012" /><testcase classname="tests.test_data_generator.TestConfigLoading" name="test_config_event_types_content" time="0.011" /><testcase classname="tests.test_data_generator.TestCustomerGeneration" name="test_generator_creates_customers_dataframe" time="0.869" /><testcase classname="tests.test_data_generator.TestCustomerGeneration" name="test_correct_number_of_customers" time="0.279" /><testcase classname="tests.test_data_generator.TestCustomerGeneration" name="test_customer_has_required_columns" time="0.290" /><testcase classname="tests.test_data_generator.TestCustomerGeneration" name="test_all_personas_represented" time="0.270" /><testcase classname="tests.test_data_generator.TestCustomerGeneration" name="test_persona_distribution_approximate" time="0.279" /><testcase classname="tests.test_data_generator.TestCustomerGeneration" name="test_customer_ids_unique" time="0.274" /><testcase classname="tests.test_data_generator.TestTreatmentControlGroups" name="test_treatment_control_split" time="0.276" /><testcase classname="tests.test_data_generator.TestTreatmentControlGroups" name="test_treatment_control_balance" time="0.290" /><testcase classname="tests.test_data_generator.TestTreatmentControlGroups" name="test_treatment_group_minimum_size" time="0.289" /><testcase classname="tests.test_data_generator.TestTreatmentControlGroups" name="test_generator_marks_reduced_test_run_as_small_mode" time="0.013" /><testcase classname="tests.test_data_generator.TestTreatmentControlGroups" name="test_generator_can_reach_full_mode_when_feasible" time="0.015" /><testcase classname="tests.test_data_generator.TestEventGeneration" name="test_events_dataframe_created" time="0.349" /><testcase classname="tests.test_data_generator.TestEventGeneration" name="test_events_have_required_columns" time="0.290" /><testcase classname="tests.test_data_generator.TestEventGeneration" name="test_empty_event_frame_uses_submission_schema" time="0.013" /><testcase classname="tests.test_data_generator.TestEventGeneration" name="test_all_event_types_present" time="0.339" /><testcase classname="tests.test_data_generator.TestEventGeneration" name="test_events_linked_to_valid_customers" time="0.360" /><testcase classname="tests.test_data_generator.TestEventGeneration" name="test_events_within_simulation_period" time="0.312" /><testcase classname="tests.test_data_generator.TestEventGeneration" name="test_purchase_events_have_amount" time="0.374" /><testcase classname="tests.test_data_generator.TestEventGeneration" name="test_visit_events_have_positive_session_duration" time="0.367" /><testcase classname="tests.test_data_generator.TestChurnLabeling" name="test_churn_labels_exist" time="0.354" /><testcase classname="tests.test_data_generator.TestChurnLabeling" name="test_churn_labels_binary" time="0.451" /><testcase classname="tests.test_data_generator.TestChurnLabeling" name="test_churn_rate_in_target_range" time="0.351" /><testcase classname="tests.test_data_generator.TestChurnLabeling" name="test_churn_based_on_configurable_definition" time="0.419" /><testcase classname="tests.test_data_generator.TestChurnLabeling" name="test_orchestrator_summary_flags_small_mode_validation_skip" time="0.607" /><testcase classname="tests.test_data_generator.TestTemporalBehavior" name="test_behavior_decay_modeled" time="0.419" /><testcase classname="tests.test_data_generator.TestMarketingResponse" name="test_marketing_events_exist" time="0.396" /><testcase classname="tests.test_data_generator.TestMarketingResponse" name="test_marketing_response_metadata_exists" time="0.422" /><testcase classname="tests.test_data_generator.TestMarketingResponse" name="test_differential_persona_response" time="0.462" /><testcase classname="tests.test_data_generator.TestReproducibility" name="test_same_seed_produces_same_customers" time="0.181" /><testcase classname="tests.test_data_generator.TestReproducibility" name="test_same_seed_produces_same_events" time="0.207" /><testcase classname="tests.test_data_generator.TestSingleCustomerEventGenerator" name="test_single_customer_produces_events" time="0.031" /><testcase classname="tests.test_data_generator.TestSingleCustomerEventGenerator" name="test_single_customer_all_8_event_types" time="0.031" /><testcase classname="tests.test_data_generator.TestSingleCustomerEventGenerator" name="test_single_customer_event_record_structure" time="0.025" /><testcase classname="tests.test_data_generator.TestSingleCustomerEventGenerator" name="test_single_customer_purchase_has_positive_amount" time="0.031" /><testcase classname="tests.test_data_generator.TestSingleCustomerEventGenerator" name="test_single_customer_non_purchase_has_null_amount" time="0.032" /><testcase classname="tests.test_data_generator.TestSingleCustomerEventGenerator" name="test_single_customer_events_span_timeline" time="0.038" /><testcase classname="tests.test_data_generator.TestSingleCustomerEventGenerator" name="test_vip_more_events_than_dormant" time="0.030" /><testcase classname="tests.test_data_generator.TestSingleCustomerEventGenerator" name="test_vip_more_purchases_than_dormant" time="0.040" /><testcase classname="tests.test_data_generator.TestSingleCustomerEventGenerator" name="test_persona_engagement_affects_visit_frequency" time="0.042" /><testcase classname="tests.test_data_generator.TestSingleCustomerEventGenerator" name="test_treatment_increases_coupon_usage" time="0.043" /><testcase classname="tests.test_data_generator.TestSingleCustomerEventGenerator" name="test_purchase_frequency_monthly_controls_purchase_volume" time="0.045" /><testcase classname="tests.test_data_generator.TestSingleCustomerEventGenerator" name="test_behavior_decay_reduces_late_activity" time="0.023" /><testcase classname="tests.test_data_generator.TestSingleCustomerEventGenerator" name="test_session_duration_decays_over_time" time="0.024" /><testcase classname="tests.test_data_generator.TestSingleCustomerEventGenerator" name="test_weekend_activity_boost" time="0.042" /><testcase classname="tests.test_data_generator.TestDataOutput" name="test_save_to_files" time="0.602" /><testcase classname="tests.test_data_generator.TestDataOutput" name="test_saved_data_loadable" time="0.657" /><testcase classname="tests.test_make_dataset" name="test_apply_generation_overrides_small_mode" time="0.183" /><testcase classname="tests.test_make_dataset" name="test_make_dataset_writes_raw_processed_and_feature_store" time="2.791" /><testcase classname="tests.test_orchestrator.TestOrchestratorInitialization" name="test_orchestrator_creates_from_config" time="0.023" /><testcase classname="tests.test_orchestrator.TestOrchestratorInitialization" name="test_orchestrator_creates_from_yaml_path" time="0.054" /><testcase classname="tests.test_orchestrator.TestOrchestratorInitialization" name="test_orchestrator_default_num_customers" time="0.020" /><testcase classname="tests.test_orchestrator.TestFullPipelineExecution" name="test_run_returns_dict_with_dataframes" time="1.634" /><testcase classname="tests.test_orchestrator.TestFullPipelineExecution" name="test_run_returns_correct_customer_count" time="2.017" /><testcase classname="tests.test_orchestrator.TestFullPipelineExecution" name="test_run_returns_summary" time="1.507" /><testcase classname="tests.test_orchestrator.TestTreatmentControlSplit" name="test_treatment_control_exact_split" time="1.556" /><testcase classname="tests.test_orchestrator.TestTreatmentControlSplit" name="test_treatment_control_groups_only" time="1.557" /><testcase classname="tests.test_orchestrator.TestPersonaAssignment" name="test_all_personas_assigned" time="1.597" /><testcase classname="tests.test_orchestrator.TestPersonaAssignment" name="test_persona_proportions_match_config" time="1.535" /><testcase classname="tests.test_orchestrator.TestOutputFiles" name="test_csv_files_created" time="1.517" /><testcase classname="tests.test_orchestrator.TestOutputFiles" name="test_parquet_files_created" time="1.548" /><testcase classname="tests.test_orchestrator.TestOutputFiles" name="test_csv_files_loadable" time="1.597" /><testcase classname="tests.test_orchestrator.TestOutputFiles" name="test_parquet_files_loadable" time="1.733" /><testcase classname="tests.test_orchestrator.TestOutputFiles" name="test_summary_json_created" time="1.508" /><testcase classname="tests.test_orchestrator.TestPipelineState" name="test_pipeline_state_created" time="1.483" /><testcase classname="tests.test_orchestrator.TestPipelineState" name="test_pipeline_state_completed" time="1.534" /><testcase classname="tests.test_orchestrator.TestPipelineState" name="test_pipeline_state_on_failure" time="0.035" /><testcase classname="tests.test_orchestrator.TestReproducibility" name="test_reproducible_output" time="0.336" /><testcase classname="tests.test_preprocessing.TestDataLoading" name="test_load_customers_csv" time="0.014" /><testcase classname="tests.test_preprocessing.TestDataLoading" name="test_load_events_csv" time="0.575" /><testcase classname="tests.test_preprocessing.TestDataLoading" name="test_date_columns_parsed" time="0.579" /><testcase classname="tests.test_preprocessing.TestMissingValueHandling" name="test_detect_missing_values" time="0.509" /><testcase classname="tests.test_preprocessing.TestMissingValueHandling" name="test_handle_missing_amounts" time="0.532" /><testcase classname="tests.test_preprocessing.TestMissingValueHandling" name="test_handle_missing_dates" time="0.537" /><testcase classname="tests.test_preprocessing.TestOutlierHandling" name="test_detect_outliers" time="0.493" /><testcase classname="tests.test_preprocessing.TestOutlierHandling" name="test_handle_outliers_capping" time="0.491" /><testcase classname="tests.test_preprocessing.TestTrainTestSplit" name="test_time_based_split" time="0.516" /><testcase classname="tests.test_preprocessing.TestTrainTestSplit" name="test_no_data_leakage" time="0.538" /><testcase classname="tests.test_preprocessing.TestTrainTestSplit" name="test_split_ratio_approximate" time="0.507" /><testcase classname="tests.test_preprocessing.TestSequencePreparation" name="test_create_event_sequences" time="0.490" /><testcase classname="tests.test_preprocessing.TestSequencePreparation" name="test_sequence_padding" time="0.503" /><testcase classname="tests.test_preprocessing.TestSequencePreparation" name="test_event_type_encoding" time="0.490" /><testcase classname="tests.test_preprocessing.TestFeatureScaling" name="test_standard_scaling" time="0.003" /><testcase classname="tests.test_preprocessing.TestFeatureScaling" name="test_minmax_scaling" time="0.002" /><testcase classname="tests.test_preprocessing.TestDataValidation" name="test_validate_no_duplicate_customer_ids" time="0.002" /><testcase classname="tests.test_preprocessing.TestDataValidation" name="test_validate_event_references" time="0.453" /><testcase classname="tests.test_preprocessing.TestDataValidation" name="test_validate_date_order" time="0.440" /><testcase classname="tests.test_feature_engineering.TestRFMFeatures" name="test_rfm_features_computed" time="0.594" /><testcase classname="tests.test_feature_engineering.TestRFMFeatures" name="test_recency_non_negative" time="0.606" /><testcase classname="tests.test_feature_engineering.TestRFMFeatures" name="test_frequency_non_negative" time="0.583" /><testcase classname="tests.test_feature_engineering.TestRFMFeatures" name="test_monetary_non_negative" time="0.456" /><testcase classname="tests.test_feature_engineering.TestRFMFeatures" name="test_rfm_covers_all_customers" time="0.428" /><testcase classname="tests.test_feature_engineering.TestBehavioralChangeFeatures" name="test_change_features_computed" time="0.786" /><testcase classname="tests.test_feature_engineering.TestBehavioralChangeFeatures" name="test_visit_frequency_change" time="0.756" /><testcase classname="tests.test_feature_engineering.TestBehavioralChangeFeatures" name="test_purchase_cycle_change" time="0.747" /><testcase classname="tests.test_feature_engineering.TestBehavioralChangeFeatures" name="test_session_duration_change" time="0.728" /><testcase classname="tests.test_feature_engineering.TestBehavioralChangeFeatures" name="test_cart_conversion_change" time="0.720" /><testcase classname="tests.test_feature_engineering.TestBehavioralChangeFeatures" name="test_coupon_response_change" time="0.726" /><testcase classname="tests.test_feature_engineering.TestPurchaseCycleAnomaly" name="test_purchase_cycle_anomaly_computed" time="0.431" /><testcase classname="tests.test_feature_engineering.TestPurchaseCycleAnomaly" name="test_anomaly_non_negative" time="0.449" /><testcase classname="tests.test_feature_engineering.TestPurchaseCycleAnomaly" name="test_high_anomaly_for_overdue_customers" time="0.436" /><testcase classname="tests.test_feature_engineering.TestSessionQualityFeatures" name="test_session_features_computed" time="0.573" /><testcase classname="tests.test_feature_engineering.TestSessionQualityFeatures" name="test_avg_session_duration" time="0.588" /><testcase classname="tests.test_feature_engineering.TestSessionQualityFeatures" name="test_pageviews_per_session" time="0.556" /><testcase classname="tests.test_feature_engineering.TestSessionQualityFeatures" name="test_search_to_purchase_rate" time="0.564" /><testcase classname="tests.test_feature_engineering.TestSequenceFeatures" name="test_sequence_features_computed" time="0.627" /><testcase classname="tests.test_feature_engineering.TestSequenceFeatures" name="test_event_sequence_embedding" time="0.704" /><testcase classname="tests.test_feature_engineering.TestSequenceFeatures" name="test_behavior_pattern_cluster" time="0.668" /><testcase classname="tests.test_feature_engineering.TestTimeBasedFeatures" name="test_time_features_computed" time="0.628" /><testcase classname="tests.test_feature_engineering.TestTimeBasedFeatures" name="test_weekend_weekday_ratio" time="0.606" /><testcase classname="tests.test_feature_engineering.TestTimeBasedFeatures" name="test_time_of_day_features" time="0.690" /><testcase classname="tests.test_feature_engineering.TestJourneyStageFeatures" name="test_journey_stage_computed" time="0.697" /><testcase classname="tests.test_feature_engineering.TestJourneyStageFeatures" name="test_journey_stages_valid" time="0.649" /><testcase classname="tests.test_feature_engineering.TestJourneyStageFeatures" name="test_stage_tenure_computed" time="0.628" /><testcase classname="tests.test_feature_engineering.TestMissingAndOutlierHandling" name="test_no_nan_in_final_features" time="1.600" /><testcase classname="tests.test_feature_engineering.TestMissingAndOutlierHandling" name="test_no_inf_in_final_features" time="2.087" /><testcase classname="tests.test_feature_engineering.TestMissingAndOutlierHandling" name="test_numeric_outliers_are_clipped" time="2.443" /><testcase classname="tests.test_feature_engineering.TestFeatureStore" name="test_save_features" time="2.049" /><testcase classname="tests.test_feature_engineering.TestFeatureStore" name="test_load_features" time="1.961" /><testcase classname="tests.test_feature_engineering.TestFeatureStore" name="test_save_features_csv_fallback_when_parquet_fails" time="1.482" /><testcase classname="tests.test_feature_engineering.TestFeatureStore" name="test_load_features_csv_fallback_when_parquet_read_fails" time="1.674" /><testcase classname="tests.test_feature_engineering.TestFeatureCount" name="test_minimum_30_features" time="1.980" /><testcase classname="tests.test_feature_engineering.TestFeatureCount" name="test_all_feature_groups_present" time="2.154" /><testcase classname="tests.test_segmentation.TestSegmentationImports" name="test_import_customer_segmenter" time="0.000" /><testcase classname="tests.test_segmentation.TestSegmentationImports" name="test_import_from_features_init" time="0.000" /><testcase classname="tests.test_segmentation.TestSegmentationConfig" name="test_config_has_segments" time="0.024" /><testcase classname="tests.test_segmentation.TestSegmentationConfig" name="test_config_segment_structure" time="0.025" /><testcase classname="tests.test_segmentation.TestSegmentationConfig" name="test_config_segment_names_unique" time="0.023" /><testcase classname="tests.test_segmentation.TestSegmentationConfig" name="test_custom_config_overrides" time="0.001" /><testcase classname="tests.test_segmentation.TestRFMScoring" name="test_compute_rfm_scores" time="0.030" /><testcase classname="tests.test_segmentation.TestRFMScoring" name="test_recency_inverse_scoring" time="0.033" /><testcase classname="tests.test_segmentation.TestRFMScoring" name="test_frequency_direct_scoring" time="0.029" /><testcase classname="tests.test_segmentation.TestRFMScoring" name="test_rfm_scores_configurable_bins" time="0.012" /><testcase classname="tests.test_segmentation.TestSegmentAssignment" name="test_segment_customers_returns_all" time="0.052" /><testcase classname="tests.test_segmentation.TestSegmentAssignment" name="test_at_least_six_segments" time="0.058" /><testcase classname="tests.test_segmentation.TestSegmentAssignment" name="test_segment_names_match_config" time="0.050" /><testcase classname="tests.test_segmentation.TestSegmentAssignment" name="test_vip_loyal_has_high_rfm" time="0.066" /><testcase classname="tests.test_segmentation.TestSegmentAssignment" name="test_at_risk_has_low_recency_score" time="0.062" /><testcase classname="tests.test_segmentation.TestKMeansSegmentation" name="test_kmeans_method" time="0.034" /><testcase classname="tests.test_segmentation.TestKMeansSegmentation" name="test_kmeans_assigns_all" time="0.027" /><testcase classname="tests.test_segmentation.TestSegmentSummary" name="test_get_segment_summary" time="0.046" /><testcase classname="tests.test_segmentation.TestSegmentSummary" name="test_summary_counts_sum_to_total" time="0.066" /><testcase classname="tests.test_segmentation.TestSegmentSummary" name="test_summary_percentages_sum_to_100" time="0.062" /><testcase classname="tests.test_segmentation.TestSegmentSummary" name="test_summary_includes_rfm_means" time="0.061" /><testcase classname="tests.test_segmentation.TestValueUpliftSegmentation" name="test_segment_value_uplift_customers" time="0.055" /><testcase classname="tests.test_segmentation.TestValueUpliftSegmentation" name="test_value_uplift_summary_includes_new_metrics" time="0.045" /><testcase classname="tests.test_segmentation.TestValueUpliftSegmentation" name="test_high_value_actionable_evidence_report_present" time="0.047" /><testcase classname="tests.test_segmentation.TestValueUpliftSegmentation" name="test_high_value_actionable_absence_report_validates" time="0.039" /><testcase classname="tests.test_segmentation.TestValueUpliftSegmentation" name="test_missing_high_value_actionable_and_absence_fails_validation" time="0.023" /><testcase classname="tests.test_segmentation.TestValueUpliftSegmentation" name="test_run_segment_persists_structured_absence_report" time="0.691" /><testcase classname="tests.test_segmentation.TestValueUpliftSegmentation" name="test_segment_artifact_validation_rejects_sure_thing_without_absence" time="0.003" /><testcase classname="tests.test_segmentation.TestRetentionActions" name="test_get_retention_actions" time="0.035" /><testcase classname="tests.test_segmentation.TestRetentionActions" name="test_actions_match_segments" time="0.033" /><testcase classname="tests.test_segmentation.TestSegmentationEdgeCases" name="test_single_customer" time="0.021" /><testcase classname="tests.test_segmentation.TestSegmentationEdgeCases" name="test_zero_values" time="0.026" /><testcase classname="tests.test_segmentation.TestSegmentationEdgeCases" name="test_all_identical_customers" time="0.025" /><testcase classname="tests.test_segmentation.TestSegmentationEdgeCases" name="test_reproducibility_with_seed" time="0.046" /><testcase classname="tests.test_generation_summary_schema" name="test_generation_summary_validates_event_metadata" time="1.040" /><testcase classname="tests.test_generation_summary_schema" name="test_event_metadata_check_rejects_legacy_raw_schema" time="0.033" /></testsuite></testsuites>