{"meta": {"format": 3, "version": "7.13.5", "timestamp": "2026-05-12T01:22:10.836545", "branch_coverage": false, "show_contexts": false}, "files": {"src\\__init__.py": {"executed_lines": [], "summary": {"covered_lines": 0, "num_statements": 0, "percent_covered": 100.0, "percent_covered_display": "100", "missing_lines": 0, "excluded_lines": 0, "percent_statements_covered": 100.0, "percent_statements_covered_display": "100"}, "missing_lines": [], "excluded_lines": [], "functions": {"": {"executed_lines": [], "summary": {"covered_lines": 0, "num_statements": 0, "percent_covered": 100.0, "percent_covered_display": "100", "missing_lines": 0, "excluded_lines": 0, "percent_statements_covered": 100.0, "percent_statements_covered_display": "100"}, "missing_lines": [], "excluded_lines": [], "start_line": 1}}, "classes": {"": {"executed_lines": [], "summary": {"covered_lines": 0, "num_statements": 0, "percent_covered": 100.0, "percent_covered_display": "100", "missing_lines": 0, "excluded_lines": 0, "percent_statements_covered": 100.0, "percent_statements_covered_display": "100"}, "missing_lines": [], "excluded_lines": [], "start_line": 1}}}, "src\\__main__.py": {"executed_lines": [], "summary": {"covered_lines": 0, "num_statements": 3, "percent_covered": 0.0, "percent_covered_display": "0", "missing_lines": 3, "excluded_lines": 0, "percent_statements_covered": 0.0, "percent_statements_covered_display": "0"}, "missing_lines": [2, 4, 5], "excluded_lines": [], "functions": {"": {"executed_lines": [], "summary": {"covered_lines": 0, "num_statements": 3, "percent_covered": 0.0, "percent_covered_display": "0", "missing_lines": 3, "excluded_lines": 0, "percent_statements_covered": 0.0, "percent_statements_covered_display": "0"}, "missing_lines": [2, 4, 5], "excluded_lines": [], "start_line": 1}}, "classes": {"": {"executed_lines": [], "summary": {"covered_lines": 0, "num_statements": 3, "percent_covered": 0.0, "percent_covered_display": "0", "missing_lines": 3, "excluded_lines": 0, "percent_statements_covered": 0.0, "percent_statements_covered_display": "0"}, "missing_lines": [2, 4, 5], "excluded_lines": [], "start_line": 1}}}, "src\\analysis\\__init__.py": {"executed_lines": [2, 3, 5], "summary": {"covered_lines": 3, "num_statements": 3, "percent_covered": 100.0, "percent_covered_display": "100", "missing_lines": 0, "excluded_lines": 0, "percent_statements_covered": 100.0, "percent_statements_covered_display": "100"}, "missing_lines": [], "excluded_lines": [], "functions": {"": {"executed_lines": [2, 3, 5], "summary": {"covered_lines": 3, "num_statements": 3, "percent_covered": 100.0, "percent_covered_display": "100", "missing_lines": 0, "excluded_lines": 0, "percent_statements_covered": 100.0, "percent_statements_covered_display": "100"}, "missing_lines": [], "excluded_lines": [], "start_line": 1}}, "classes": {"": {"executed_lines": [2, 3, 5], "summary": {"covered_lines": 3, "num_statements": 3, "percent_covered": 100.0, "percent_covered_display": "100", "missing_lines": 0, "excluded_lines": 0, "percent_statements_covered": 100.0, "percent_statements_covered_display": "100"}, "missing_lines": [], "excluded_lines": [], "start_line": 1}}}, "src\\analysis\\ab_testing.py": {"executed_lines": [19, 20, 22, 23, 24, 26, 28, 36, 44, 45, 70, 71, 72, 80, 81, 83, 91, 92, 117, 118, 119, 128, 129, 132, 133, 134, 135, 139, 140, 143, 146, 147, 148, 150, 152, 160, 161, 186, 187, 188, 196, 197, 200, 201, 202, 205, 206, 208, 211, 212, 213, 215, 217, 231, 243, 244, 245, 246, 252, 281, 282, 283, 285, 288, 292, 294, 306, 331, 332, 333, 336, 337, 338, 339, 341, 342, 345, 346, 348, 361, 389, 390, 391, 393, 396, 397, 399, 411, 436, 437, 438, 440, 441, 442, 443, 445, 447, 448, 449, 451, 452, 455, 457, 473, 511, 513, 514, 516, 517, 519, 520, 521, 524, 525, 527, 528, 530, 532, 533, 536, 544, 547, 548, 551, 555, 567, 584, 589, 590, 593, 594, 595, 598, 601, 603, 612, 656, 658, 661, 662, 663, 669, 687, 688, 690, 696, 698, 716, 717, 718, 720, 728, 737, 776, 778, 779, 780, 782, 787, 788, 789, 790, 793, 794, 796, 797, 799, 801, 812, 813, 815, 816, 818, 825, 827, 840, 841, 842, 848, 849, 870, 872, 875, 876, 877, 878, 879, 881, 883, 885, 886, 888, 890, 896, 931, 934, 943, 944, 945, 948, 949, 954, 955, 956, 960, 962, 965, 966, 968, 969, 970, 971, 972, 973, 975, 976, 979, 980, 981, 983, 986, 987, 988, 989, 990, 991, 994, 995, 998, 1008, 1010, 1020, 1026, 1044, 1045, 1047, 1050, 1051, 1052, 1053, 1054, 1055, 1056, 1057, 1058, 1066, 1068, 1085, 1087, 1088, 1106, 1107, 1109, 1110, 1111, 1115, 1116, 1122, 1123, 1132, 1145, 1146, 1148, 1149, 1150, 1151, 1153, 1155, 1157, 1159, 1165, 1168], "summary": {"covered_lines": 272, "num_statements": 277, "percent_covered": 98.19494584837545, "percent_covered_display": "98", "missing_lines": 5, "excluded_lines": 0, "percent_statements_covered": 98.19494584837545, "percent_statements_covered_display": "98"}, "missing_lines": [884, 894, 977, 993, 1127], "excluded_lines": [], "functions": {"MultipleComparisonCorrection.bonferroni": {"executed_lines": [70, 71, 72, 80, 81, 83], "summary": {"covered_lines": 6, "num_statements": 6, "percent_covered": 100.0, "percent_covered_display": "100", "missing_lines": 0, "excluded_lines": 0, "percent_statements_covered": 100.0, "percent_statements_covered_display": "100"}, "missing_lines": [], "excluded_lines": [], "start_line": 45}, "MultipleComparisonCorrection.fdr_bh": {"executed_lines": [117, 118, 119, 128, 129, 132, 133, 134, 135, 139, 140, 143, 146, 147, 148, 150, 152], "summary": {"covered_lines": 17, "num_statements": 17, "percent_covered": 100.0, "percent_covered_display": "100", "missing_lines": 0, "excluded_lines": 0, "percent_statements_covered": 100.0, "percent_statements_covered_display": "100"}, "missing_lines": [], "excluded_lines": [], "start_line": 92}, "MultipleComparisonCorrection.holm_bonferroni": {"executed_lines": [186, 187, 188, 196, 197, 200, 201, 202, 205, 206, 208, 211, 212, 213, 215, 217], "summary": {"covered_lines": 16, "num_statements": 16, "percent_covered": 100.0, "percent_covered_display": "100", "missing_lines": 0, "excluded_lines": 0, "percent_statements_covered": 100.0, "percent_statements_covered_display": "100"}, "missing_lines": [], "excluded_lines": [], "start_line": 161}, "StatisticalTestSuite.__init__": {"executed_lines": [244, 245, 246], "summary": {"covered_lines": 3, "num_statements": 3, "percent_covered": 100.0, "percent_covered_display": "100", "missing_lines": 0, "excluded_lines": 0, "percent_statements_covered": 100.0, "percent_statements_covered_display": "100"}, "missing_lines": [], "excluded_lines": [], "start_line": 243}, "StatisticalTestSuite.t_test": {"executed_lines": [281, 282, 283, 285, 288, 292, 294], "summary": {"covered_lines": 7, "num_statements": 7, "percent_covered": 100.0, "percent_covered_display": "100", "missing_lines": 0, "excluded_lines": 0, "percent_statements_covered": 100.0, "percent_statements_covered_display": "100"}, "missing_lines": [], "excluded_lines": [], "start_line": 252}, "StatisticalTestSuite.chi_square_test": {"executed_lines": [331, 332, 333, 336, 337, 338, 339, 341, 342, 345, 346, 348], "summary": {"covered_lines": 12, "num_statements": 12, "percent_covered": 100.0, "percent_covered_display": "100", "missing_lines": 0, "excluded_lines": 0, "percent_statements_covered": 100.0, "percent_statements_covered_display": "100"}, "missing_lines": [], "excluded_lines": [], "start_line": 306}, "StatisticalTestSuite.mann_whitney_u_test": {"executed_lines": [389, 390, 391, 393, 396, 397, 399], "summary": {"covered_lines": 7, "num_statements": 7, "percent_covered": 100.0, "percent_covered_display": "100", "missing_lines": 0, "excluded_lines": 0, "percent_statements_covered": 100.0, "percent_statements_covered_display": "100"}, "missing_lines": [], "excluded_lines": [], "start_line": 361}, "StatisticalTestSuite.z_test_proportions": {"executed_lines": [436, 437, 438, 440, 441, 442, 443, 445, 447, 448, 449, 451, 452, 455, 457], "summary": {"covered_lines": 15, "num_statements": 15, "percent_covered": 100.0, "percent_covered_display": "100", "missing_lines": 0, "excluded_lines": 0, "percent_statements_covered": 100.0, "percent_statements_covered_display": "100"}, "missing_lines": [], "excluded_lines": [], "start_line": 411}, "StatisticalTestSuite.run_multiple_tests": {"executed_lines": [511, 513, 514, 516, 517, 519, 520, 521, 524, 525, 527, 528, 530, 532, 533, 536, 544, 547, 548, 551, 555], "summary": {"covered_lines": 21, "num_statements": 21, "percent_covered": 100.0, "percent_covered_display": "100", "missing_lines": 0, "excluded_lines": 0, "percent_statements_covered": 100.0, "percent_statements_covered_display": "100"}, "missing_lines": [], "excluded_lines": [], "start_line": 473}, "ExperimentManager.__init__": {"executed_lines": [589, 590, 593, 594, 595, 598, 601, 603], "summary": {"covered_lines": 8, "num_statements": 8, "percent_covered": 100.0, "percent_covered_display": "100", "missing_lines": 0, "excluded_lines": 0, "percent_statements_covered": 100.0, "percent_statements_covered_display": "100"}, "missing_lines": [], "excluded_lines": [], "start_line": 584}, "ExperimentManager.create_experiment": {"executed_lines": [656, 658, 661, 662, 663, 669, 687, 688, 690, 696], "summary": {"covered_lines": 10, "num_statements": 10, "percent_covered": 100.0, "percent_covered_display": "100", "missing_lines": 0, "excluded_lines": 0, "percent_statements_covered": 100.0, "percent_statements_covered_display": "100"}, "missing_lines": [], "excluded_lines": [], "start_line": 612}, "ExperimentManager.get_experiment": {"executed_lines": [716, 717, 718], "summary": {"covered_lines": 3, "num_statements": 3, "percent_covered": 100.0, "percent_covered_display": "100", "missing_lines": 0, "excluded_lines": 0, "percent_statements_covered": 100.0, "percent_statements_covered_display": "100"}, "missing_lines": [], "excluded_lines": [], "start_line": 698}, "ExperimentManager.list_experiments": {"executed_lines": [728], "summary": {"covered_lines": 1, "num_statements": 1, "percent_covered": 100.0, "percent_covered_display": "100", "missing_lines": 0, "excluded_lines": 0, "percent_statements_covered": 100.0, "percent_statements_covered_display": "100"}, "missing_lines": [], "excluded_lines": [], "start_line": 720}, "ExperimentManager.record_result": {"executed_lines": [776, 778, 779, 780, 782, 787, 788, 789, 790, 793, 794, 796, 797, 799, 801, 812, 813, 815, 816, 818, 825], "summary": {"covered_lines": 21, "num_statements": 21, "percent_covered": 100.0, "percent_covered_display": "100", "missing_lines": 0, "excluded_lines": 0, "percent_statements_covered": 100.0, "percent_statements_covered_display": "100"}, "missing_lines": [], "excluded_lines": [], "start_line": 737}, "ExperimentManager.get_results": {"executed_lines": [840, 841, 842], "summary": {"covered_lines": 3, "num_statements": 3, "percent_covered": 100.0, "percent_covered_display": "100", "missing_lines": 0, "excluded_lines": 0, "percent_statements_covered": 100.0, "percent_statements_covered_display": "100"}, "missing_lines": [], "excluded_lines": [], "start_line": 827}, "ExperimentManager._alpha_spending": {"executed_lines": [870, 872, 875, 876, 877, 878, 879, 881, 883, 885, 886, 888, 890], "summary": {"covered_lines": 13, "num_statements": 15, "percent_covered": 86.66666666666667, "percent_covered_display": "87", "missing_lines": 2, "excluded_lines": 0, "percent_statements_covered": 86.66666666666667, "percent_statements_covered_display": "87"}, "missing_lines": [884, 894], "excluded_lines": [], "start_line": 849}, "ExperimentManager.sequential_test": {"executed_lines": [931, 934, 943, 944, 945, 948, 949, 954, 955, 956, 960, 962, 965, 966, 968, 969, 970, 971, 972, 973, 975, 976, 979, 980, 981, 983, 986, 987, 988, 989, 990, 991, 994, 995, 998, 1008, 1010, 1020], "summary": {"covered_lines": 38, "num_statements": 40, "percent_covered": 95.0, "percent_covered_display": "95", "missing_lines": 2, "excluded_lines": 0, "percent_statements_covered": 95.0, "percent_statements_covered_display": "95"}, "missing_lines": [977, 993], "excluded_lines": [], "start_line": 896}, "ExperimentManager.get_summary": {"executed_lines": [1044, 1045, 1047, 1050, 1051, 1052, 1053, 1054, 1055, 1056, 1057, 1058, 1066, 1068, 1085], "summary": {"covered_lines": 15, "num_statements": 15, "percent_covered": 100.0, "percent_covered_display": "100", "missing_lines": 0, "excluded_lines": 0, "percent_statements_covered": 100.0, "percent_statements_covered_display": "100"}, "missing_lines": [], "excluded_lines": [], "start_line": 1026}, "ExperimentManager._generate_recommendation": {"executed_lines": [1106, 1107, 1109, 1110, 1111, 1115, 1116, 1122, 1123], "summary": {"covered_lines": 9, "num_statements": 10, "percent_covered": 90.0, "percent_covered_display": "90", "missing_lines": 1, "excluded_lines": 0, "percent_statements_covered": 90.0, "percent_statements_covered_display": "90"}, "missing_lines": [1127], "excluded_lines": [], "start_line": 1088}, "ExperimentManager.complete_experiment": {"executed_lines": [1145, 1146, 1148, 1149, 1150, 1151, 1153, 1155, 1157, 1159, 1165], "summary": {"covered_lines": 11, "num_statements": 11, "percent_covered": 100.0, "percent_covered_display": "100", "missing_lines": 0, "excluded_lines": 0, "percent_statements_covered": 100.0, "percent_statements_covered_display": "100"}, "missing_lines": [], "excluded_lines": [], "start_line": 1132}, "": {"executed_lines": [19, 20, 22, 23, 24, 26, 28, 36, 44, 45, 91, 92, 160, 161, 231, 243, 252, 306, 361, 411, 473, 567, 584, 612, 698, 720, 737, 827, 848, 849, 896, 1026, 1087, 1088, 1132, 1168], "summary": {"covered_lines": 36, "num_statements": 36, "percent_covered": 100.0, "percent_covered_display": "100", "missing_lines": 0, "excluded_lines": 0, "percent_statements_covered": 100.0, "percent_statements_covered_display": "100"}, "missing_lines": [], "excluded_lines": [], "start_line": 1}}, "classes": {"MultipleComparisonCorrection": {"executed_lines": [70, 71, 72, 80, 81, 83, 117, 118, 119, 128, 129, 132, 133, 134, 135, 139, 140, 143, 146, 147, 148, 150, 152, 186, 187, 188, 196, 197, 200, 201, 202, 205, 206, 208, 211, 212, 213, 215, 217], "summary": {"covered_lines": 39, "num_statements": 39, "percent_covered": 100.0, "percent_covered_display": "100", "missing_lines": 0, "excluded_lines": 0, "percent_statements_covered": 100.0, "percent_statements_covered_display": "100"}, "missing_lines": [], "excluded_lines": [], "start_line": 36}, "StatisticalTestSuite": {"executed_lines": [244, 245, 246, 281, 282, 283, 285, 288, 292, 294, 331, 332, 333, 336, 337, 338, 339, 341, 342, 345, 346, 348, 389, 390, 391, 393, 396, 397, 399, 436, 437, 438, 440, 441, 442, 443, 445, 447, 448, 449, 451, 452, 455, 457, 511, 513, 514, 516, 517, 519, 520, 521, 524, 525, 527, 528, 530, 532, 533, 536, 544, 547, 548, 551, 555], "summary": {"covered_lines": 65, "num_statements": 65, "percent_covered": 100.0, "percent_covered_display": "100", "missing_lines": 0, "excluded_lines": 0, "percent_statements_covered": 100.0, "percent_statements_covered_display": "100"}, "missing_lines": [], "excluded_lines": [], "start_line": 231}, "ExperimentManager": {"executed_lines": [589, 590, 593, 594, 595, 598, 601, 603, 656, 658, 661, 662, 663, 669, 687, 688, 690, 696, 716, 717, 718, 728, 776, 778, 779, 780, 782, 787, 788, 789, 790, 793, 794, 796, 797, 799, 801, 812, 813, 815, 816, 818, 825, 840, 841, 842, 870, 872, 875, 876, 877, 878, 879, 881, 883, 885, 886, 888, 890, 931, 934, 943, 944, 945, 948, 949, 954, 955, 956, 960, 962, 965, 966, 968, 969, 970, 971, 972, 973, 975, 976, 979, 980, 981, 983, 986, 987, 988, 989, 990, 991, 994, 995, 998, 1008, 1010, 1020, 1044, 1045, 1047, 1050, 1051, 1052, 1053, 1054, 1055, 1056, 1057, 1058, 1066, 1068, 1085, 1106, 1107, 1109, 1110, 1111, 1115, 1116, 1122, 1123, 1145, 1146, 1148, 1149, 1150, 1151, 1153, 1155, 1157, 1159, 1165], "summary": {"covered_lines": 132, "num_statements": 137, "percent_covered": 96.35036496350365, "percent_covered_display": "96", "missing_lines": 5, "excluded_lines": 0, "percent_statements_covered": 96.35036496350365, "percent_statements_covered_display": "96"}, "missing_lines": [884, 894, 977, 993, 1127], "excluded_lines": [], "start_line": 567}, "": {"executed_lines": [19, 20, 22, 23, 24, 26, 28, 36, 44, 45, 91, 92, 160, 161, 231, 243, 252, 306, 361, 411, 473, 567, 584, 612, 698, 720, 737, 827, 848, 849, 896, 1026, 1087, 1088, 1132, 1168], "summary": {"covered_lines": 36, "num_statements": 36, "percent_covered": 100.0, "percent_covered_display": "100", "missing_lines": 0, "excluded_lines": 0, "percent_statements_covered": 100.0, "percent_statements_covered_display": "100"}, "missing_lines": [], "excluded_lines": [], "start_line": 1}}}, "src\\analysis\\cohort_analysis.py": {"executed_lines": [26, 27, 28, 29, 31, 32, 33, 34, 35, 36, 38, 42, 60, 62, 63, 64, 66, 67, 68, 69, 70, 71, 72, 73, 77, 78, 79, 80, 81, 82, 83, 85, 86, 91, 92, 93, 96, 98, 99, 100, 101, 104, 114, 123, 124, 125, 131, 149, 150, 151, 153, 156, 157, 159, 160, 161, 162, 163, 164, 166, 171, 173, 189, 191, 202, 209, 212, 214, 220, 225, 226, 228, 244, 255, 262, 265, 275, 279, 280, 282, 300, 301, 303, 304, 309, 312, 313, 314, 328, 331, 332, 338, 339, 343, 347, 353, 373, 374, 375, 378, 386, 395, 396, 399, 400, 405, 406, 407, 411, 417, 439, 440, 441, 442, 443, 445, 447, 448, 449, 453, 454, 457, 459, 460, 461, 462, 467, 474, 475, 477, 478, 479, 480, 485, 492, 493, 495, 496, 502, 509, 510, 512, 518, 535, 536, 538, 543, 544, 551, 558, 561, 562, 563, 565, 566, 567, 569, 571, 588, 589, 591, 593, 594, 597, 598, 599, 601, 607, 624, 625, 626, 627, 628, 630, 645, 647, 662, 663, 664, 665, 666, 667, 669, 670, 672, 692, 694, 696, 697, 698, 700, 713, 714, 715, 719, 720, 721, 722, 723, 725, 726, 727, 733, 734, 735, 737, 745, 763, 780, 781, 783, 784, 789, 795, 803, 804, 807, 813, 840, 842, 853, 854, 855, 856, 858, 860, 861, 862, 864, 866, 887, 889, 890, 892, 893, 894, 896, 897, 898, 899, 911, 912, 913, 914, 915, 916, 917, 919, 921, 922, 923, 924, 925, 926, 927, 931, 933, 935, 948, 949, 956, 960, 963, 964, 965, 967, 975, 976, 977, 986, 997, 998, 999, 1000, 1001, 1003, 1010, 1011, 1012, 1014, 1016, 1017, 1018, 1020, 1022, 1043, 1045, 1051, 1053, 1054, 1062, 1063, 1064, 1065, 1066, 1067, 1070, 1071, 1080, 1081, 1083, 1084, 1085, 1087, 1089, 1114, 1115, 1117, 1118, 1119, 1120, 1121, 1122, 1123, 1125, 1140, 1167, 1169, 1172, 1174, 1175, 1176, 1177, 1178, 1179, 1180, 1181, 1182, 1184, 1185, 1186, 1191, 1194, 1221, 1223, 1226, 1229, 1230, 1235, 1240, 1241, 1243, 1244, 1246, 1249, 1253, 1254, 1257, 1259, 1264, 1267, 1302, 1303, 1304, 1305, 1307, 1308, 1309, 1311, 1312, 1313, 1314, 1316, 1317, 1318, 1320, 1325, 1333, 1336, 1337, 1338, 1343, 1349, 1350, 1351, 1353, 1354, 1357, 1363, 1368, 1369, 1370, 1374, 1375, 1376, 1378, 1379, 1380, 1383, 1386, 1389, 1390, 1392, 1400, 1408, 1409, 1410, 1411, 1412, 1413, 1414, 1416, 1417, 1420, 1422, 1423, 1427, 1431, 1432, 1433, 1434, 1439, 1443, 1445, 1450, 1451, 1453, 1454, 1455, 1457, 1458, 1459, 1460, 1464, 1467, 1469, 1485, 1486, 1492], "summary": {"covered_lines": 429, "num_statements": 443, "percent_covered": 96.83972911963883, "percent_covered_display": "97", "missing_lines": 14, "excluded_lines": 0, "percent_statements_covered": 96.83972911963883, "percent_statements_covered_display": "97"}, "missing_lines": [87, 192, 198, 215, 245, 251, 321, 345, 409, 729, 961, 1326, 1327, 1361], "excluded_lines": [], "functions": {"_normalize_event_schema": {"executed_lines": [62, 63, 64, 66, 67, 68, 69, 70, 71, 72, 73, 77, 78, 79, 80, 81, 82, 83, 85, 86, 91, 92, 93], "summary": {"covered_lines": 23, "num_statements": 24, "percent_covered": 95.83333333333333, "percent_covered_display": "96", "missing_lines": 1, "excluded_lines": 0, "percent_statements_covered": 95.83333333333333, "percent_statements_covered_display": "96"}, "missing_lines": [87], "excluded_lines": [], "start_line": 60}, "_mean_median_days": {"executed_lines": [98, 99, 100, 101], "summary": {"covered_lines": 4, "num_statements": 4, "percent_covered": 100.0, "percent_covered_display": "100", "missing_lines": 0, "excluded_lines": 0, "percent_statements_covered": 100.0, "percent_statements_covered_display": "100"}, "missing_lines": [], "excluded_lines": [], "start_line": 96}, "CohortAnalyzer.__init__": {"executed_lines": [123, 124, 125], "summary": {"covered_lines": 3, "num_statements": 3, "percent_covered": 100.0, "percent_covered_display": "100", "missing_lines": 0, "excluded_lines": 0, "percent_statements_covered": 100.0, "percent_statements_covered_display": "100"}, "missing_lines": [], "excluded_lines": [], "start_line": 114}, "CohortAnalyzer.assign_cohorts": {"executed_lines": [149, 150, 151, 153, 156, 157, 159, 160, 161, 162, 163, 164, 166, 171], "summary": {"covered_lines": 14, "num_statements": 14, "percent_covered": 100.0, "percent_covered_display": "100", "missing_lines": 0, "excluded_lines": 0, "percent_statements_covered": 100.0, "percent_statements_covered_display": "100"}, "missing_lines": [], "excluded_lines": [], "start_line": 131}, "CohortAnalyzer._assign_monthly_cohorts": {"executed_lines": [189, 191, 202, 209, 212, 214, 220, 225, 226], "summary": {"covered_lines": 9, "num_statements": 12, "percent_covered": 75.0, "percent_covered_display": "75", "missing_lines": 3, "excluded_lines": 0, "percent_statements_covered": 75.0, "percent_statements_covered_display": "75"}, "missing_lines": [192, 198, 215], "excluded_lines": [], "start_line": 173}, "CohortAnalyzer._assign_weekly_cohorts": {"executed_lines": [244, 255, 262, 265, 275, 279, 280], "summary": {"covered_lines": 7, "num_statements": 9, "percent_covered": 77.77777777777777, "percent_covered_display": "78", "missing_lines": 2, "excluded_lines": 0, "percent_statements_covered": 77.77777777777777, "percent_statements_covered_display": "78"}, "missing_lines": [245, 251], "excluded_lines": [], "start_line": 228}, "CohortAnalyzer._assign_behavioral_cohorts": {"executed_lines": [300, 301, 303, 304, 309, 312, 313, 314, 328, 331, 332, 338, 339, 343, 347], "summary": {"covered_lines": 15, "num_statements": 17, "percent_covered": 88.23529411764706, "percent_covered_display": "88", "missing_lines": 2, "excluded_lines": 0, "percent_statements_covered": 88.23529411764706, "percent_statements_covered_display": "88"}, "missing_lines": [321, 345], "excluded_lines": [], "start_line": 282}, "CohortAnalyzer.compute_retention_matrix": {"executed_lines": [373, 374, 375, 378, 386, 395, 396, 399, 400, 405, 406, 407, 411], "summary": {"covered_lines": 13, "num_statements": 14, "percent_covered": 92.85714285714286, "percent_covered_display": "93", "missing_lines": 1, "excluded_lines": 0, "percent_statements_covered": 92.85714285714286, "percent_statements_covered_display": "93"}, "missing_lines": [409], "excluded_lines": [], "start_line": 353}, "CohortAnalyzer.compute_cohort_metrics": {"executed_lines": [439, 440, 441, 442, 443, 445, 447, 448, 449, 453, 454, 457, 459, 460, 461, 462, 467, 474, 475, 477, 478, 479, 480, 485, 492, 493, 495, 496, 502, 509, 510, 512], "summary": {"covered_lines": 32, "num_statements": 32, "percent_covered": 100.0, "percent_covered_display": "100", "missing_lines": 0, "excluded_lines": 0, "percent_statements_covered": 100.0, "percent_statements_covered_display": "100"}, "missing_lines": [], "excluded_lines": [], "start_line": 417}, "CohortAnalyzer.get_cohort_summary": {"executed_lines": [535, 536, 538, 543, 544, 551, 558, 561, 562, 563, 565, 566, 567, 569], "summary": {"covered_lines": 14, "num_statements": 14, "percent_covered": 100.0, "percent_covered_display": "100", "missing_lines": 0, "excluded_lines": 0, "percent_statements_covered": 100.0, "percent_statements_covered_display": "100"}, "missing_lines": [], "excluded_lines": [], "start_line": 518}, "CohortAnalyzer.filter_cohorts": {"executed_lines": [588, 589, 591, 593, 594, 597, 598, 599, 601], "summary": {"covered_lines": 9, "num_statements": 9, "percent_covered": 100.0, "percent_covered_display": "100", "missing_lines": 0, "excluded_lines": 0, "percent_statements_covered": 100.0, "percent_statements_covered_display": "100"}, "missing_lines": [], "excluded_lines": [], "start_line": 571}, "CohortAnalyzer.get_retention_curves": {"executed_lines": [624, 625, 626, 627, 628], "summary": {"covered_lines": 5, "num_statements": 5, "percent_covered": 100.0, "percent_covered_display": "100", "missing_lines": 0, "excluded_lines": 0, "percent_statements_covered": 100.0, "percent_statements_covered_display": "100"}, "missing_lines": [], "excluded_lines": [], "start_line": 607}, "CohortAnalyzer.get_average_retention_curve": {"executed_lines": [645], "summary": {"covered_lines": 1, "num_statements": 1, "percent_covered": 100.0, "percent_covered_display": "100", "missing_lines": 0, "excluded_lines": 0, "percent_statements_covered": 100.0, "percent_statements_covered_display": "100"}, "missing_lines": [], "excluded_lines": [], "start_line": 630}, "CohortAnalyzer.compute_half_life": {"executed_lines": [662, 663, 664, 665, 666, 667, 669, 670], "summary": {"covered_lines": 8, "num_statements": 8, "percent_covered": 100.0, "percent_covered_display": "100", "missing_lines": 0, "excluded_lines": 0, "percent_statements_covered": 100.0, "percent_statements_covered_display": "100"}, "missing_lines": [], "excluded_lines": [], "start_line": 647}, "CohortAnalyzer.compute_churn_rates": {"executed_lines": [692, 694, 696, 697, 698], "summary": {"covered_lines": 5, "num_statements": 5, "percent_covered": 100.0, "percent_covered_display": "100", "missing_lines": 0, "excluded_lines": 0, "percent_statements_covered": 100.0, "percent_statements_covered_display": "100"}, "missing_lines": [], "excluded_lines": [], "start_line": 672}, "CohortAnalyzer.extract_retention_milestones": {"executed_lines": [713, 714, 715, 719, 720, 721, 722, 723, 725, 726, 727, 733, 734, 735], "summary": {"covered_lines": 14, "num_statements": 15, "percent_covered": 93.33333333333333, "percent_covered_display": "93", "missing_lines": 1, "excluded_lines": 0, "percent_statements_covered": 93.33333333333333, "percent_statements_covered_display": "93"}, "missing_lines": [729], "excluded_lines": [], "start_line": 700}, "CohortAnalyzer.analyze_churn_signals": {"executed_lines": [745], "summary": {"covered_lines": 1, "num_statements": 1, "percent_covered": 100.0, "percent_covered_display": "100", "missing_lines": 0, "excluded_lines": 0, "percent_statements_covered": 100.0, "percent_statements_covered_display": "100"}, "missing_lines": [], "excluded_lines": [], "start_line": 737}, "CohortAnalyzer.compute_cumulative_revenue": {"executed_lines": [780, 781, 783, 784, 789, 795, 803, 804, 807], "summary": {"covered_lines": 9, "num_statements": 9, "percent_covered": 100.0, "percent_covered_display": "100", "missing_lines": 0, "excluded_lines": 0, "percent_statements_covered": 100.0, "percent_statements_covered_display": "100"}, "missing_lines": [], "excluded_lines": [], "start_line": 763}, "CohortAnalyzer.plot_retention_heatmap": {"executed_lines": [840, 842, 853, 854, 855, 856, 858, 860, 861, 862, 864], "summary": {"covered_lines": 11, "num_statements": 11, "percent_covered": 100.0, "percent_covered_display": "100", "missing_lines": 0, "excluded_lines": 0, "percent_statements_covered": 100.0, "percent_statements_covered_display": "100"}, "missing_lines": [], "excluded_lines": [], "start_line": 813}, "CohortAnalyzer.plot_retention_lines": {"executed_lines": [887, 889, 890, 892, 893, 894, 896, 897, 898, 899, 911, 912, 913, 914, 915, 916, 917, 919, 921, 922, 923, 924, 925, 926, 927, 931, 933], "summary": {"covered_lines": 27, "num_statements": 27, "percent_covered": 100.0, "percent_covered_display": "100", "missing_lines": 0, "excluded_lines": 0, "percent_statements_covered": 100.0, "percent_statements_covered_display": "100"}, "missing_lines": [], "excluded_lines": [], "start_line": 866}, "CohortAnalyzer.plot_churn_rate_differences": {"executed_lines": [948, 949, 956, 960, 963, 964, 965, 967, 975, 976, 977, 986, 997, 998, 999, 1000, 1001, 1003, 1010, 1011, 1012, 1014, 1016, 1017, 1018, 1020], "summary": {"covered_lines": 26, "num_statements": 27, "percent_covered": 96.29629629629629, "percent_covered_display": "96", "missing_lines": 1, "excluded_lines": 0, "percent_statements_covered": 96.29629629629629, "percent_statements_covered_display": "96"}, "missing_lines": [961], "excluded_lines": [], "start_line": 935}, "CohortAnalyzer.plot_cohort_sizes": {"executed_lines": [1043, 1045, 1051, 1053, 1054, 1062, 1063, 1064, 1065, 1066, 1067, 1070, 1071, 1080, 1081, 1083, 1084, 1085, 1087], "summary": {"covered_lines": 19, "num_statements": 19, "percent_covered": 100.0, "percent_covered_display": "100", "missing_lines": 0, "excluded_lines": 0, "percent_statements_covered": 100.0, "percent_statements_covered_display": "100"}, "missing_lines": [], "excluded_lines": [], "start_line": 1022}, "CohortAnalyzer.full_analysis": {"executed_lines": [1114, 1115, 1117, 1118, 1119, 1120, 1121, 1122, 1123, 1125], "summary": {"covered_lines": 10, "num_statements": 10, "percent_covered": 100.0, "percent_covered_display": "100", "missing_lines": 0, "excluded_lines": 0, "percent_statements_covered": 100.0, "percent_statements_covered_display": "100"}, "missing_lines": [], "excluded_lines": [], "start_line": 1089}, "extract_churn_sequences": {"executed_lines": [1167, 1169, 1172, 1174, 1175, 1176, 1177, 1178, 1179, 1180, 1181, 1182, 1184, 1185, 1186, 1191], "summary": {"covered_lines": 16, "num_statements": 16, "percent_covered": 100.0, "percent_covered_display": "100", "missing_lines": 0, "excluded_lines": 0, "percent_statements_covered": 100.0, "percent_statements_covered_display": "100"}, "missing_lines": [], "excluded_lines": [], "start_line": 1140}, "analyze_pre_churn_events": {"executed_lines": [1221, 1223, 1226, 1229, 1230, 1235, 1240, 1241, 1243, 1244, 1246, 1249, 1253, 1254, 1257, 1259, 1264], "summary": {"covered_lines": 17, "num_statements": 17, "percent_covered": 100.0, "percent_covered_display": "100", "missing_lines": 0, "excluded_lines": 0, "percent_statements_covered": 100.0, "percent_statements_covered_display": "100"}, "missing_lines": [], "excluded_lines": [], "start_line": 1194}, "compute_journey_funnel": {"executed_lines": [1302, 1303, 1304, 1305, 1307, 1308, 1309, 1311, 1312, 1313, 1314, 1316, 1317, 1318, 1320, 1325, 1333, 1336, 1337, 1338, 1343, 1349, 1350, 1351, 1353, 1354, 1357, 1363, 1368, 1369, 1370, 1374, 1375, 1376, 1378, 1379, 1380, 1383, 1386, 1389, 1390, 1392, 1400, 1408, 1409, 1410, 1411, 1412, 1413, 1414, 1416, 1417, 1420, 1422, 1423, 1427, 1431, 1432, 1433, 1434, 1439, 1443, 1445, 1450, 1451, 1453, 1454, 1455, 1457, 1458, 1459, 1460, 1464, 1467, 1469, 1485, 1486, 1492], "summary": {"covered_lines": 78, "num_statements": 81, "percent_covered": 96.29629629629629, "percent_covered_display": "96", "missing_lines": 3, "excluded_lines": 0, "percent_statements_covered": 96.29629629629629, "percent_statements_covered_display": "96"}, "missing_lines": [1326, 1327, 1361], "excluded_lines": [], "start_line": 1267}, "": {"executed_lines": [26, 27, 28, 29, 31, 32, 33, 34, 35, 36, 38, 42, 60, 96, 104, 114, 131, 173, 228, 282, 353, 417, 518, 571, 607, 630, 647, 672, 700, 737, 763, 813, 866, 935, 1022, 1089, 1140, 1194, 1267], "summary": {"covered_lines": 39, "num_statements": 39, "percent_covered": 100.0, "percent_covered_display": "100", "missing_lines": 0, "excluded_lines": 0, "percent_statements_covered": 100.0, "percent_statements_covered_display": "100"}, "missing_lines": [], "excluded_lines": [], "start_line": 1}}, "classes": {"CohortAnalyzer": {"executed_lines": [123, 124, 125, 149, 150, 151, 153, 156, 157, 159, 160, 161, 162, 163, 164, 166, 171, 189, 191, 202, 209, 212, 214, 220, 225, 226, 244, 255, 262, 265, 275, 279, 280, 300, 301, 303, 304, 309, 312, 313, 314, 328, 331, 332, 338, 339, 343, 347, 373, 374, 375, 378, 386, 395, 396, 399, 400, 405, 406, 407, 411, 439, 440, 441, 442, 443, 445, 447, 448, 449, 453, 454, 457, 459, 460, 461, 462, 467, 474, 475, 477, 478, 479, 480, 485, 492, 493, 495, 496, 502, 509, 510, 512, 535, 536, 538, 543, 544, 551, 558, 561, 562, 563, 565, 566, 567, 569, 588, 589, 591, 593, 594, 597, 598, 599, 601, 624, 625, 626, 627, 628, 645, 662, 663, 664, 665, 666, 667, 669, 670, 692, 694, 696, 697, 698, 713, 714, 715, 719, 720, 721, 722, 723, 725, 726, 727, 733, 734, 735, 745, 780, 781, 783, 784, 789, 795, 803, 804, 807, 840, 842, 853, 854, 855, 856, 858, 860, 861, 862, 864, 887, 889, 890, 892, 893, 894, 896, 897, 898, 899, 911, 912, 913, 914, 915, 916, 917, 919, 921, 922, 923, 924, 925, 926, 927, 931, 933, 948, 949, 956, 960, 963, 964, 965, 967, 975, 976, 977, 986, 997, 998, 999, 1000, 1001, 1003, 1010, 1011, 1012, 1014, 1016, 1017, 1018, 1020, 1043, 1045, 1051, 1053, 1054, 1062, 1063, 1064, 1065, 1066, 1067, 1070, 1071, 1080, 1081, 1083, 1084, 1085, 1087, 1114, 1115, 1117, 1118, 1119, 1120, 1121, 1122, 1123, 1125], "summary": {"covered_lines": 252, "num_statements": 262, "percent_covered": 96.18320610687023, "percent_covered_display": "96", "missing_lines": 10, "excluded_lines": 0, "percent_statements_covered": 96.18320610687023, "percent_statements_covered_display": "96"}, "missing_lines": [192, 198, 215, 245, 251, 321, 345, 409, 729, 961], "excluded_lines": [], "start_line": 104}, "": {"executed_lines": [26, 27, 28, 29, 31, 32, 33, 34, 35, 36, 38, 42, 60, 62, 63, 64, 66, 67, 68, 69, 70, 71, 72, 73, 77, 78, 79, 80, 81, 82, 83, 85, 86, 91, 92, 93, 96, 98, 99, 100, 101, 104, 114, 131, 173, 228, 282, 353, 417, 518, 571, 607, 630, 647, 672, 700, 737, 763, 813, 866, 935, 1022, 1089, 1140, 1167, 1169, 1172, 1174, 1175, 1176, 1177, 1178, 1179, 1180, 1181, 1182, 1184, 1185, 1186, 1191, 1194, 1221, 1223, 1226, 1229, 1230, 1235, 1240, 1241, 1243, 1244, 1246, 1249, 1253, 1254, 1257, 1259, 1264, 1267, 1302, 1303, 1304, 1305, 1307, 1308, 1309, 1311, 1312, 1313, 1314, 1316, 1317, 1318, 1320, 1325, 1333, 1336, 1337, 1338, 1343, 1349, 1350, 1351, 1353, 1354, 1357, 1363, 1368, 1369, 1370, 1374, 1375, 1376, 1378, 1379, 1380, 1383, 1386, 1389, 1390, 1392, 1400, 1408, 1409, 1410, 1411, 1412, 1413, 1414, 1416, 1417, 1420, 1422, 1423, 1427, 1431, 1432, 1433, 1434, 1439, 1443, 1445, 1450, 1451, 1453, 1454, 1455, 1457, 1458, 1459, 1460, 1464, 1467, 1469, 1485, 1486, 1492], "summary": {"covered_lines": 177, "num_statements": 181, "percent_covered": 97.79005524861878, "percent_covered_display": "98", "missing_lines": 4, "excluded_lines": 0, "percent_statements_covered": 97.79005524861878, "percent_statements_covered_display": "98"}, "missing_lines": [87, 1326, 1327, 1361], "excluded_lines": [], "start_line": 1}}}, "src\\dashboard\\__init__.py": {"executed_lines": [3], "summary": {"covered_lines": 1, "num_statements": 1, "percent_covered": 100.0, "percent_covered_display": "100", "missing_lines": 0, "excluded_lines": 0, "percent_statements_covered": 100.0, "percent_statements_covered_display": "100"}, "missing_lines": [], "excluded_lines": [], "functions": {"": {"executed_lines": [3], "summary": {"covered_lines": 1, "num_statements": 1, "percent_covered": 100.0, "percent_covered_display": "100", "missing_lines": 0, "excluded_lines": 0, "percent_statements_covered": 100.0, "percent_statements_covered_display": "100"}, "missing_lines": [], "excluded_lines": [], "start_line": 1}}, "classes": {"": {"executed_lines": [3], "summary": {"covered_lines": 1, "num_statements": 1, "percent_covered": 100.0, "percent_covered_display": "100", "missing_lines": 0, "excluded_lines": 0, "percent_statements_covered": 100.0, "percent_statements_covered_display": "100"}, "missing_lines": [], "excluded_lines": [], "start_line": 1}}}, "src\\dashboard\\app.py": {"executed_lines": [20, 21, 22, 23, 25, 26, 27, 28, 29, 31, 41, 44, 45, 46, 47, 71, 72, 119, 127, 128, 129, 138, 141, 142, 145, 151, 152, 153, 157, 166, 167, 170, 172, 177, 180, 182, 184, 185, 186, 187, 196, 208, 209, 211, 214, 216, 225, 228, 229, 230, 231, 232, 234, 235, 236, 239, 249, 255, 262, 263, 270, 271, 272, 273, 278, 281, 282, 285, 286, 292, 297, 298, 299, 300, 301, 302, 312, 313, 318, 319, 327, 331, 342, 343, 344, 350, 351, 354, 398, 406, 417, 418, 420, 423, 424, 425, 431, 767, 779, 780, 782, 785, 787, 788, 789, 792, 793, 794, 799, 800, 801, 802, 805, 806, 807, 809, 810, 811, 815, 817, 818, 824, 827, 828, 835, 840, 850, 851, 854, 855, 866, 867, 868, 871, 872, 878, 881, 884, 885, 886, 889, 903, 912, 913, 914, 917, 961, 962, 963, 964, 968, 969, 977, 978, 979, 989, 1421, 1433, 1434, 1436, 1440, 1441, 1442, 1445, 1447, 1448, 1454, 1859, 1871, 1872, 1874, 1877, 1879, 1880, 1881, 1890, 1891, 1892, 1893, 1894, 1895, 1900, 1909, 1913, 1914, 1924, 1929, 1946, 1947, 1948, 1957, 1958, 1960, 1969, 1970, 1971, 1972, 1973, 1974, 1975, 1978, 1985, 1986, 1999, 2003, 2010, 2015, 2016, 2017, 2018, 2019, 2020, 2021, 2034, 2035, 2044, 2045, 2053, 2056, 2057, 2058, 2066, 2067, 2073, 2074, 2075, 2076, 2077, 2078, 2080, 2081, 2082, 2083, 2084, 2090, 2091, 2092, 2093, 2094, 2100, 2103, 2105, 2106, 2122, 2123, 2132, 2138, 2139, 2144, 2145, 2146, 2153, 2156, 2157, 2159, 2160, 2172, 2173, 2180, 2183, 2184, 2193, 2198, 2199, 2200, 2201, 2202, 2209, 2221, 2224, 2227, 2413, 2425, 2426, 2428, 2431, 2432, 2434, 2435, 2441, 2442, 2445, 2451, 2452, 2456, 2463, 2464, 2465, 2468, 2473, 2474, 2475, 2476, 2477, 2479, 2480, 2481, 2482, 2487, 2488, 2490, 2491, 2497, 2501, 2505, 2507, 2508, 2514, 2522, 2523, 2526, 2529, 2532, 2533, 2534, 2536, 2540, 2551, 2552, 2553, 2560, 2563, 2565, 2566, 2573, 2576, 2579, 2595, 2596, 2597, 2600, 2612, 2614, 2618, 2622, 2623, 2624, 2633, 2634, 2635, 2636, 2638, 2639, 2640, 2641, 2642, 2643, 2644, 2645, 2647, 2648, 2652, 2653, 2654, 2655, 2658, 2660, 2661, 2662, 2673, 2675, 2676, 2681, 2682, 2699, 2700, 2701, 2702, 2708, 2709, 2712, 2714, 2718, 2719, 2720, 2721, 2722, 2727, 2728, 2729, 2733, 2743, 2744, 2745, 2748, 2752, 2758, 2759, 2762, 2774, 2775, 2777, 2780, 2782, 2783, 2784, 2791, 2797, 2803, 2804, 2805, 2806, 2822, 2823, 2833, 2834, 2835, 2836, 2839, 2840, 2855, 2856, 2861, 2865, 2869, 2870, 2880, 2881, 2891, 2892, 2893, 2898, 2899, 2905, 2909, 2913, 2919, 2920, 2922, 2937, 2939, 2946, 2947, 2948, 2949, 2951, 2952, 2955, 2956, 2957, 2968, 2971, 2973, 2974, 2975, 2986, 2988, 2990, 2993, 3005, 3010, 3011, 3014, 3017, 3513, 3525, 3526, 3528, 3531, 3532, 3533, 3535, 3536, 3542, 3544, 3549, 3550, 3552, 3553, 3554, 3555, 3556, 3558, 3559, 3560, 3561, 3562, 3567, 3568, 3569, 3576, 3581, 3585, 3590, 3595, 3596, 3598, 3599, 3600, 3604, 3605, 3614, 3616, 3617, 3625, 3626, 3634, 3639, 3640, 3641, 3657, 3662, 3663, 3664, 3668, 3672, 3674, 3681, 3686, 3689, 3704, 3705, 3706, 3708, 3709, 3711, 3712, 3722, 3723, 3725, 3727, 3728, 3729, 3731, 3732, 3741, 3745, 3750, 3755, 3756, 3764, 3769, 3780, 3781, 3784, 3797, 3798, 3799, 3800, 3803, 3804, 3805, 3806, 3807, 3808, 3813, 3814, 3815, 3832, 3835, 3838, 3839, 3848, 3849, 3854, 3858, 3862, 3873, 3884, 3885, 3887, 3891, 3893, 3894, 3895, 3900, 3901, 3903, 3904, 3907, 3908, 3919, 3920, 3921, 3922, 3923, 3924, 3925, 3926, 3930, 3931, 3932, 3934, 3935, 3936, 3938, 3944, 3945, 3946, 3947, 3950, 3965, 3966, 3967, 3968, 3979, 3989, 3990, 3991, 3992, 3993, 3994, 3995, 3996, 3997, 4002, 4003, 4004, 4017, 4020, 4021, 4022, 4028, 4043, 4048, 4054, 4059, 4060, 4061, 4062, 4063, 4069, 4075, 4080, 4081, 4083, 4084, 4093, 4099, 4104, 4105, 4108, 4109, 4110, 4113, 4116, 4119, 4123, 4125, 4132, 4133, 4138, 4139, 4140, 4141, 4142, 4143, 4147, 4148, 4157, 4162, 4167, 4168, 4169, 4170, 4173, 4189, 4191, 4194, 4195, 4201, 4210, 4211, 4226, 4238, 4239, 4246, 4247, 4248, 4265, 4266, 4271, 4275, 4277, 4278, 4280, 4283, 4284, 4285, 4286, 4288, 4289, 4290, 4296, 4297, 4298, 4299, 4300, 4301, 4302, 4311, 4312, 4313, 4314, 4317, 4318, 4327, 4328, 4336, 4337, 4341, 4342, 4354, 4362, 4364, 4365, 4366, 4367, 4368, 4371, 4372, 4373, 4374, 4375, 4376, 4379, 4380, 4383, 4387, 4388, 4393, 4396, 4401, 4402, 4542, 4864, 5212, 5226, 5238, 5239, 5241, 5244, 5245, 5246, 5253, 5254, 5265, 5266, 5267, 5285, 5286, 5295, 5296, 5298, 5303, 5304, 5305, 5306, 5307, 5309, 5310, 5311, 5312, 5318, 5337, 5339, 5588, 5704], "summary": {"covered_lines": 758, "num_statements": 1837, "percent_covered": 41.26292868807839, "percent_covered_display": "41", "missing_lines": 1079, "excluded_lines": 39, "percent_statements_covered": 41.26292868807839, "percent_statements_covered_display": "41"}, "missing_lines": [154, 183, 189, 212, 217, 223, 355, 356, 358, 359, 360, 361, 363, 364, 365, 368, 369, 370, 371, 375, 376, 377, 380, 395, 396, 421, 439, 440, 441, 442, 443, 444, 445, 446, 447, 448, 449, 450, 451, 452, 453, 454, 458, 459, 460, 461, 462, 463, 464, 469, 470, 471, 472, 473, 475, 476, 477, 480, 484, 485, 496, 497, 498, 502, 508, 509, 518, 519, 520, 521, 529, 530, 531, 532, 537, 538, 539, 545, 549, 554, 555, 556, 557, 558, 559, 568, 573, 580, 585, 586, 591, 592, 593, 594, 595, 596, 597, 598, 599, 606, 612, 613, 614, 615, 616, 625, 631, 633, 634, 635, 636, 645, 646, 647, 648, 649, 650, 651, 658, 662, 667, 668, 669, 670, 686, 696, 699, 702, 713, 715, 720, 721, 722, 724, 725, 726, 727, 733, 735, 736, 749, 752, 755, 756, 783, 1004, 1005, 1007, 1008, 1010, 1011, 1016, 1018, 1019, 1020, 1029, 1031, 1032, 1041, 1054, 1056, 1057, 1058, 1061, 1062, 1063, 1065, 1067, 1068, 1071, 1075, 1080, 1081, 1088, 1089, 1090, 1091, 1092, 1099, 1106, 1112, 1113, 1122, 1123, 1133, 1143, 1144, 1157, 1158, 1161, 1164, 1165, 1166, 1175, 1177, 1182, 1183, 1196, 1197, 1200, 1201, 1210, 1213, 1214, 1220, 1228, 1229, 1230, 1231, 1236, 1237, 1238, 1251, 1254, 1256, 1257, 1269, 1272, 1273, 1284, 1285, 1298, 1299, 1301, 1310, 1311, 1317, 1324, 1330, 1342, 1343, 1349, 1358, 1367, 1370, 1378, 1381, 1384, 1385, 1395, 1396, 1402, 1409, 1418, 1437, 1461, 1462, 1463, 1470, 1471, 1472, 1476, 1480, 1488, 1489, 1490, 1491, 1493, 1496, 1497, 1501, 1505, 1506, 1507, 1510, 1511, 1512, 1513, 1517, 1522, 1524, 1526, 1527, 1528, 1529, 1536, 1543, 1549, 1551, 1553, 1554, 1570, 1574, 1580, 1583, 1584, 1585, 1591, 1597, 1605, 1610, 1611, 1613, 1626, 1639, 1640, 1641, 1651, 1652, 1653, 1655, 1657, 1668, 1672, 1676, 1680, 1685, 1686, 1691, 1692, 1693, 1702, 1703, 1712, 1713, 1719, 1727, 1734, 1735, 1739, 1743, 1750, 1751, 1757, 1758, 1765, 1771, 1777, 1784, 1787, 1788, 1796, 1799, 1800, 1801, 1802, 1803, 1804, 1805, 1806, 1807, 1808, 1809, 1811, 1812, 1816, 1823, 1835, 1836, 1837, 1841, 1842, 1843, 1848, 1875, 1930, 1939, 2222, 2235, 2236, 2238, 2239, 2241, 2243, 2244, 2245, 2250, 2251, 2252, 2255, 2256, 2257, 2259, 2260, 2261, 2262, 2267, 2268, 2269, 2274, 2275, 2276, 2277, 2281, 2283, 2284, 2285, 2286, 2292, 2293, 2298, 2299, 2308, 2311, 2312, 2319, 2324, 2325, 2336, 2341, 2342, 2343, 2346, 2352, 2355, 2358, 2359, 2362, 2370, 2373, 2378, 2379, 2380, 2381, 2383, 2389, 2393, 2398, 2399, 2400, 2401, 2406, 2407, 2408, 2409, 2410, 2429, 2462, 2466, 2541, 2545, 2625, 2713, 2716, 2717, 2734, 2778, 2810, 2811, 2812, 2813, 2814, 2815, 2816, 2817, 2818, 2820, 2950, 2953, 2964, 3029, 3030, 3032, 3033, 3035, 3036, 3037, 3038, 3040, 3041, 3043, 3044, 3050, 3051, 3054, 3060, 3061, 3078, 3088, 3090, 3091, 3092, 3093, 3096, 3100, 3101, 3102, 3103, 3104, 3107, 3108, 3109, 3121, 3123, 3125, 3132, 3142, 3144, 3149, 3151, 3152, 3153, 3154, 3155, 3156, 3158, 3159, 3160, 3165, 3166, 3168, 3173, 3174, 3180, 3186, 3191, 3193, 3195, 3196, 3201, 3214, 3217, 3220, 3221, 3224, 3227, 3231, 3239, 3242, 3244, 3249, 3251, 3252, 3253, 3254, 3257, 3261, 3266, 3268, 3269, 3273, 3277, 3286, 3297, 3298, 3299, 3311, 3314, 3316, 3317, 3328, 3331, 3334, 3347, 3351, 3358, 3361, 3370, 3375, 3377, 3379, 3381, 3382, 3392, 3395, 3397, 3399, 3400, 3406, 3416, 3419, 3422, 3423, 3447, 3450, 3451, 3454, 3470, 3474, 3477, 3478, 3480, 3481, 3482, 3484, 3485, 3486, 3489, 3493, 3498, 3506, 3510, 3529, 3690, 3691, 3692, 3699, 3888, 3909, 3910, 3912, 3928, 3933, 3953, 3954, 3955, 3956, 3957, 3958, 3959, 3960, 3963, 3980, 3998, 4005, 4192, 4216, 4217, 4222, 4223, 4251, 4252, 4253, 4254, 4259, 4260, 4261, 4262, 4263, 4264, 4272, 4273, 4274, 4303, 4304, 4316, 4377, 4378, 4384, 4385, 4395, 4404, 4405, 4406, 4415, 4421, 4423, 4424, 4425, 4433, 4441, 4453, 4455, 4458, 4459, 4462, 4463, 4464, 4465, 4468, 4469, 4470, 4471, 4472, 4473, 4478, 4482, 4483, 4484, 4492, 4493, 4494, 4495, 4496, 4499, 4501, 4502, 4503, 4504, 4507, 4508, 4509, 4515, 4516, 4518, 4519, 4520, 4521, 4522, 4531, 4532, 4535, 4536, 4539, 4553, 4557, 4558, 4559, 4562, 4563, 4564, 4565, 4570, 4571, 4572, 4573, 4574, 4575, 4576, 4577, 4582, 4583, 4584, 4585, 4586, 4588, 4590, 4591, 4595, 4599, 4600, 4602, 4603, 4604, 4607, 4608, 4609, 4614, 4615, 4616, 4621, 4622, 4623, 4630, 4636, 4637, 4638, 4641, 4647, 4648, 4649, 4650, 4651, 4652, 4653, 4654, 4655, 4656, 4657, 4664, 4665, 4666, 4667, 4668, 4669, 4670, 4672, 4673, 4676, 4686, 4689, 4691, 4693, 4694, 4695, 4700, 4701, 4703, 4705, 4709, 4716, 4717, 4718, 4721, 4725, 4729, 4730, 4736, 4742, 4749, 4752, 4767, 4768, 4771, 4772, 4789, 4790, 4791, 4792, 4793, 4794, 4797, 4798, 4803, 4804, 4805, 4806, 4810, 4815, 4816, 4817, 4818, 4819, 4820, 4821, 4822, 4823, 4827, 4828, 4832, 4833, 4843, 4844, 4845, 4854, 4858, 4875, 4879, 4880, 4881, 4884, 4885, 4886, 4887, 4892, 4893, 4894, 4895, 4896, 4897, 4898, 4899, 4904, 4905, 4906, 4907, 4908, 4910, 4912, 4913, 4917, 4921, 4922, 4925, 4926, 4929, 4930, 4931, 4932, 4933, 4934, 4935, 4936, 4937, 4938, 4939, 4940, 4941, 4942, 4945, 4950, 4954, 4955, 4963, 4964, 4965, 4968, 4972, 4973, 4974, 4975, 4976, 4977, 4984, 4990, 4993, 4994, 4996, 4997, 4998, 5006, 5007, 5008, 5013, 5018, 5024, 5026, 5027, 5028, 5035, 5036, 5037, 5038, 5043, 5049, 5052, 5053, 5055, 5057, 5060, 5061, 5062, 5065, 5069, 5078, 5081, 5082, 5087, 5089, 5091, 5098, 5099, 5100, 5101, 5102, 5107, 5108, 5109, 5111, 5112, 5113, 5123, 5129, 5135, 5136, 5137, 5143, 5144, 5145, 5152, 5153, 5154, 5155, 5163, 5173, 5179, 5182, 5183, 5184, 5189, 5190, 5192, 5195, 5196, 5223, 5242, 5268, 5269, 5270, 5271, 5272, 5280, 5281, 5282, 5299, 5300, 5340, 5341, 5348, 5351, 5355, 5356, 5358, 5360, 5361, 5362, 5363, 5364, 5369, 5375, 5385, 5386, 5387, 5388, 5389, 5392, 5393, 5394, 5395, 5396, 5399, 5400, 5401, 5405, 5406, 5407, 5415, 5416, 5417, 5418, 5419, 5424, 5429, 5440, 5441, 5443, 5444, 5445, 5451, 5456, 5466, 5471, 5472, 5474, 5475, 5485, 5487, 5489, 5490, 5493, 5500, 5503, 5508, 5509, 5510, 5511, 5512, 5513, 5514, 5521, 5525, 5536, 5537, 5538, 5539, 5542, 5543, 5546, 5547, 5553, 5559, 5560, 5564, 5566, 5577, 5581, 5590, 5591, 5592, 5593, 5594, 5596, 5602, 5605, 5606, 5607, 5608, 5609, 5611, 5615, 5616, 5617, 5618, 5620, 5621, 5622, 5626, 5627, 5628, 5629, 5630, 5631, 5632, 5633, 5634, 5635, 5636, 5637, 5638, 5646, 5653, 5654, 5655, 5656, 5658, 5659, 5660, 5665, 5666, 5669, 5670, 5675, 5676, 5677, 5678, 5681, 5700, 5701, 5705], "excluded_lines": [77, 78, 79, 80, 81, 82, 83, 84, 85, 86, 87, 88, 89, 90, 91, 92, 93, 94, 95, 96, 97, 98, 100, 101, 102, 103, 104, 105, 106, 107, 108, 109, 111, 112, 113, 114, 115, 130, 131], "functions": {"_probe_mlflow_status": {"executed_lines": [127, 128, 129], "summary": {"covered_lines": 3, "num_statements": 3, "percent_covered": 100.0, "percent_covered_display": "100", "missing_lines": 0, "excluded_lines": 2, "percent_statements_covered": 100.0, "percent_statements_covered_display": "100"}, "missing_lines": [], "excluded_lines": [130, 131], "start_line": 119}, "load_config": {"executed_lines": [151, 152, 153], "summary": {"covered_lines": 3, "num_statements": 4, "percent_covered": 75.0, "percent_covered_display": "75", "missing_lines": 1, "excluded_lines": 0, "percent_statements_covered": 75.0, "percent_statements_covered_display": "75"}, "missing_lines": [154], "excluded_lines": [], "start_line": 145}, "get_data_loader": {"executed_lines": [166, 167], "summary": {"covered_lines": 2, "num_statements": 2, "percent_covered": 100.0, "percent_covered_display": "100", "missing_lines": 0, "excluded_lines": 0, "percent_statements_covered": 100.0, "percent_statements_covered_display": "100"}, "missing_lines": [], "excluded_lines": [], "start_line": 157}, "_show_loader_issue": {"executed_lines": [172, 177], "summary": {"covered_lines": 2, "num_statements": 2, "percent_covered": 100.0, "percent_covered_display": "100", "missing_lines": 0, "excluded_lines": 0, "percent_statements_covered": 100.0, "percent_statements_covered_display": "100"}, "missing_lines": [], "excluded_lines": [], "start_line": 170}, "_show_prediction_coverage": {"executed_lines": [182, 184, 185, 186, 187], "summary": {"covered_lines": 5, "num_statements": 7, "percent_covered": 71.42857142857143, "percent_covered_display": "71", "missing_lines": 2, "excluded_lines": 0, "percent_statements_covered": 71.42857142857143, "percent_statements_covered_display": "71"}, "missing_lines": [183, 189], "excluded_lines": [], "start_line": 180}, "render_overview": {"executed_lines": [208, 209, 211, 214, 216, 225, 228, 229, 230, 231, 232, 234, 235, 236, 239, 249, 255, 262, 263, 270, 271, 272, 273, 278, 281, 282, 285, 286, 292, 297, 298, 299, 300, 301, 302, 312, 313, 318, 319, 327, 331, 342, 343, 344, 350, 351, 354, 398], "summary": {"covered_lines": 48, "num_statements": 70, "percent_covered": 68.57142857142857, "percent_covered_display": "69", "missing_lines": 22, "excluded_lines": 0, "percent_statements_covered": 68.57142857142857, "percent_statements_covered_display": "69"}, "missing_lines": [212, 217, 223, 355, 356, 358, 359, 360, 361, 363, 364, 365, 368, 369, 370, 371, 375, 376, 377, 380, 395, 396], "excluded_lines": [], "start_line": 196}, "render_model_performance": {"executed_lines": [417, 418, 420, 423, 424, 425, 431], "summary": {"covered_lines": 7, "num_statements": 126, "percent_covered": 5.555555555555555, "percent_covered_display": "6", "missing_lines": 119, "excluded_lines": 0, "percent_statements_covered": 5.555555555555555, "percent_statements_covered_display": "6"}, "missing_lines": [421, 439, 440, 441, 442, 443, 444, 445, 446, 447, 448, 449, 450, 451, 452, 453, 454, 458, 459, 460, 461, 462, 463, 464, 469, 470, 471, 472, 473, 475, 476, 477, 480, 484, 485, 496, 497, 498, 502, 508, 509, 518, 519, 520, 521, 529, 530, 531, 532, 537, 538, 539, 545, 549, 554, 555, 556, 557, 558, 559, 568, 573, 580, 585, 586, 591, 592, 593, 594, 595, 596, 597, 598, 599, 606, 612, 613, 614, 615, 616, 625, 631, 633, 634, 635, 636, 645, 646, 647, 648, 649, 650, 651, 658, 662, 667, 668, 669, 670, 686, 696, 699, 702, 713, 715, 720, 721, 722, 724, 725, 726, 727, 733, 735, 736, 749, 752, 755, 756], "excluded_lines": [], "start_line": 406}, "render_segmentation": {"executed_lines": [779, 780, 782, 785, 787, 788, 789, 792, 793, 794, 799, 800, 801, 802, 805, 806, 807, 809, 810, 811, 815, 817, 818, 824, 827, 828, 835, 840, 850, 851, 854, 855, 866, 867, 868, 871, 872, 878, 881, 884, 885, 886, 889, 903, 912, 913, 914, 917, 961, 962, 963, 964, 968, 969, 977, 978, 979], "summary": {"covered_lines": 57, "num_statements": 58, "percent_covered": 98.27586206896552, "percent_covered_display": "98", "missing_lines": 1, "excluded_lines": 0, "percent_statements_covered": 98.27586206896552, "percent_statements_covered_display": "98"}, "missing_lines": [783], "excluded_lines": [], "start_line": 767}, "render_budget_optimization": {"executed_lines": [], "summary": {"covered_lines": 0, "num_statements": 99, "percent_covered": 0.0, "percent_covered_display": "0", "missing_lines": 99, "excluded_lines": 0, "percent_statements_covered": 0.0, "percent_statements_covered_display": "0"}, "missing_lines": [1004, 1005, 1007, 1008, 1010, 1011, 1016, 1018, 1019, 1020, 1029, 1031, 1032, 1041, 1054, 1056, 1057, 1058, 1061, 1062, 1063, 1065, 1067, 1068, 1071, 1075, 1080, 1081, 1088, 1089, 1090, 1091, 1092, 1099, 1106, 1112, 1113, 1122, 1123, 1133, 1143, 1144, 1157, 1158, 1161, 1164, 1165, 1166, 1175, 1177, 1182, 1183, 1196, 1197, 1200, 1201, 1210, 1213, 1214, 1220, 1228, 1229, 1230, 1231, 1236, 1237, 1238, 1251, 1254, 1256, 1257, 1269, 1272, 1273, 1284, 1285, 1298, 1299, 1301, 1310, 1311, 1317, 1324, 1330, 1342, 1343, 1349, 1358, 1367, 1370, 1378, 1381, 1384, 1385, 1395, 1396, 1402, 1409, 1418], "excluded_lines": [], "start_line": 989}, "render_ab_testing": {"executed_lines": [1433, 1434, 1436, 1440, 1441, 1442, 1445, 1447, 1448, 1454], "summary": {"covered_lines": 10, "num_statements": 120, "percent_covered": 8.333333333333334, "percent_covered_display": "8", "missing_lines": 110, "excluded_lines": 0, "percent_statements_covered": 8.333333333333334, "percent_statements_covered_display": "8"}, "missing_lines": [1437, 1461, 1462, 1463, 1470, 1471, 1472, 1476, 1480, 1488, 1489, 1490, 1491, 1493, 1496, 1497, 1501, 1505, 1506, 1507, 1510, 1511, 1512, 1513, 1517, 1522, 1524, 1526, 1527, 1528, 1529, 1536, 1543, 1549, 1551, 1553, 1554, 1570, 1574, 1580, 1583, 1584, 1585, 1591, 1597, 1605, 1610, 1611, 1613, 1626, 1639, 1640, 1641, 1651, 1652, 1653, 1655, 1657, 1668, 1672, 1676, 1680, 1685, 1686, 1691, 1692, 1693, 1702, 1703, 1712, 1713, 1719, 1727, 1734, 1735, 1739, 1743, 1750, 1751, 1757, 1758, 1765, 1771, 1777, 1784, 1787, 1788, 1796, 1799, 1800, 1801, 1802, 1803, 1804, 1805, 1806, 1807, 1808, 1809, 1811, 1812, 1816, 1823, 1835, 1836, 1837, 1841, 1842, 1843, 1848], "excluded_lines": [], "start_line": 1421}, "render_survival_analysis": {"executed_lines": [1871, 1872, 1874, 1877, 1879, 1880, 1881, 1890, 1891, 1892, 1893, 1894, 1895, 1900, 1909, 1913, 1914, 1924, 1929, 1946, 1947, 1948, 1957, 1958, 1960, 1969, 1970, 1971, 1972, 1973, 1974, 1975, 1978, 1985, 1986, 1999, 2003, 2010, 2015, 2016, 2017, 2018, 2019, 2020, 2021, 2034, 2035, 2044, 2045, 2053, 2056, 2057, 2058, 2066, 2067, 2073, 2074, 2075, 2076, 2077, 2078, 2080, 2081, 2082, 2083, 2084, 2090, 2091, 2092, 2093, 2094, 2100, 2103, 2105, 2106, 2122, 2123, 2132, 2138, 2139, 2144, 2145, 2146, 2153, 2156, 2157, 2159, 2160, 2172, 2173, 2180, 2183, 2184, 2193, 2198, 2199, 2200, 2201, 2202], "summary": {"covered_lines": 99, "num_statements": 102, "percent_covered": 97.05882352941177, "percent_covered_display": "97", "missing_lines": 3, "excluded_lines": 0, "percent_statements_covered": 97.05882352941177, "percent_statements_covered_display": "97"}, "missing_lines": [1875, 1930, 1939], "excluded_lines": [], "start_line": 1859}, "render_recommendations": {"executed_lines": [2221, 2224], "summary": {"covered_lines": 2, "num_statements": 3, "percent_covered": 66.66666666666667, "percent_covered_display": "67", "missing_lines": 1, "excluded_lines": 0, "percent_statements_covered": 66.66666666666667, "percent_statements_covered_display": "67"}, "missing_lines": [2222], "excluded_lines": [], "start_line": 2209}, "_render_recommendations_legacy": {"executed_lines": [], "summary": {"covered_lines": 0, "num_statements": 68, "percent_covered": 0.0, "percent_covered_display": "0", "missing_lines": 68, "excluded_lines": 0, "percent_statements_covered": 0.0, "percent_statements_covered_display": "0"}, "missing_lines": [2235, 2236, 2238, 2239, 2241, 2243, 2244, 2245, 2250, 2251, 2252, 2255, 2256, 2257, 2259, 2260, 2261, 2262, 2267, 2268, 2269, 2274, 2275, 2276, 2277, 2281, 2283, 2284, 2285, 2286, 2292, 2293, 2298, 2299, 2308, 2311, 2312, 2319, 2324, 2325, 2336, 2341, 2342, 2343, 2346, 2352, 2355, 2358, 2359, 2362, 2370, 2373, 2378, 2379, 2380, 2381, 2383, 2389, 2393, 2398, 2399, 2400, 2401, 2406, 2407, 2408, 2409, 2410], "excluded_lines": [], "start_line": 2227}, "render_clv": {"executed_lines": [2425, 2426, 2428, 2431, 2432, 2434, 2435, 2441, 2442, 2445, 2451, 2452, 2456, 2463, 2464, 2465, 2468, 2473, 2474, 2475, 2476, 2477, 2479, 2480, 2481, 2482, 2487, 2488, 2490, 2491, 2497, 2501, 2505, 2507, 2508, 2514, 2522, 2523, 2526, 2529, 2532, 2533, 2534, 2536, 2540, 2551, 2552, 2553, 2560, 2563, 2565, 2566, 2573, 2576, 2579, 2595, 2596, 2597, 2600, 2612, 2614, 2618, 2622, 2623, 2624, 2633, 2634, 2635, 2636, 2638, 2647, 2648, 2652, 2653, 2654, 2655, 2658, 2660, 2661, 2662, 2673, 2675, 2676, 2681, 2682, 2699, 2700, 2701, 2702, 2708, 2709, 2712, 2714, 2718, 2719, 2720, 2721, 2722, 2727, 2728, 2729, 2733, 2743, 2744, 2745, 2748, 2752, 2758, 2759], "summary": {"covered_lines": 109, "num_statements": 119, "percent_covered": 91.59663865546219, "percent_covered_display": "92", "missing_lines": 10, "excluded_lines": 0, "percent_statements_covered": 91.59663865546219, "percent_statements_covered_display": "92"}, "missing_lines": [2429, 2462, 2466, 2541, 2545, 2625, 2713, 2716, 2717, 2734], "excluded_lines": [], "start_line": 2413}, "render_clv._classify_clv_tier": {"executed_lines": [2639, 2640, 2641, 2642, 2643, 2644, 2645], "summary": {"covered_lines": 7, "num_statements": 7, "percent_covered": 100.0, "percent_covered_display": "100", "missing_lines": 0, "excluded_lines": 0, "percent_statements_covered": 100.0, "percent_statements_covered_display": "100"}, "missing_lines": [], "excluded_lines": [], "start_line": 2638}, "render_uplift": {"executed_lines": [2774, 2775, 2777, 2780, 2782, 2783, 2784, 2791, 2797, 2803, 2804, 2805, 2806, 2822, 2823, 2833, 2834, 2835, 2836, 2839, 2840, 2855, 2856, 2861, 2865, 2869, 2870, 2880, 2881, 2891, 2892, 2893, 2898, 2899, 2905, 2909, 2913, 2919, 2920, 2922, 2937, 2939, 2946, 2955, 2956, 2957, 2968, 2971, 2973, 2974, 2975, 2986, 2988, 2990, 2993, 3005, 3010, 3011, 3014], "summary": {"covered_lines": 59, "num_statements": 71, "percent_covered": 83.09859154929578, "percent_covered_display": "83", "missing_lines": 12, "excluded_lines": 0, "percent_statements_covered": 83.09859154929578, "percent_statements_covered_display": "83"}, "missing_lines": [2778, 2810, 2811, 2812, 2813, 2814, 2815, 2816, 2817, 2818, 2820, 2964], "excluded_lines": [], "start_line": 2762}, "render_uplift._classify_customer": {"executed_lines": [2947, 2948, 2949, 2951, 2952], "summary": {"covered_lines": 5, "num_statements": 7, "percent_covered": 71.42857142857143, "percent_covered_display": "71", "missing_lines": 2, "excluded_lines": 0, "percent_statements_covered": 71.42857142857143, "percent_statements_covered_display": "71"}, "missing_lines": [2950, 2953], "excluded_lines": [], "start_line": 2946}, "render_retention_campaign": {"executed_lines": [], "summary": {"covered_lines": 0, "num_statements": 132, "percent_covered": 0.0, "percent_covered_display": "0", "missing_lines": 132, "excluded_lines": 0, "percent_statements_covered": 0.0, "percent_statements_covered_display": "0"}, "missing_lines": [3029, 3030, 3032, 3033, 3035, 3036, 3037, 3038, 3040, 3041, 3043, 3044, 3050, 3051, 3054, 3060, 3061, 3078, 3088, 3090, 3091, 3092, 3093, 3096, 3100, 3101, 3102, 3103, 3104, 3107, 3108, 3109, 3121, 3123, 3125, 3132, 3142, 3144, 3149, 3151, 3152, 3153, 3154, 3155, 3156, 3158, 3159, 3160, 3165, 3166, 3168, 3173, 3174, 3180, 3186, 3191, 3193, 3195, 3196, 3201, 3214, 3217, 3220, 3221, 3224, 3227, 3231, 3239, 3242, 3244, 3249, 3251, 3252, 3253, 3254, 3257, 3261, 3266, 3268, 3269, 3273, 3277, 3286, 3297, 3298, 3299, 3311, 3314, 3316, 3317, 3328, 3331, 3334, 3347, 3351, 3358, 3361, 3370, 3375, 3377, 3379, 3381, 3382, 3392, 3395, 3397, 3399, 3400, 3406, 3416, 3419, 3422, 3423, 3447, 3450, 3451, 3454, 3470, 3474, 3477, 3478, 3480, 3481, 3482, 3484, 3485, 3486, 3489, 3493, 3498, 3506, 3510], "excluded_lines": [], "start_line": 3017}, "render_churn_analytics": {"executed_lines": [3525, 3526, 3528, 3531, 3532, 3533, 3535, 3536, 3542, 3544, 3549, 3550, 3552, 3553, 3554, 3555, 3556, 3558, 3559, 3560, 3561, 3562, 3567, 3568, 3569, 3576, 3581, 3585, 3590, 3595, 3596, 3598, 3599, 3600, 3604, 3605, 3614, 3616, 3617, 3625, 3626, 3634, 3639, 3640, 3641, 3657, 3662, 3663, 3664, 3668, 3672, 3674, 3681, 3686, 3689, 3704, 3705, 3706, 3708, 3709, 3711, 3712, 3722, 3723, 3725, 3727, 3728, 3729, 3731, 3732, 3741, 3745, 3750, 3755, 3756, 3764, 3769, 3780, 3781, 3784, 3797, 3798, 3799, 3800, 3803, 3804, 3805, 3806, 3807, 3808, 3813, 3814, 3815, 3832, 3835, 3838, 3839, 3848, 3849, 3854, 3858, 3862], "summary": {"covered_lines": 102, "num_statements": 107, "percent_covered": 95.32710280373831, "percent_covered_display": "95", "missing_lines": 5, "excluded_lines": 0, "percent_statements_covered": 95.32710280373831, "percent_statements_covered_display": "95"}, "missing_lines": [3529, 3690, 3691, 3692, 3699], "excluded_lines": [], "start_line": 3513}, "render_cohort_analysis": {"executed_lines": [3884, 3885, 3887, 3891, 3893, 3894, 3895, 3900, 3901, 3903, 3904, 3907, 3908, 3919, 3938, 3944, 3945, 3946, 3947, 3950, 3965, 3966, 3967, 3968, 3979, 3989, 3990, 3991, 3992, 3993, 3994, 3995, 3996, 3997, 4002, 4003, 4004, 4017, 4020, 4021, 4022, 4028, 4043, 4048, 4054, 4059, 4060, 4061, 4062, 4063, 4069, 4075, 4080, 4081, 4083, 4084, 4093, 4099, 4104, 4105, 4108, 4109, 4110, 4113, 4116, 4119, 4123, 4125, 4132, 4133, 4138, 4139, 4140, 4141, 4142, 4143, 4147, 4148, 4157, 4162, 4167, 4168, 4169, 4170], "summary": {"covered_lines": 84, "num_statements": 100, "percent_covered": 84.0, "percent_covered_display": "84", "missing_lines": 16, "excluded_lines": 0, "percent_statements_covered": 84.0, "percent_statements_covered_display": "84"}, "missing_lines": [3888, 3909, 3910, 3912, 3953, 3954, 3955, 3956, 3957, 3958, 3959, 3960, 3963, 3980, 3998, 4005], "excluded_lines": [], "start_line": 3873}, "render_cohort_analysis._is_unobserved_trail": {"executed_lines": [3920, 3921, 3922, 3923, 3924, 3925, 3926, 3930, 3931, 3932, 3934, 3935, 3936], "summary": {"covered_lines": 13, "num_statements": 15, "percent_covered": 86.66666666666667, "percent_covered_display": "87", "missing_lines": 2, "excluded_lines": 0, "percent_statements_covered": 86.66666666666667, "percent_statements_covered_display": "87"}, "missing_lines": [3928, 3933], "excluded_lines": [], "start_line": 3919}, "render_realtime_scoring": {"executed_lines": [4189, 4191, 4194, 4195, 4201, 4210, 4211], "summary": {"covered_lines": 7, "num_statements": 12, "percent_covered": 58.333333333333336, "percent_covered_display": "58", "missing_lines": 5, "excluded_lines": 0, "percent_statements_covered": 58.333333333333336, "percent_statements_covered_display": "58"}, "missing_lines": [4192, 4216, 4217, 4222, 4223], "excluded_lines": [], "start_line": 4173}, "_render_scoring_status_tab": {"executed_lines": [4238, 4239, 4246, 4277, 4278, 4280, 4283, 4284, 4285, 4286, 4288, 4289, 4290, 4296, 4297, 4298, 4299, 4300, 4301, 4302, 4311, 4312, 4313, 4314, 4317, 4318, 4327, 4328, 4336, 4337, 4341, 4342, 4354, 4362, 4364, 4365, 4366, 4367, 4368, 4371, 4372, 4373, 4374, 4375, 4376, 4379, 4380, 4383, 4387, 4388, 4393, 4396, 4401, 4402], "summary": {"covered_lines": 54, "num_statements": 115, "percent_covered": 46.95652173913044, "percent_covered_display": "47", "missing_lines": 61, "excluded_lines": 0, "percent_statements_covered": 46.95652173913044, "percent_statements_covered_display": "47"}, "missing_lines": [4303, 4304, 4316, 4377, 4378, 4384, 4385, 4395, 4404, 4405, 4406, 4415, 4421, 4423, 4424, 4425, 4433, 4441, 4453, 4455, 4458, 4459, 4462, 4463, 4464, 4465, 4468, 4469, 4470, 4471, 4472, 4473, 4478, 4482, 4483, 4484, 4492, 4493, 4494, 4495, 4496, 4499, 4501, 4502, 4503, 4504, 4507, 4508, 4509, 4515, 4516, 4518, 4519, 4520, 4521, 4522, 4531, 4532, 4535, 4536, 4539], "excluded_lines": [], "start_line": 4226}, "_render_scoring_status_tab._model_stamp_caption": {"executed_lines": [4247, 4248, 4265, 4266, 4271, 4275], "summary": {"covered_lines": 6, "num_statements": 19, "percent_covered": 31.57894736842105, "percent_covered_display": "32", "missing_lines": 13, "excluded_lines": 0, "percent_statements_covered": 31.57894736842105, "percent_statements_covered_display": "32"}, "missing_lines": [4251, 4252, 4253, 4254, 4259, 4260, 4261, 4262, 4263, 4264, 4272, 4273, 4274], "excluded_lines": [], "start_line": 4246}, "_render_retention_offers_tab": {"executed_lines": [], "summary": {"covered_lines": 0, "num_statements": 103, "percent_covered": 0.0, "percent_covered_display": "0", "missing_lines": 103, "excluded_lines": 0, "percent_statements_covered": 0.0, "percent_statements_covered_display": "0"}, "missing_lines": [4553, 4557, 4588, 4590, 4591, 4595, 4599, 4600, 4602, 4603, 4604, 4607, 4608, 4609, 4614, 4615, 4616, 4621, 4622, 4623, 4630, 4636, 4637, 4638, 4641, 4647, 4648, 4649, 4650, 4651, 4652, 4653, 4654, 4655, 4656, 4657, 4664, 4665, 4666, 4667, 4668, 4669, 4670, 4672, 4673, 4676, 4686, 4689, 4691, 4693, 4694, 4695, 4700, 4701, 4703, 4705, 4709, 4716, 4717, 4718, 4721, 4725, 4729, 4730, 4736, 4742, 4749, 4752, 4767, 4768, 4771, 4772, 4789, 4790, 4791, 4792, 4793, 4794, 4797, 4798, 4803, 4804, 4805, 4806, 4810, 4815, 4816, 4817, 4818, 4819, 4820, 4821, 4822, 4823, 4827, 4828, 4832, 4833, 4843, 4844, 4845, 4854, 4858], "excluded_lines": [], "start_line": 4542}, "_render_retention_offers_tab._model_stamp_caption_b": {"executed_lines": [], "summary": {"covered_lines": 0, "num_statements": 19, "percent_covered": 0.0, "percent_covered_display": "0", "missing_lines": 19, "excluded_lines": 0, "percent_statements_covered": 0.0, "percent_statements_covered_display": "0"}, "missing_lines": [4558, 4559, 4562, 4563, 4564, 4565, 4570, 4571, 4572, 4573, 4574, 4575, 4576, 4577, 4582, 4583, 4584, 4585, 4586], "excluded_lines": [], "start_line": 4557}, "_render_monitoring_tab": {"executed_lines": [], "summary": {"covered_lines": 0, "num_statements": 109, "percent_covered": 0.0, "percent_covered_display": "0", "missing_lines": 109, "excluded_lines": 0, "percent_statements_covered": 0.0, "percent_statements_covered_display": "0"}, "missing_lines": [4875, 4879, 4910, 4912, 4913, 4917, 4921, 4922, 4925, 4926, 4929, 4930, 4931, 4932, 4933, 4934, 4935, 4936, 4937, 4938, 4939, 4940, 4941, 4942, 4945, 4950, 4954, 4955, 4963, 4964, 4965, 4968, 4972, 4973, 4974, 4975, 4976, 4977, 4984, 4990, 4993, 4994, 4996, 4997, 4998, 5006, 5007, 5008, 5013, 5018, 5024, 5026, 5027, 5028, 5035, 5036, 5037, 5038, 5043, 5049, 5052, 5053, 5055, 5057, 5060, 5061, 5062, 5065, 5069, 5078, 5081, 5082, 5087, 5089, 5091, 5098, 5099, 5100, 5101, 5102, 5107, 5108, 5109, 5111, 5112, 5113, 5123, 5129, 5135, 5136, 5137, 5143, 5144, 5145, 5152, 5153, 5154, 5155, 5163, 5173, 5179, 5182, 5183, 5184, 5189, 5190, 5192, 5195, 5196], "excluded_lines": [], "start_line": 4864}, "_render_monitoring_tab._model_stamp_caption_c": {"executed_lines": [], "summary": {"covered_lines": 0, "num_statements": 19, "percent_covered": 0.0, "percent_covered_display": "0", "missing_lines": 19, "excluded_lines": 0, "percent_statements_covered": 0.0, "percent_statements_covered_display": "0"}, "missing_lines": [4880, 4881, 4884, 4885, 4886, 4887, 4892, 4893, 4894, 4895, 4896, 4897, 4898, 4899, 4904, 4905, 4906, 4907, 4908], "excluded_lines": [], "start_line": 4879}, "render_model_monitoring": {"executed_lines": [], "summary": {"covered_lines": 0, "num_statements": 1, "percent_covered": 0.0, "percent_covered_display": "0", "missing_lines": 1, "excluded_lines": 0, "percent_statements_covered": 0.0, "percent_statements_covered_display": "0"}, "missing_lines": [5223], "excluded_lines": [], "start_line": 5212}, "render_mlflow_experiments": {"executed_lines": [5238, 5239, 5241, 5244, 5245, 5246, 5253, 5254, 5265, 5266, 5267, 5285, 5286, 5295, 5296, 5298, 5303, 5304, 5305, 5306, 5307, 5309, 5310, 5311, 5312, 5318, 5337, 5339], "summary": {"covered_lines": 28, "num_statements": 119, "percent_covered": 23.529411764705884, "percent_covered_display": "24", "missing_lines": 91, "excluded_lines": 0, "percent_statements_covered": 23.529411764705884, "percent_statements_covered_display": "24"}, "missing_lines": [5242, 5268, 5269, 5270, 5271, 5272, 5280, 5281, 5282, 5299, 5300, 5340, 5341, 5348, 5351, 5355, 5356, 5358, 5360, 5361, 5362, 5363, 5364, 5369, 5375, 5385, 5386, 5387, 5388, 5389, 5392, 5393, 5394, 5395, 5396, 5399, 5400, 5401, 5405, 5406, 5407, 5415, 5416, 5417, 5418, 5419, 5424, 5429, 5440, 5441, 5443, 5444, 5445, 5451, 5456, 5466, 5471, 5472, 5474, 5475, 5485, 5487, 5489, 5490, 5493, 5500, 5503, 5508, 5509, 5510, 5511, 5512, 5513, 5514, 5521, 5525, 5536, 5537, 5538, 5539, 5542, 5543, 5546, 5547, 5553, 5559, 5560, 5564, 5566, 5577, 5581], "excluded_lines": [], "start_line": 5226}, "main": {"executed_lines": [], "summary": {"covered_lines": 0, "num_statements": 52, "percent_covered": 0.0, "percent_covered_display": "0", "missing_lines": 52, "excluded_lines": 0, "percent_statements_covered": 0.0, "percent_statements_covered_display": "0"}, "missing_lines": [5590, 5591, 5592, 5593, 5594, 5596, 5602, 5605, 5606, 5607, 5608, 5609, 5611, 5615, 5616, 5617, 5618, 5620, 5621, 5622, 5626, 5627, 5628, 5629, 5630, 5631, 5632, 5633, 5634, 5635, 5636, 5637, 5638, 5646, 5653, 5654, 5655, 5656, 5658, 5659, 5660, 5665, 5666, 5669, 5670, 5675, 5676, 5677, 5678, 5681, 5700, 5701], "excluded_lines": [], "start_line": 5588}, "": {"executed_lines": [20, 21, 22, 23, 25, 26, 27, 28, 29, 31, 41, 44, 45, 46, 47, 71, 72, 119, 138, 141, 142, 145, 157, 170, 180, 196, 406, 767, 989, 1421, 1859, 2209, 2227, 2413, 2762, 3017, 3513, 3873, 4173, 4226, 4542, 4864, 5212, 5226, 5588, 5704], "summary": {"covered_lines": 46, "num_statements": 47, "percent_covered": 97.87234042553192, "percent_covered_display": "98", "missing_lines": 1, "excluded_lines": 37, "percent_statements_covered": 97.87234042553192, "percent_statements_covered_display": "98"}, "missing_lines": [5705], "excluded_lines": [77, 78, 79, 80, 81, 82, 83, 84, 85, 86, 87, 88, 89, 90, 91, 92, 93, 94, 95, 96, 97, 98, 100, 101, 102, 103, 104, 105, 106, 107, 108, 109, 111, 112, 113, 114, 115], "start_line": 1}}, "classes": {"": {"executed_lines": [20, 21, 22, 23, 25, 26, 27, 28, 29, 31, 41, 44, 45, 46, 47, 71, 72, 119, 127, 128, 129, 138, 141, 142, 145, 151, 152, 153, 157, 166, 167, 170, 172, 177, 180, 182, 184, 185, 186, 187, 196, 208, 209, 211, 214, 216, 225, 228, 229, 230, 231, 232, 234, 235, 236, 239, 249, 255, 262, 263, 270, 271, 272, 273, 278, 281, 282, 285, 286, 292, 297, 298, 299, 300, 301, 302, 312, 313, 318, 319, 327, 331, 342, 343, 344, 350, 351, 354, 398, 406, 417, 418, 420, 423, 424, 425, 431, 767, 779, 780, 782, 785, 787, 788, 789, 792, 793, 794, 799, 800, 801, 802, 805, 806, 807, 809, 810, 811, 815, 817, 818, 824, 827, 828, 835, 840, 850, 851, 854, 855, 866, 867, 868, 871, 872, 878, 881, 884, 885, 886, 889, 903, 912, 913, 914, 917, 961, 962, 963, 964, 968, 969, 977, 978, 979, 989, 1421, 1433, 1434, 1436, 1440, 1441, 1442, 1445, 1447, 1448, 1454, 1859, 1871, 1872, 1874, 1877, 1879, 1880, 1881, 1890, 1891, 1892, 1893, 1894, 1895, 1900, 1909, 1913, 1914, 1924, 1929, 1946, 1947, 1948, 1957, 1958, 1960, 1969, 1970, 1971, 1972, 1973, 1974, 1975, 1978, 1985, 1986, 1999, 2003, 2010, 2015, 2016, 2017, 2018, 2019, 2020, 2021, 2034, 2035, 2044, 2045, 2053, 2056, 2057, 2058, 2066, 2067, 2073, 2074, 2075, 2076, 2077, 2078, 2080, 2081, 2082, 2083, 2084, 2090, 2091, 2092, 2093, 2094, 2100, 2103, 2105, 2106, 2122, 2123, 2132, 2138, 2139, 2144, 2145, 2146, 2153, 2156, 2157, 2159, 2160, 2172, 2173, 2180, 2183, 2184, 2193, 2198, 2199, 2200, 2201, 2202, 2209, 2221, 2224, 2227, 2413, 2425, 2426, 2428, 2431, 2432, 2434, 2435, 2441, 2442, 2445, 2451, 2452, 2456, 2463, 2464, 2465, 2468, 2473, 2474, 2475, 2476, 2477, 2479, 2480, 2481, 2482, 2487, 2488, 2490, 2491, 2497, 2501, 2505, 2507, 2508, 2514, 2522, 2523, 2526, 2529, 2532, 2533, 2534, 2536, 2540, 2551, 2552, 2553, 2560, 2563, 2565, 2566, 2573, 2576, 2579, 2595, 2596, 2597, 2600, 2612, 2614, 2618, 2622, 2623, 2624, 2633, 2634, 2635, 2636, 2638, 2639, 2640, 2641, 2642, 2643, 2644, 2645, 2647, 2648, 2652, 2653, 2654, 2655, 2658, 2660, 2661, 2662, 2673, 2675, 2676, 2681, 2682, 2699, 2700, 2701, 2702, 2708, 2709, 2712, 2714, 2718, 2719, 2720, 2721, 2722, 2727, 2728, 2729, 2733, 2743, 2744, 2745, 2748, 2752, 2758, 2759, 2762, 2774, 2775, 2777, 2780, 2782, 2783, 2784, 2791, 2797, 2803, 2804, 2805, 2806, 2822, 2823, 2833, 2834, 2835, 2836, 2839, 2840, 2855, 2856, 2861, 2865, 2869, 2870, 2880, 2881, 2891, 2892, 2893, 2898, 2899, 2905, 2909, 2913, 2919, 2920, 2922, 2937, 2939, 2946, 2947, 2948, 2949, 2951, 2952, 2955, 2956, 2957, 2968, 2971, 2973, 2974, 2975, 2986, 2988, 2990, 2993, 3005, 3010, 3011, 3014, 3017, 3513, 3525, 3526, 3528, 3531, 3532, 3533, 3535, 3536, 3542, 3544, 3549, 3550, 3552, 3553, 3554, 3555, 3556, 3558, 3559, 3560, 3561, 3562, 3567, 3568, 3569, 3576, 3581, 3585, 3590, 3595, 3596, 3598, 3599, 3600, 3604, 3605, 3614, 3616, 3617, 3625, 3626, 3634, 3639, 3640, 3641, 3657, 3662, 3663, 3664, 3668, 3672, 3674, 3681, 3686, 3689, 3704, 3705, 3706, 3708, 3709, 3711, 3712, 3722, 3723, 3725, 3727, 3728, 3729, 3731, 3732, 3741, 3745, 3750, 3755, 3756, 3764, 3769, 3780, 3781, 3784, 3797, 3798, 3799, 3800, 3803, 3804, 3805, 3806, 3807, 3808, 3813, 3814, 3815, 3832, 3835, 3838, 3839, 3848, 3849, 3854, 3858, 3862, 3873, 3884, 3885, 3887, 3891, 3893, 3894, 3895, 3900, 3901, 3903, 3904, 3907, 3908, 3919, 3920, 3921, 3922, 3923, 3924, 3925, 3926, 3930, 3931, 3932, 3934, 3935, 3936, 3938, 3944, 3945, 3946, 3947, 3950, 3965, 3966, 3967, 3968, 3979, 3989, 3990, 3991, 3992, 3993, 3994, 3995, 3996, 3997, 4002, 4003, 4004, 4017, 4020, 4021, 4022, 4028, 4043, 4048, 4054, 4059, 4060, 4061, 4062, 4063, 4069, 4075, 4080, 4081, 4083, 4084, 4093, 4099, 4104, 4105, 4108, 4109, 4110, 4113, 4116, 4119, 4123, 4125, 4132, 4133, 4138, 4139, 4140, 4141, 4142, 4143, 4147, 4148, 4157, 4162, 4167, 4168, 4169, 4170, 4173, 4189, 4191, 4194, 4195, 4201, 4210, 4211, 4226, 4238, 4239, 4246, 4247, 4248, 4265, 4266, 4271, 4275, 4277, 4278, 4280, 4283, 4284, 4285, 4286, 4288, 4289, 4290, 4296, 4297, 4298, 4299, 4300, 4301, 4302, 4311, 4312, 4313, 4314, 4317, 4318, 4327, 4328, 4336, 4337, 4341, 4342, 4354, 4362, 4364, 4365, 4366, 4367, 4368, 4371, 4372, 4373, 4374, 4375, 4376, 4379, 4380, 4383, 4387, 4388, 4393, 4396, 4401, 4402, 4542, 4864, 5212, 5226, 5238, 5239, 5241, 5244, 5245, 5246, 5253, 5254, 5265, 5266, 5267, 5285, 5286, 5295, 5296, 5298, 5303, 5304, 5305, 5306, 5307, 5309, 5310, 5311, 5312, 5318, 5337, 5339, 5588, 5704], "summary": {"covered_lines": 758, "num_statements": 1837, "percent_covered": 41.26292868807839, "percent_covered_display": "41", "missing_lines": 1079, "excluded_lines": 39, "percent_statements_covered": 41.26292868807839, "percent_statements_covered_display": "41"}, "missing_lines": [154, 183, 189, 212, 217, 223, 355, 356, 358, 359, 360, 361, 363, 364, 365, 368, 369, 370, 371, 375, 376, 377, 380, 395, 396, 421, 439, 440, 441, 442, 443, 444, 445, 446, 447, 448, 449, 450, 451, 452, 453, 454, 458, 459, 460, 461, 462, 463, 464, 469, 470, 471, 472, 473, 475, 476, 477, 480, 484, 485, 496, 497, 498, 502, 508, 509, 518, 519, 520, 521, 529, 530, 531, 532, 537, 538, 539, 545, 549, 554, 555, 556, 557, 558, 559, 568, 573, 580, 585, 586, 591, 592, 593, 594, 595, 596, 597, 598, 599, 606, 612, 613, 614, 615, 616, 625, 631, 633, 634, 635, 636, 645, 646, 647, 648, 649, 650, 651, 658, 662, 667, 668, 669, 670, 686, 696, 699, 702, 713, 715, 720, 721, 722, 724, 725, 726, 727, 733, 735, 736, 749, 752, 755, 756, 783, 1004, 1005, 1007, 1008, 1010, 1011, 1016, 1018, 1019, 1020, 1029, 1031, 1032, 1041, 1054, 1056, 1057, 1058, 1061, 1062, 1063, 1065, 1067, 1068, 1071, 1075, 1080, 1081, 1088, 1089, 1090, 1091, 1092, 1099, 1106, 1112, 1113, 1122, 1123, 1133, 1143, 1144, 1157, 1158, 1161, 1164, 1165, 1166, 1175, 1177, 1182, 1183, 1196, 1197, 1200, 1201, 1210, 1213, 1214, 1220, 1228, 1229, 1230, 1231, 1236, 1237, 1238, 1251, 1254, 1256, 1257, 1269, 1272, 1273, 1284, 1285, 1298, 1299, 1301, 1310, 1311, 1317, 1324, 1330, 1342, 1343, 1349, 1358, 1367, 1370, 1378, 1381, 1384, 1385, 1395, 1396, 1402, 1409, 1418, 1437, 1461, 1462, 1463, 1470, 1471, 1472, 1476, 1480, 1488, 1489, 1490, 1491, 1493, 1496, 1497, 1501, 1505, 1506, 1507, 1510, 1511, 1512, 1513, 1517, 1522, 1524, 1526, 1527, 1528, 1529, 1536, 1543, 1549, 1551, 1553, 1554, 1570, 1574, 1580, 1583, 1584, 1585, 1591, 1597, 1605, 1610, 1611, 1613, 1626, 1639, 1640, 1641, 1651, 1652, 1653, 1655, 1657, 1668, 1672, 1676, 1680, 1685, 1686, 1691, 1692, 1693, 1702, 1703, 1712, 1713, 1719, 1727, 1734, 1735, 1739, 1743, 1750, 1751, 1757, 1758, 1765, 1771, 1777, 1784, 1787, 1788, 1796, 1799, 1800, 1801, 1802, 1803, 1804, 1805, 1806, 1807, 1808, 1809, 1811, 1812, 1816, 1823, 1835, 1836, 1837, 1841, 1842, 1843, 1848, 1875, 1930, 1939, 2222, 2235, 2236, 2238, 2239, 2241, 2243, 2244, 2245, 2250, 2251, 2252, 2255, 2256, 2257, 2259, 2260, 2261, 2262, 2267, 2268, 2269, 2274, 2275, 2276, 2277, 2281, 2283, 2284, 2285, 2286, 2292, 2293, 2298, 2299, 2308, 2311, 2312, 2319, 2324, 2325, 2336, 2341, 2342, 2343, 2346, 2352, 2355, 2358, 2359, 2362, 2370, 2373, 2378, 2379, 2380, 2381, 2383, 2389, 2393, 2398, 2399, 2400, 2401, 2406, 2407, 2408, 2409, 2410, 2429, 2462, 2466, 2541, 2545, 2625, 2713, 2716, 2717, 2734, 2778, 2810, 2811, 2812, 2813, 2814, 2815, 2816, 2817, 2818, 2820, 2950, 2953, 2964, 3029, 3030, 3032, 3033, 3035, 3036, 3037, 3038, 3040, 3041, 3043, 3044, 3050, 3051, 3054, 3060, 3061, 3078, 3088, 3090, 3091, 3092, 3093, 3096, 3100, 3101, 3102, 3103, 3104, 3107, 3108, 3109, 3121, 3123, 3125, 3132, 3142, 3144, 3149, 3151, 3152, 3153, 3154, 3155, 3156, 3158, 3159, 3160, 3165, 3166, 3168, 3173, 3174, 3180, 3186, 3191, 3193, 3195, 3196, 3201, 3214, 3217, 3220, 3221, 3224, 3227, 3231, 3239, 3242, 3244, 3249, 3251, 3252, 3253, 3254, 3257, 3261, 3266, 3268, 3269, 3273, 3277, 3286, 3297, 3298, 3299, 3311, 3314, 3316, 3317, 3328, 3331, 3334, 3347, 3351, 3358, 3361, 3370, 3375, 3377, 3379, 3381, 3382, 3392, 3395, 3397, 3399, 3400, 3406, 3416, 3419, 3422, 3423, 3447, 3450, 3451, 3454, 3470, 3474, 3477, 3478, 3480, 3481, 3482, 3484, 3485, 3486, 3489, 3493, 3498, 3506, 3510, 3529, 3690, 3691, 3692, 3699, 3888, 3909, 3910, 3912, 3928, 3933, 3953, 3954, 3955, 3956, 3957, 3958, 3959, 3960, 3963, 3980, 3998, 4005, 4192, 4216, 4217, 4222, 4223, 4251, 4252, 4253, 4254, 4259, 4260, 4261, 4262, 4263, 4264, 4272, 4273, 4274, 4303, 4304, 4316, 4377, 4378, 4384, 4385, 4395, 4404, 4405, 4406, 4415, 4421, 4423, 4424, 4425, 4433, 4441, 4453, 4455, 4458, 4459, 4462, 4463, 4464, 4465, 4468, 4469, 4470, 4471, 4472, 4473, 4478, 4482, 4483, 4484, 4492, 4493, 4494, 4495, 4496, 4499, 4501, 4502, 4503, 4504, 4507, 4508, 4509, 4515, 4516, 4518, 4519, 4520, 4521, 4522, 4531, 4532, 4535, 4536, 4539, 4553, 4557, 4558, 4559, 4562, 4563, 4564, 4565, 4570, 4571, 4572, 4573, 4574, 4575, 4576, 4577, 4582, 4583, 4584, 4585, 4586, 4588, 4590, 4591, 4595, 4599, 4600, 4602, 4603, 4604, 4607, 4608, 4609, 4614, 4615, 4616, 4621, 4622, 4623, 4630, 4636, 4637, 4638, 4641, 4647, 4648, 4649, 4650, 4651, 4652, 4653, 4654, 4655, 4656, 4657, 4664, 4665, 4666, 4667, 4668, 4669, 4670, 4672, 4673, 4676, 4686, 4689, 4691, 4693, 4694, 4695, 4700, 4701, 4703, 4705, 4709, 4716, 4717, 4718, 4721, 4725, 4729, 4730, 4736, 4742, 4749, 4752, 4767, 4768, 4771, 4772, 4789, 4790, 4791, 4792, 4793, 4794, 4797, 4798, 4803, 4804, 4805, 4806, 4810, 4815, 4816, 4817, 4818, 4819, 4820, 4821, 4822, 4823, 4827, 4828, 4832, 4833, 4843, 4844, 4845, 4854, 4858, 4875, 4879, 4880, 4881, 4884, 4885, 4886, 4887, 4892, 4893, 4894, 4895, 4896, 4897, 4898, 4899, 4904, 4905, 4906, 4907, 4908, 4910, 4912, 4913, 4917, 4921, 4922, 4925, 4926, 4929, 4930, 4931, 4932, 4933, 4934, 4935, 4936, 4937, 4938, 4939, 4940, 4941, 4942, 4945, 4950, 4954, 4955, 4963, 4964, 4965, 4968, 4972, 4973, 4974, 4975, 4976, 4977, 4984, 4990, 4993, 4994, 4996, 4997, 4998, 5006, 5007, 5008, 5013, 5018, 5024, 5026, 5027, 5028, 5035, 5036, 5037, 5038, 5043, 5049, 5052, 5053, 5055, 5057, 5060, 5061, 5062, 5065, 5069, 5078, 5081, 5082, 5087, 5089, 5091, 5098, 5099, 5100, 5101, 5102, 5107, 5108, 5109, 5111, 5112, 5113, 5123, 5129, 5135, 5136, 5137, 5143, 5144, 5145, 5152, 5153, 5154, 5155, 5163, 5173, 5179, 5182, 5183, 5184, 5189, 5190, 5192, 5195, 5196, 5223, 5242, 5268, 5269, 5270, 5271, 5272, 5280, 5281, 5282, 5299, 5300, 5340, 5341, 5348, 5351, 5355, 5356, 5358, 5360, 5361, 5362, 5363, 5364, 5369, 5375, 5385, 5386, 5387, 5388, 5389, 5392, 5393, 5394, 5395, 5396, 5399, 5400, 5401, 5405, 5406, 5407, 5415, 5416, 5417, 5418, 5419, 5424, 5429, 5440, 5441, 5443, 5444, 5445, 5451, 5456, 5466, 5471, 5472, 5474, 5475, 5485, 5487, 5489, 5490, 5493, 5500, 5503, 5508, 5509, 5510, 5511, 5512, 5513, 5514, 5521, 5525, 5536, 5537, 5538, 5539, 5542, 5543, 5546, 5547, 5553, 5559, 5560, 5564, 5566, 5577, 5581, 5590, 5591, 55
[...]
s": 39, "percent_covered": 100.0, "percent_covered_display": "100", "missing_lines": 0, "excluded_lines": 0, "percent_statements_covered": 100.0, "percent_statements_covered_display": "100"}, "missing_lines": [], "excluded_lines": [], "start_line": 232}, "PipelineRunner.register_step": {"executed_lines": [334, 335, 336, 339], "summary": {"covered_lines": 4, "num_statements": 5, "percent_covered": 80.0, "percent_covered_display": "80", "missing_lines": 1, "excluded_lines": 0, "percent_statements_covered": 80.0, "percent_statements_covered_display": "80"}, "missing_lines": [337], "excluded_lines": [], "start_line": 317}, "PipelineRunner._register_default_handlers": {"executed_lines": [351, 370, 371], "summary": {"covered_lines": 3, "num_statements": 3, "percent_covered": 100.0, "percent_covered_display": "100", "missing_lines": 0, "excluded_lines": 0, "percent_statements_covered": 100.0, "percent_statements_covered_display": "100"}, "missing_lines": [], "excluded_lines": [], "start_line": 345}, "PipelineRunner._default_args": {"executed_lines": [376], "summary": {"covered_lines": 1, "num_statements": 1, "percent_covered": 100.0, "percent_covered_display": "100", "missing_lines": 0, "excluded_lines": 0, "percent_statements_covered": 100.0, "percent_statements_covered_display": "100"}, "missing_lines": [], "excluded_lines": [], "start_line": 374}, "_make_lazy_handler": {"executed_lines": [403, 409], "summary": {"covered_lines": 2, "num_statements": 2, "percent_covered": 100.0, "percent_covered_display": "100", "missing_lines": 0, "excluded_lines": 0, "percent_statements_covered": 100.0, "percent_statements_covered_display": "100"}, "missing_lines": [], "excluded_lines": [], "start_line": 390}, "_make_lazy_handler._handler": {"executed_lines": [], "summary": {"covered_lines": 0, "num_statements": 5, "percent_covered": 0.0, "percent_covered_display": "0", "missing_lines": 5, "excluded_lines": 0, "percent_statements_covered": 0.0, "percent_statements_covered_display": "0"}, "missing_lines": [404, 405, 406, 407, 408], "excluded_lines": [], "start_line": 403}, "": {"executed_lines": [13, 14, 15, 16, 17, 18, 20, 22, 25, 45, 66, 85, 95, 105, 124, 206, 232, 317, 345, 373, 374, 390], "summary": {"covered_lines": 22, "num_statements": 22, "percent_covered": 100.0, "percent_covered_display": "100", "missing_lines": 0, "excluded_lines": 0, "percent_statements_covered": 100.0, "percent_statements_covered_display": "100"}, "missing_lines": [], "excluded_lines": [], "start_line": 1}}, "classes": {"PipelineRunner": {"executed_lines": [72, 73, 74, 75, 76, 79, 93, 103, 114, 115, 116, 117, 118, 121, 122, 153, 154, 159, 160, 161, 164, 165, 167, 168, 169, 170, 173, 177, 178, 182, 183, 186, 188, 189, 191, 199, 202, 226, 227, 228, 230, 251, 252, 255, 256, 257, 258, 260, 261, 264, 265, 266, 267, 268, 270, 271, 272, 277, 278, 282, 284, 285, 286, 288, 289, 293, 295, 299, 300, 301, 302, 303, 304, 305, 309, 311, 312, 313, 314, 315, 334, 335, 336, 339, 351, 370, 371, 376], "summary": {"covered_lines": 88, "num_statements": 89, "percent_covered": 98.87640449438203, "percent_covered_display": "99", "missing_lines": 1, "excluded_lines": 0, "percent_statements_covered": 98.87640449438203, "percent_statements_covered_display": "99"}, "missing_lines": [337], "excluded_lines": [], "start_line": 45}, "": {"executed_lines": [13, 14, 15, 16, 17, 18, 20, 22, 25, 45, 66, 85, 95, 105, 124, 206, 232, 317, 345, 373, 374, 390, 403, 409], "summary": {"covered_lines": 24, "num_statements": 29, "percent_covered": 82.75862068965517, "percent_covered_display": "83", "missing_lines": 5, "excluded_lines": 0, "percent_statements_covered": 82.75862068965517, "percent_statements_covered_display": "83"}, "missing_lines": [404, 405, 406, 407, 408], "excluded_lines": [], "start_line": 1}}}, "src\\streaming\\__init__.py": {"executed_lines": [3, 4, 6], "summary": {"covered_lines": 3, "num_statements": 3, "percent_covered": 100.0, "percent_covered_display": "100", "missing_lines": 0, "excluded_lines": 0, "percent_statements_covered": 100.0, "percent_statements_covered_display": "100"}, "missing_lines": [], "excluded_lines": [], "functions": {"": {"executed_lines": [3, 4, 6], "summary": {"covered_lines": 3, "num_statements": 3, "percent_covered": 100.0, "percent_covered_display": "100", "missing_lines": 0, "excluded_lines": 0, "percent_statements_covered": 100.0, "percent_statements_covered_display": "100"}, "missing_lines": [], "excluded_lines": [], "start_line": 1}}, "classes": {"": {"executed_lines": [3, 4, 6], "summary": {"covered_lines": 3, "num_statements": 3, "percent_covered": 100.0, "percent_covered_display": "100", "missing_lines": 0, "excluded_lines": 0, "percent_statements_covered": 100.0, "percent_statements_covered_display": "100"}, "missing_lines": [], "excluded_lines": [], "start_line": 1}}}, "src\\streaming\\redis_consumer.py": {"executed_lines": [23, 24, 25, 26, 27, 28, 29, 31, 33, 36, 54, 63, 64, 67, 70, 73, 76, 79, 82, 85, 86, 87, 89, 90, 91, 92, 93, 94, 100, 128, 147, 149, 150, 151, 152, 155, 156, 157, 163, 170, 172, 174, 175, 176, 177, 178, 184, 197, 198, 199, 201, 202, 203, 204, 207, 210, 212, 213, 216, 217, 218, 220, 222, 231, 235, 236, 248, 255, 256, 258, 264, 270, 271, 272, 280, 289, 290, 292, 293, 304, 305, 308, 309, 312, 313, 314, 315, 316, 318, 325, 331, 340, 341, 343, 344, 347, 351, 352, 353, 358, 363, 364, 365, 367, 368, 381, 382, 383, 385, 386, 387, 388, 389, 390, 391, 397, 399, 404, 406, 412, 418, 429, 430, 431, 432, 433, 436, 443, 445, 447, 448, 450], "summary": {"covered_lines": 132, "num_statements": 178, "percent_covered": 74.15730337078652, "percent_covered_display": "74", "missing_lines": 46, "excluded_lines": 0, "percent_statements_covered": 74.15730337078652, "percent_statements_covered_display": "74"}, "missing_lines": [106, 107, 108, 116, 117, 118, 119, 122, 123, 124, 125, 126, 130, 131, 132, 133, 139, 143, 145, 153, 154, 232, 233, 260, 261, 262, 277, 278, 300, 301, 302, 310, 348, 349, 354, 356, 375, 376, 377, 378, 379, 392, 393, 439, 440, 441], "excluded_lines": [], "functions": {"RedisStreamConsumer.__init__": {"executed_lines": [63, 64, 67, 70, 73, 76, 79, 82, 85, 86, 87, 89, 90, 91, 92, 93, 94], "summary": {"covered_lines": 17, "num_statements": 17, "percent_covered": 100.0, "percent_covered_display": "100", "missing_lines": 0, "excluded_lines": 0, "percent_statements_covered": 100.0, "percent_statements_covered_display": "100"}, "missing_lines": [], "excluded_lines": [], "start_line": 54}, "RedisStreamConsumer.connect": {"executed_lines": [], "summary": {"covered_lines": 0, "num_statements": 12, "percent_covered": 0.0, "percent_covered_display": "0", "missing_lines": 12, "excluded_lines": 0, "percent_statements_covered": 0.0, "percent_statements_covered_display": "0"}, "missing_lines": [106, 107, 108, 116, 117, 118, 119, 122, 123, 124, 125, 126], "excluded_lines": [], "start_line": 100}, "RedisStreamConsumer._ensure_consumer_group": {"executed_lines": [], "summary": {"covered_lines": 0, "num_statements": 7, "percent_covered": 0.0, "percent_covered_display": "0", "missing_lines": 7, "excluded_lines": 0, "percent_statements_covered": 0.0, "percent_statements_covered_display": "0"}, "missing_lines": [130, 131, 132, 133, 139, 143, 145], "excluded_lines": [], "start_line": 128}, "RedisStreamConsumer.close": {"executed_lines": [149, 150, 151, 152, 155, 156, 157], "summary": {"covered_lines": 7, "num_statements": 9, "percent_covered": 77.77777777777777, "percent_covered_display": "78", "missing_lines": 2, "excluded_lines": 0, "percent_statements_covered": 77.77777777777777, "percent_statements_covered_display": "78"}, "missing_lines": [153, 154], "excluded_lines": [], "start_line": 147}, "RedisStreamConsumer.set_scoring_api": {"executed_lines": [170], "summary": {"covered_lines": 1, "num_statements": 1, "percent_covered": 100.0, "percent_covered_display": "100", "missing_lines": 0, "excluded_lines": 0, "percent_statements_covered": 100.0, "percent_statements_covered_display": "100"}, "missing_lines": [], "excluded_lines": [], "start_line": 163}, "RedisStreamConsumer._get_scoring_api": {"executed_lines": [174, 175, 176, 177, 178], "summary": {"covered_lines": 5, "num_statements": 5, "percent_covered": 100.0, "percent_covered_display": "100", "missing_lines": 0, "excluded_lines": 0, "percent_statements_covered": 100.0, "percent_statements_covered_display": "100"}, "missing_lines": [], "excluded_lines": [], "start_line": 172}, "RedisStreamConsumer.process_message": {"executed_lines": [197, 198, 199, 201, 202, 203, 204, 207, 210, 212, 213, 216, 217, 218, 220], "summary": {"covered_lines": 15, "num_statements": 15, "percent_covered": 100.0, "percent_covered_display": "100", "missing_lines": 0, "excluded_lines": 0, "percent_statements_covered": 100.0, "percent_statements_covered_display": "100"}, "missing_lines": [], "excluded_lines": [], "start_line": 184}, "RedisStreamConsumer._write_response": {"executed_lines": [231, 235, 236, 248, 255, 256, 258], "summary": {"covered_lines": 7, "num_statements": 12, "percent_covered": 58.333333333333336, "percent_covered_display": "58", "missing_lines": 5, "excluded_lines": 0, "percent_statements_covered": 58.333333333333336, "percent_statements_covered_display": "58"}, "missing_lines": [232, 233, 260, 261, 262], "excluded_lines": [], "start_line": 222}, "RedisStreamConsumer._acknowledge": {"executed_lines": [270, 271, 272], "summary": {"covered_lines": 3, "num_statements": 5, "percent_covered": 60.0, "percent_covered_display": "60", "missing_lines": 2, "excluded_lines": 0, "percent_statements_covered": 60.0, "percent_statements_covered_display": "60"}, "missing_lines": [277, 278], "excluded_lines": [], "start_line": 264}, "RedisStreamConsumer.process_one": {"executed_lines": [289, 290, 292, 293, 304, 305, 308, 309, 312, 313, 314, 315, 316, 318, 325], "summary": {"covered_lines": 15, "num_statements": 19, "percent_covered": 78.94736842105263, "percent_covered_display": "79", "missing_lines": 4, "excluded_lines": 0, "percent_statements_covered": 78.94736842105263, "percent_statements_covered_display": "79"}, "missing_lines": [300, 301, 302, 310], "excluded_lines": [], "start_line": 280}, "RedisStreamConsumer.start": {"executed_lines": [340, 341, 343, 344, 347, 351, 352, 353, 358, 363, 364, 365, 367, 368, 381, 382, 383, 385, 386, 387, 388, 389, 390, 391, 397, 399], "summary": {"covered_lines": 26, "num_statements": 35, "percent_covered": 74.28571428571429, "percent_covered_display": "74", "missing_lines": 9, "excluded_lines": 0, "percent_statements_covered": 74.28571428571429, "percent_statements_covered_display": "74"}, "missing_lines": [354, 356, 375, 376, 377, 378, 379, 392, 393], "excluded_lines": [], "start_line": 331}, "RedisStreamConsumer.start._handle_signal": {"executed_lines": [], "summary": {"covered_lines": 0, "num_statements": 2, "percent_covered": 0.0, "percent_covered_display": "0", "missing_lines": 2, "excluded_lines": 0, "percent_statements_covered": 0.0, "percent_statements_covered_display": "0"}, "missing_lines": [348, 349], "excluded_lines": [], "start_line": 347}, "RedisStreamConsumer.stop": {"executed_lines": [406], "summary": {"covered_lines": 1, "num_statements": 1, "percent_covered": 100.0, "percent_covered_display": "100", "missing_lines": 0, "excluded_lines": 0, "percent_statements_covered": 100.0, "percent_statements_covered_display": "100"}, "missing_lines": [], "excluded_lines": [], "start_line": 404}, "RedisStreamConsumer.health_check": {"executed_lines": [418, 429, 430, 431, 432, 433, 436, 443, 445], "summary": {"covered_lines": 9, "num_statements": 12, "percent_covered": 75.0, "percent_covered_display": "75", "missing_lines": 3, "excluded_lines": 0, "percent_statements_covered": 75.0, "percent_statements_covered_display": "75"}, "missing_lines": [439, 440, 441], "excluded_lines": [], "start_line": 412}, "RedisStreamConsumer.processed_count": {"executed_lines": [450], "summary": {"covered_lines": 1, "num_statements": 1, "percent_covered": 100.0, "percent_covered_display": "100", "missing_lines": 0, "excluded_lines": 0, "percent_statements_covered": 100.0, "percent_statements_covered_display": "100"}, "missing_lines": [], "excluded_lines": [], "start_line": 448}, "": {"executed_lines": [23, 24, 25, 26, 27, 28, 29, 31, 33, 36, 54, 100, 128, 147, 163, 172, 184, 222, 264, 280, 331, 404, 412, 447, 448], "summary": {"covered_lines": 25, "num_statements": 25, "percent_covered": 100.0, "percent_covered_display": "100", "missing_lines": 0, "excluded_lines": 0, "percent_statements_covered": 100.0, "percent_statements_covered_display": "100"}, "missing_lines": [], "excluded_lines": [], "start_line": 1}}, "classes": {"RedisStreamConsumer": {"executed_lines": [63, 64, 67, 70, 73, 76, 79, 82, 85, 86, 87, 89, 90, 91, 92, 93, 94, 149, 150, 151, 152, 155, 156, 157, 170, 174, 175, 176, 177, 178, 197, 198, 199, 201, 202, 203, 204, 207, 210, 212, 213, 216, 217, 218, 220, 231, 235, 236, 248, 255, 256, 258, 270, 271, 272, 289, 290, 292, 293, 304, 305, 308, 309, 312, 313, 314, 315, 316, 318, 325, 340, 341, 343, 344, 347, 351, 352, 353, 358, 363, 364, 365, 367, 368, 381, 382, 383, 385, 386, 387, 388, 389, 390, 391, 397, 399, 406, 418, 429, 430, 431, 432, 433, 436, 443, 445, 450], "summary": {"covered_lines": 107, "num_statements": 153, "percent_covered": 69.93464052287581, "percent_covered_display": "70", "missing_lines": 46, "excluded_lines": 0, "percent_statements_covered": 69.93464052287581, "percent_statements_covered_display": "70"}, "missing_lines": [106, 107, 108, 116, 117, 118, 119, 122, 123, 124, 125, 126, 130, 131, 132, 133, 139, 143, 145, 153, 154, 232, 233, 260, 261, 262, 277, 278, 300, 301, 302, 310, 348, 349, 354, 356, 375, 376, 377, 378, 379, 392, 393, 439, 440, 441], "excluded_lines": [], "start_line": 36}, "": {"executed_lines": [23, 24, 25, 26, 27, 28, 29, 31, 33, 36, 54, 100, 128, 147, 163, 172, 184, 222, 264, 280, 331, 404, 412, 447, 448], "summary": {"covered_lines": 25, "num_statements": 25, "percent_covered": 100.0, "percent_covered_display": "100", "missing_lines": 0, "excluded_lines": 0, "percent_statements_covered": 100.0, "percent_statements_covered_display": "100"}, "missing_lines": [], "excluded_lines": [], "start_line": 1}}}, "src\\streaming\\redis_producer.py": {"executed_lines": [17, 18, 19, 20, 21, 22, 24, 27, 37, 46, 47, 50, 53, 56, 59, 60, 61, 62, 64, 91, 105, 106, 110, 111, 115, 119, 126, 131, 132, 134, 138, 140, 152, 153, 155, 156, 157, 158, 160, 163, 165, 174, 176, 178, 184, 191, 192, 193, 194, 195, 202, 204, 206, 208, 209, 210, 213, 214, 215, 218], "summary": {"covered_lines": 60, "num_statements": 86, "percent_covered": 69.76744186046511, "percent_covered_display": "70", "missing_lines": 26, "excluded_lines": 0, "percent_statements_covered": 69.76744186046511, "percent_statements_covered_display": "70"}, "missing_lines": [70, 71, 72, 80, 81, 82, 85, 86, 87, 88, 89, 112, 175, 198, 199, 200, 211, 212, 227, 228, 229, 230, 231, 232, 233, 234], "excluded_lines": [], "functions": {"RedisStreamProducer.__init__": {"executed_lines": [46, 47, 50, 53, 56, 59, 60, 61, 62], "summary": {"covered_lines": 9, "num_statements": 9, "percent_covered": 100.0, "percent_covered_display": "100", "missing_lines": 0, "excluded_lines": 0, "percent_statements_covered": 100.0, "percent_statements_covered_display": "100"}, "missing_lines": [], "excluded_lines": [], "start_line": 37}, "RedisStreamProducer.connect": {"executed_lines": [], "summary": {"covered_lines": 0, "num_statements": 11, "percent_covered": 0.0, "percent_covered_display": "0", "missing_lines": 11, "excluded_lines": 0, "percent_statements_covered": 0.0, "percent_statements_covered_display": "0"}, "missing_lines": [70, 71, 72, 80, 81, 82, 85, 86, 87, 88, 89], "excluded_lines": [], "start_line": 64}, "RedisStreamProducer.publish": {"executed_lines": [105, 106, 110, 111, 115, 119, 126, 131, 132, 134, 138], "summary": {"covered_lines": 11, "num_statements": 12, "percent_covered": 91.66666666666667, "percent_covered_display": "92", "missing_lines": 1, "excluded_lines": 0, "percent_statements_covered": 91.66666666666667, "percent_statements_covered_display": "92"}, "missing_lines": [112], "excluded_lines": [], "start_line": 91}, "RedisStreamProducer.publish_batch": {"executed_lines": [152, 153, 155, 156, 157, 158, 160, 163], "summary": {"covered_lines": 8, "num_statements": 8, "percent_covered": 100.0, "percent_covered_display": "100", "missing_lines": 0, "excluded_lines": 0, "percent_statements_covered": 100.0, "percent_statements_covered_display": "100"}, "missing_lines": [], "excluded_lines": [], "start_line": 140}, "RedisStreamProducer.get_stream_length": {"executed_lines": [174, 176], "summary": {"covered_lines": 2, "num_statements": 3, "percent_covered": 66.66666666666667, "percent_covered_display": "67", "missing_lines": 1, "excluded_lines": 0, "percent_statements_covered": 66.66666666666667, "percent_statements_covered_display": "67"}, "missing_lines": [175], "excluded_lines": [], "start_line": 165}, "RedisStreamProducer.health_check": {"executed_lines": [184, 191, 192, 193, 194, 195, 202, 204], "summary": {"covered_lines": 8, "num_statements": 11, "percent_covered": 72.72727272727273, "percent_covered_display": "73", "missing_lines": 3, "excluded_lines": 0, "percent_statements_covered": 72.72727272727273, "percent_statements_covered_display": "73"}, "missing_lines": [198, 199, 200], "excluded_lines": [], "start_line": 178}, "RedisStreamProducer.close": {"executed_lines": [208, 209, 210, 213, 214, 215], "summary": {"covered_lines": 6, "num_statements": 8, "percent_covered": 75.0, "percent_covered_display": "75", "missing_lines": 2, "excluded_lines": 0, "percent_statements_covered": 75.0, "percent_statements_covered_display": "75"}, "missing_lines": [211, 212], "excluded_lines": [], "start_line": 206}, "_json_serializer": {"executed_lines": [], "summary": {"covered_lines": 0, "num_statements": 8, "percent_covered": 0.0, "percent_covered_display": "0", "missing_lines": 8, "excluded_lines": 0, "percent_statements_covered": 0.0, "percent_statements_covered_display": "0"}, "missing_lines": [227, 228, 229, 230, 231, 232, 233, 234], "excluded_lines": [], "start_line": 218}, "": {"executed_lines": [17, 18, 19, 20, 21, 22, 24, 27, 37, 64, 91, 140, 165, 178, 206, 218], "summary": {"covered_lines": 16, "num_statements": 16, "percent_covered": 100.0, "percent_covered_display": "100", "missing_lines": 0, "excluded_lines": 0, "percent_statements_covered": 100.0, "percent_statements_covered_display": "100"}, "missing_lines": [], "excluded_lines": [], "start_line": 1}}, "classes": {"RedisStreamProducer": {"executed_lines": [46, 47, 50, 53, 56, 59, 60, 61, 62, 105, 106, 110, 111, 115, 119, 126, 131, 132, 134, 138, 152, 153, 155, 156, 157, 158, 160, 163, 174, 176, 184, 191, 192, 193, 194, 195, 202, 204, 208, 209, 210, 213, 214, 215], "summary": {"covered_lines": 44, "num_statements": 62, "percent_covered": 70.96774193548387, "percent_covered_display": "71", "missing_lines": 18, "excluded_lines": 0, "percent_statements_covered": 70.96774193548387, "percent_statements_covered_display": "71"}, "missing_lines": [70, 71, 72, 80, 81, 82, 85, 86, 87, 88, 89, 112, 175, 198, 199, 200, 211, 212], "excluded_lines": [], "start_line": 27}, "": {"executed_lines": [17, 18, 19, 20, 21, 22, 24, 27, 37, 64, 91, 140, 165, 178, 206, 218], "summary": {"covered_lines": 16, "num_statements": 24, "percent_covered": 66.66666666666667, "percent_covered_display": "67", "missing_lines": 8, "excluded_lines": 0, "percent_statements_covered": 66.66666666666667, "percent_statements_covered_display": "67"}, "missing_lines": [227, 228, 229, 230, 231, 232, 233, 234], "excluded_lines": [], "start_line": 1}}}}, "totals": {"covered_lines": 8703, "num_statements": 11890, "percent_covered": 73.1959629941127, "percent_covered_display": "73", "missing_lines": 3187, "excluded_lines": 138, "percent_statements_covered": 73.1959629941127, "percent_statements_covered_display": "73"}}