<?xml version="1.0" encoding="utf-8"?><testsuites name="pytest tests"><testsuite name="pytest" errors="0" failures="0" skipped="0" tests="168" time="66.381" timestamp="2026-05-08T18:56:07.169509+09:00" hostname="yoon"><testcase classname="tests.test_data_generator.TestConfigLoading" name="test_config_file_exists" time="0.001" /><testcase classname="tests.test_data_generator.TestConfigLoading" name="test_config_has_required_sections" time="0.012" /><testcase classname="tests.test_data_generator.TestConfigLoading" name="test_config_has_six_personas" time="0.012" /><testcase classname="tests.test_data_generator.TestConfigLoading" name="test_config_persona_proportions_sum_to_one" time="0.011" /><testcase classname="tests.test_data_generator.TestConfigLoading" name="test_config_has_random_seed" time="0.012" /><testcase classname="tests.test_data_generator.TestConfigLoading" name="test_small_mode_matches_requirement" time="0.012" /><testcase classname="tests.test_data_generator.TestConfigLoading" name="test_config_churn_definition" time="0.018" /><testcase classname="tests.test_data_generator.TestConfigLoading" name="test_config_has_eight_event_types" time="0.011" /><testcase classname="tests.test_data_generator.TestConfigLoading" name="test_config_event_types_content" time="0.011" /><testcase classname="tests.test_data_generator.TestCustomerGeneration" name="test_generator_creates_customers_dataframe" time="0.896" /><testcase classname="tests.test_data_generator.TestCustomerGeneration" name="test_correct_number_of_customers" time="0.304" /><testcase classname="tests.test_data_generator.TestCustomerGeneration" name="test_customer_has_required_columns" time="0.304" /><testcase classname="tests.test_data_generator.TestCustomerGeneration" name="test_all_personas_represented" time="0.288" /><testcase classname="tests.test_data_generator.TestCustomerGeneration" name="test_persona_distribution_approximate" time="0.292" /><testcase classname="tests.test_data_generator.TestCustomerGeneration" name="test_customer_ids_unique" time="0.291" /><testcase classname="tests.test_data_generator.TestTreatmentControlGroups" name="test_treatment_control_split" time="0.287" /><testcase classname="tests.test_data_generator.TestTreatmentControlGroups" name="test_treatment_control_balance" time="0.295" /><testcase classname="tests.test_data_generator.TestTreatmentControlGroups" name="test_treatment_group_minimum_size" time="0.294" /><testcase classname="tests.test_data_generator.TestTreatmentControlGroups" name="test_generator_marks_reduced_test_run_as_small_mode" time="0.012" /><testcase classname="tests.test_data_generator.TestTreatmentControlGroups" name="test_generator_can_reach_full_mode_when_feasible" time="0.012" /><testcase classname="tests.test_data_generator.TestEventGeneration" name="test_events_dataframe_created" time="0.302" /><testcase classname="tests.test_data_generator.TestEventGeneration" name="test_events_have_required_columns" time="0.385" /><testcase classname="tests.test_data_generator.TestEventGeneration" name="test_empty_event_frame_uses_submission_schema" time="0.015" /><testcase classname="tests.test_data_generator.TestEventGeneration" name="test_all_event_types_present" time="0.332" /><testcase classname="tests.test_data_generator.TestEventGeneration" name="test_events_linked_to_valid_customers" time="0.313" /><testcase classname="tests.test_data_generator.TestEventGeneration" name="test_events_within_simulation_period" time="0.330" /><testcase classname="tests.test_data_generator.TestEventGeneration" name="test_purchase_events_have_amount" time="0.316" /><testcase classname="tests.test_data_generator.TestEventGeneration" name="test_visit_events_have_positive_session_duration" time="0.315" /><testcase classname="tests.test_data_generator.TestChurnLabeling" name="test_churn_labels_exist" time="0.383" /><testcase classname="tests.test_data_generator.TestChurnLabeling" name="test_churn_labels_binary" time="0.350" /><testcase classname="tests.test_data_generator.TestChurnLabeling" name="test_churn_rate_in_target_range" time="0.390" /><testcase classname="tests.test_data_generator.TestChurnLabeling" name="test_churn_based_on_configurable_definition" time="0.355" /><testcase classname="tests.test_data_generator.TestChurnLabeling" name="test_orchestrator_summary_flags_small_mode_validation_skip" time="0.571" /><testcase classname="tests.test_data_generator.TestTemporalBehavior" name="test_behavior_decay_modeled" time="0.539" /><testcase classname="tests.test_data_generator.TestMarketingResponse" name="test_marketing_events_exist" time="0.481" /><testcase classname="tests.test_data_generator.TestMarketingResponse" name="test_marketing_response_metadata_exists" time="0.484" /><testcase classname="tests.test_data_generator.TestMarketingResponse" name="test_differential_persona_response" time="0.484" /><testcase classname="tests.test_data_generator.TestReproducibility" name="test_same_seed_produces_same_customers" time="0.209" /><testcase classname="tests.test_data_generator.TestReproducibility" name="test_same_seed_produces_same_events" time="0.248" /><testcase classname="tests.test_data_generator.TestSingleCustomerEventGenerator" name="test_single_customer_produces_events" time="0.040" /><testcase classname="tests.test_data_generator.TestSingleCustomerEventGenerator" name="test_single_customer_all_8_event_types" time="0.052" /><testcase classname="tests.test_data_generator.TestSingleCustomerEventGenerator" name="test_single_customer_event_record_structure" time="0.039" /><testcase classname="tests.test_data_generator.TestSingleCustomerEventGenerator" name="test_single_customer_purchase_has_positive_amount" time="0.039" /><testcase classname="tests.test_data_generator.TestSingleCustomerEventGenerator" name="test_single_customer_non_purchase_has_null_amount" time="0.039" /><testcase classname="tests.test_data_generator.TestSingleCustomerEventGenerator" name="test_single_customer_events_span_timeline" time="0.042" /><testcase classname="tests.test_data_generator.TestSingleCustomerEventGenerator" name="test_vip_more_events_than_dormant" time="0.040" /><testcase classname="tests.test_data_generator.TestSingleCustomerEventGenerator" name="test_vip_more_purchases_than_dormant" time="0.040" /><testcase classname="tests.test_data_generator.TestSingleCustomerEventGenerator" name="test_persona_engagement_affects_visit_frequency" time="0.041" /><testcase classname="tests.test_data_generator.TestSingleCustomerEventGenerator" name="test_treatment_increases_coupon_usage" time="0.042" /><testcase classname="tests.test_data_generator.TestSingleCustomerEventGenerator" name="test_purchase_frequency_monthly_controls_purchase_volume" time="0.044" /><testcase classname="tests.test_data_generator.TestSingleCustomerEventGenerator" name="test_behavior_decay_reduces_late_activity" time="0.025" /><testcase classname="tests.test_data_generator.TestSingleCustomerEventGenerator" name="test_session_duration_decays_over_time" time="0.026" /><testcase classname="tests.test_data_generator.TestSingleCustomerEventGenerator" name="test_weekend_activity_boost" time="0.064" /><testcase classname="tests.test_data_generator.TestDataOutput" name="test_save_to_files" time="0.713" /><testcase classname="tests.test_data_generator.TestDataOutput" name="test_saved_data_loadable" time="0.743" /><testcase classname="tests.test_make_dataset" name="test_apply_generation_overrides_small_mode" time="0.160" /><testcase classname="tests.test_make_dataset" name="test_make_dataset_writes_raw_processed_and_feature_store" time="2.205" /><testcase classname="tests.test_orchestrator.TestOrchestratorInitialization" name="test_orchestrator_creates_from_config" time="0.022" /><testcase classname="tests.test_orchestrator.TestOrchestratorInitialization" name="test_orchestrator_creates_from_yaml_path" time="0.055" /><testcase classname="tests.test_orchestrator.TestOrchestratorInitialization" name="test_orchestrator_default_num_customers" time="0.021" /><testcase classname="tests.test_orchestrator.TestFullPipelineExecution" name="test_run_returns_dict_with_dataframes" time="1.676" /><testcase classname="tests.test_orchestrator.TestFullPipelineExecution" name="test_run_returns_correct_customer_count" time="1.702" /><testcase classname="tests.test_orchestrator.TestFullPipelineExecution" name="test_run_returns_summary" time="1.686" /><testcase classname="tests.test_orchestrator.TestTreatmentControlSplit" name="test_treatment_control_exact_split" time="1.690" /><testcase classname="tests.test_orchestrator.TestTreatmentControlSplit" name="test_treatment_control_groups_only" time="1.680" /><testcase classname="tests.test_orchestrator.TestPersonaAssignment" name="test_all_personas_assigned" time="1.715" /><testcase classname="tests.test_orchestrator.TestPersonaAssignment" name="test_persona_proportions_match_config" time="1.676" /><testcase classname="tests.test_orchestrator.TestOutputFiles" name="test_csv_files_created" time="1.751" /><testcase classname="tests.test_orchestrator.TestOutputFiles" name="test_parquet_files_created" time="1.611" /><testcase classname="tests.test_orchestrator.TestOutputFiles" name="test_csv_files_loadable" time="1.678" /><testcase classname="tests.test_orchestrator.TestOutputFiles" name="test_parquet_files_loadable" time="1.751" /><testcase classname="tests.test_orchestrator.TestOutputFiles" name="test_summary_json_created" time="1.651" /><testcase classname="tests.test_orchestrator.TestPipelineState" name="test_pipeline_state_created" time="1.612" /><testcase classname="tests.test_orchestrator.TestPipelineState" name="test_pipeline_state_completed" time="1.611" /><testcase classname="tests.test_orchestrator.TestPipelineState" name="test_pipeline_state_on_failure" time="0.034" /><testcase classname="tests.test_orchestrator.TestReproducibility" name="test_reproducible_output" time="0.336" /><testcase classname="tests.test_preprocessing.TestDataLoading" name="test_load_customers_csv" time="0.013" /><testcase classname="tests.test_preprocessing.TestDataLoading" name="test_load_events_csv" time="0.553" /><testcase classname="tests.test_preprocessing.TestDataLoading" name="test_date_columns_parsed" time="0.522" /><testcase classname="tests.test_preprocessing.TestMissingValueHandling" name="test_detect_missing_values" time="0.486" /><testcase classname="tests.test_preprocessing.TestMissingValueHandling" name="test_handle_missing_amounts" time="0.511" /><testcase classname="tests.test_preprocessing.TestMissingValueHandling" name="test_handle_missing_dates" time="0.503" /><testcase classname="tests.test_preprocessing.TestOutlierHandling" name="test_detect_outliers" time="0.472" /><testcase classname="tests.test_preprocessing.TestOutlierHandling" name="test_handle_outliers_capping" time="0.478" /><testcase classname="tests.test_preprocessing.TestTrainTestSplit" name="test_time_based_split" time="0.488" /><testcase classname="tests.test_preprocessing.TestTrainTestSplit" name="test_no_data_leakage" time="0.500" /><testcase classname="tests.test_preprocessing.TestTrainTestSplit" name="test_split_ratio_approximate" time="0.513" /><testcase classname="tests.test_preprocessing.TestSequencePreparation" name="test_create_event_sequences" time="0.506" /><testcase classname="tests.test_preprocessing.TestSequencePreparation" name="test_sequence_padding" time="0.478" /><testcase classname="tests.test_preprocessing.TestSequencePreparation" name="test_event_type_encoding" time="0.490" /><testcase classname="tests.test_preprocessing.TestFeatureScaling" name="test_standard_scaling" time="0.002" /><testcase classname="tests.test_preprocessing.TestFeatureScaling" name="test_minmax_scaling" time="0.001" /><testcase classname="tests.test_preprocessing.TestDataValidation" name="test_validate_no_duplicate_customer_ids" time="0.001" /><testcase classname="tests.test_preprocessing.TestDataValidation" name="test_validate_event_references" time="0.437" /><testcase classname="tests.test_preprocessing.TestDataValidation" name="test_validate_date_order" time="0.470" /><testcase classname="tests.test_feature_engineering.TestRFMFeatures" name="test_rfm_features_computed" time="0.613" /><testcase classname="tests.test_feature_engineering.TestRFMFeatures" name="test_recency_non_negative" time="0.594" /><testcase classname="tests.test_feature_engineering.TestRFMFeatures" name="test_frequency_non_negative" time="0.526" /><testcase classname="tests.test_feature_engineering.TestRFMFeatures" name="test_monetary_non_negative" time="0.533" /><testcase classname="tests.test_feature_engineering.TestRFMFeatures" name="test_rfm_covers_all_customers" time="0.481" /><testcase classname="tests.test_feature_engineering.TestBehavioralChangeFeatures" name="test_change_features_computed" time="0.546" /><testcase classname="tests.test_feature_engineering.TestBehavioralChangeFeatures" name="test_visit_frequency_change" time="0.501" /><testcase classname="tests.test_feature_engineering.TestBehavioralChangeFeatures" name="test_purchase_cycle_change" time="0.500" /><testcase classname="tests.test_feature_engineering.TestBehavioralChangeFeatures" name="test_session_duration_change" time="0.473" /><testcase classname="tests.test_feature_engineering.TestBehavioralChangeFeatures" name="test_cart_conversion_change" time="0.467" /><testcase classname="tests.test_feature_engineering.TestBehavioralChangeFeatures" name="test_coupon_response_change" time="0.436" /><testcase classname="tests.test_feature_engineering.TestPurchaseCycleAnomaly" name="test_purchase_cycle_anomaly_computed" time="0.426" /><testcase classname="tests.test_feature_engineering.TestPurchaseCycleAnomaly" name="test_anomaly_non_negative" time="0.460" /><testcase classname="tests.test_feature_engineering.TestPurchaseCycleAnomaly" name="test_high_anomaly_for_overdue_customers" time="0.438" /><testcase classname="tests.test_feature_engineering.TestSessionQualityFeatures" name="test_session_features_computed" time="0.427" /><testcase classname="tests.test_feature_engineering.TestSessionQualityFeatures" name="test_avg_session_duration" time="0.434" /><testcase classname="tests.test_feature_engineering.TestSessionQualityFeatures" name="test_pageviews_per_session" time="0.447" /><testcase classname="tests.test_feature_engineering.TestSessionQualityFeatures" name="test_search_to_purchase_rate" time="0.483" /><testcase classname="tests.test_feature_engineering.TestSequenceFeatures" name="test_sequence_features_computed" time="0.446" /><testcase classname="tests.test_feature_engineering.TestSequenceFeatures" name="test_event_sequence_embedding" time="0.499" /><testcase classname="tests.test_feature_engineering.TestSequenceFeatures" name="test_behavior_pattern_cluster" time="0.537" /><testcase classname="tests.test_feature_engineering.TestTimeBasedFeatures" name="test_time_features_computed" time="0.467" /><testcase classname="tests.test_feature_engineering.TestTimeBasedFeatures" name="test_weekend_weekday_ratio" time="0.445" /><testcase classname="tests.test_feature_engineering.TestTimeBasedFeatures" name="test_time_of_day_features" time="0.461" /><testcase classname="tests.test_feature_engineering.TestJourneyStageFeatures" name="test_journey_stage_computed" time="0.485" /><testcase classname="tests.test_feature_engineering.TestJourneyStageFeatures" name="test_journey_stages_valid" time="0.475" /><testcase classname="tests.test_feature_engineering.TestJourneyStageFeatures" name="test_stage_tenure_computed" time="0.454" /><testcase classname="tests.test_feature_engineering.TestMissingAndOutlierHandling" name="test_no_nan_in_final_features" time="0.537" /><testcase classname="tests.test_feature_engineering.TestMissingAndOutlierHandling" name="test_no_inf_in_final_features" time="0.594" /><testcase classname="tests.test_feature_engineering.TestMissingAndOutlierHandling" name="test_numeric_outliers_are_clipped" time="0.559" /><testcase classname="tests.test_feature_engineering.TestFeatureMemoryOptimizations" name="test_prepare_events_drops_unused_object_columns" time="0.461" /><testcase classname="tests.test_feature_engineering.TestFeatureStore" name="test_save_features" time="0.549" /><testcase classname="tests.test_feature_engineering.TestFeatureStore" name="test_load_features" time="0.573" /><testcase classname="tests.test_feature_engineering.TestFeatureStore" name="test_save_features_csv_fallback_when_parquet_fails" time="0.563" /><testcase classname="tests.test_feature_engineering.TestFeatureStore" name="test_load_features_csv_fallback_when_parquet_read_fails" time="0.625" /><testcase classname="tests.test_feature_engineering.TestFeatureCount" name="test_minimum_30_features" time="0.565" /><testcase classname="tests.test_feature_engineering.TestFeatureCount" name="test_all_feature_groups_present" time="0.538" /><testcase classname="tests.test_segmentation.TestSegmentationImports" name="test_import_customer_segmenter" time="0.000" /><testcase classname="tests.test_segmentation.TestSegmentationImports" name="test_import_from_features_init" time="0.000" /><testcase classname="tests.test_segmentation.TestSegmentationConfig" name="test_config_has_segments" time="0.018" /><testcase classname="tests.test_segmentation.TestSegmentationConfig" name="test_config_segment_structure" time="0.013" /><testcase classname="tests.test_segmentation.TestSegmentationConfig" name="test_config_segment_names_unique" time="0.016" /><testcase classname="tests.test_segmentation.TestSegmentationConfig" name="test_custom_config_overrides" time="0.000" /><testcase classname="tests.test_segmentation.TestRFMScoring" name="test_compute_rfm_scores" time="0.016" /><testcase classname="tests.test_segmentation.TestRFMScoring" name="test_recency_inverse_scoring" time="0.015" /><testcase classname="tests.test_segmentation.TestRFMScoring" name="test_frequency_direct_scoring" time="0.016" /><testcase classname="tests.test_segmentation.TestRFMScoring" name="test_rfm_scores_configurable_bins" time="0.004" /><testcase classname="tests.test_segmentation.TestSegmentAssignment" name="test_segment_customers_returns_all" time="0.021" /><testcase classname="tests.test_segmentation.TestSegmentAssignment" name="test_at_least_six_segments" time="0.020" /><testcase classname="tests.test_segmentation.TestSegmentAssignment" name="test_segment_names_match_config" time="0.024" /><testcase classname="tests.test_segmentation.TestSegmentAssignment" name="test_vip_loyal_has_high_rfm" time="0.023" /><testcase classname="tests.test_segmentation.TestSegmentAssignment" name="test_at_risk_has_low_recency_score" time="0.022" /><testcase classname="tests.test_segmentation.TestKMeansSegmentation" name="test_kmeans_method" time="0.014" /><testcase classname="tests.test_segmentation.TestKMeansSegmentation" name="test_kmeans_assigns_all" time="0.019" /><testcase classname="tests.test_segmentation.TestSegmentSummary" name="test_get_segment_summary" time="0.034" /><testcase classname="tests.test_segmentation.TestSegmentSummary" name="test_summary_counts_sum_to_total" time="0.028" /><testcase classname="tests.test_segmentation.TestSegmentSummary" name="test_summary_percentages_sum_to_100" time="0.028" /><testcase classname="tests.test_segmentation.TestSegmentSummary" name="test_summary_includes_rfm_means" time="0.022" /><testcase classname="tests.test_segmentation.TestValueUpliftSegmentation" name="test_segment_value_uplift_customers" time="0.021" /><testcase classname="tests.test_segmentation.TestValueUpliftSegmentation" name="test_value_uplift_summary_includes_new_metrics" time="0.019" /><testcase classname="tests.test_segmentation.TestValueUpliftSegmentation" name="test_high_value_actionable_evidence_report_present" time="0.019" /><testcase classname="tests.test_segmentation.TestValueUpliftSegmentation" name="test_high_value_actionable_absence_report_validates" time="0.018" /><testcase classname="tests.test_segmentation.TestValueUpliftSegmentation" name="test_missing_high_value_actionable_and_absence_fails_validation" time="0.015" /><testcase classname="tests.test_segmentation.TestValueUpliftSegmentation" name="test_run_segment_persists_structured_absence_report" time="0.428" /><testcase classname="tests.test_segmentation.TestValueUpliftSegmentation" name="test_segment_artifact_validation_rejects_sure_thing_without_absence" time="0.011" /><testcase classname="tests.test_segmentation.TestRetentionActions" name="test_get_retention_actions" time="0.022" /><testcase classname="tests.test_segmentation.TestRetentionActions" name="test_actions_match_segments" time="0.023" /><testcase classname="tests.test_segmentation.TestSegmentationEdgeCases" name="test_single_customer" time="0.016" /><testcase classname="tests.test_segmentation.TestSegmentationEdgeCases" name="test_zero_values" time="0.017" /><testcase classname="tests.test_segmentation.TestSegmentationEdgeCases" name="test_all_identical_customers" time="0.015" /><testcase classname="tests.test_segmentation.TestSegmentationEdgeCases" name="test_reproducibility_with_seed" time="0.046" /><testcase classname="tests.test_generation_summary_schema" name="test_generation_summary_validates_event_metadata" time="0.468" /><testcase classname="tests.test_generation_summary_schema" name="test_event_metadata_check_rejects_legacy_raw_schema" time="0.018" /></testsuite></testsuites>