<?xml version="1.0" encoding="utf-8"?><testsuites name="pytest tests"><testsuite name="pytest" errors="0" failures="0" skipped="1" tests="207" time="84.317" timestamp="2026-05-08T18:33:00.640789+09:00" hostname="yoon"><testcase classname="tests.test_churn_model.TestTimeBasedSplit" name="test_split_returns_four_parts" time="0.019" /><testcase classname="tests.test_churn_model.TestTimeBasedSplit" name="test_train_larger_than_test" time="0.017" /><testcase classname="tests.test_churn_model.TestTimeBasedSplit" name="test_no_data_leakage" time="0.020" /><testcase classname="tests.test_churn_model.TestTimeBasedSplit" name="test_split_preserves_features" time="0.017" /><testcase classname="tests.test_churn_model.TestTimeBasedSplit" name="test_labels_binary" time="0.016" /><testcase classname="tests.test_churn_model.TestMLChurnModel" name="test_ml_model_instantiation" time="0.012" /><testcase classname="tests.test_churn_model.TestMLChurnModel" name="test_ml_model_has_fit_method" time="0.012" /><testcase classname="tests.test_churn_model.TestMLChurnModel" name="test_ml_model_has_predict_proba" time="0.014" /><testcase classname="tests.test_churn_model.TestMLChurnModel" name="test_ml_model_has_cv_support" time="0.012" /><testcase classname="tests.test_churn_model.TestMLChurnModel" name="test_ml_model_has_model_selection" time="0.012" /><testcase classname="tests.test_churn_model.TestMLChurnModel" name="test_ml_model_trains" time="0.086" /><testcase classname="tests.test_churn_model.TestMLChurnModel" name="test_ml_model_selects_best" time="0.091" /><testcase classname="tests.test_churn_model.TestMLChurnModel" name="test_ml_model_cv_results" time="0.090" /><testcase classname="tests.test_churn_model.TestMLChurnModel" name="test_ml_model_predicts_probabilities" time="0.084" /><testcase classname="tests.test_churn_model.TestMLChurnModel" name="test_ml_model_auc" time="0.085" /><testcase classname="tests.test_churn_model.TestMLChurnModel" name="test_ml_model_feature_importance" time="0.088" /><testcase classname="tests.test_churn_model.TestMLChurnModel" name="test_ml_model_save_load" time="0.102" /><testcase classname="tests.test_churn_model.TestMLChurnModel" name="test_ml_model_save_preserves_cv_results" time="0.100" /><testcase classname="tests.test_churn_model.TestMLChurnModel" name="test_ml_model_save_writes_versioned_artifact" time="0.023" /><testcase classname="tests.test_churn_model.TestMLChurnModel" name="test_ml_model_hyperparam_grid_exists" time="0.013" /><testcase classname="tests.test_churn_model.TestMLChurnModel" name="test_imbalance_weighting_applied_in_cv_paths" time="0.000" /><testcase classname="tests.test_churn_model.TestDLChurnModel" name="test_dl_model_instantiation" time="0.012" /><testcase classname="tests.test_churn_model.TestDLChurnModel" name="test_dl_model_has_fit_method" time="0.012" /><testcase classname="tests.test_churn_model.TestDLChurnModel" name="test_dl_model_has_predict_proba" time="0.015" /><testcase classname="tests.test_churn_model.TestDLChurnModel" name="test_dl_model_uses_pytorch" time="0.015" /><testcase classname="tests.test_churn_model.TestDLChurnModel" name="test_dl_model_trains" time="4.604" /><testcase classname="tests.test_churn_model.TestDLChurnModel" name="test_dl_model_predicts_probabilities" time="4.123" /><testcase classname="tests.test_churn_model.TestDLChurnModel" name="test_dl_model_auc_reasonable" time="3.569" /><testcase classname="tests.test_churn_model.TestDLChurnModel" name="test_dl_model_cpu_only" time="0.022" /><testcase classname="tests.test_churn_model.TestDLChurnModel" name="test_dl_model_save_load" time="3.512" /><testcase classname="tests.test_churn_model.TestDLChurnModel" name="test_dl_model_save_writes_versioned_artifact" time="0.036" /><testcase classname="tests.test_churn_model.TestEnsembleChurnModel" name="test_ensemble_instantiation" time="0.017" /><testcase classname="tests.test_churn_model.TestEnsembleChurnModel" name="test_ensemble_weights_from_config" time="0.020" /><testcase classname="tests.test_churn_model.TestEnsembleChurnModel" name="test_ensemble_weights_sum_to_one" time="0.019" /><testcase classname="tests.test_churn_model.TestEnsembleChurnModel" name="test_ensemble_trains_both_models" time="3.472" /><testcase classname="tests.test_churn_model.TestEnsembleChurnModel" name="test_ensemble_predicts_probabilities" time="3.395" /><testcase classname="tests.test_churn_model.TestEnsembleChurnModel" name="test_ensemble_auc_meets_threshold" time="3.377" /><testcase classname="tests.test_churn_model.TestEnsembleChurnModel" name="test_ensemble_weighted_average_correct" time="3.390" /><testcase classname="tests.test_churn_model.TestModelReproducibility" name="test_ml_model_reproducible" time="0.213" /><testcase classname="tests.test_churn_model.TestModelReproducibility" name="test_dl_model_reproducible" time="5.816" /><testcase classname="tests.test_churn_model.TestProbabilityCalibration" name="test_probability_distribution" time="3.119" /><testcase classname="tests.test_churn_model.TestProbabilityCalibration" name="test_prediction_not_all_same" time="2.833" /><testcase classname="tests.test_clv.TestFeatureEngineering" name="test_rfm_features_created" time="0.002" /><testcase classname="tests.test_clv.TestFeatureEngineering" name="test_non_rfm_unchanged" time="0.000" /><testcase classname="tests.test_clv.TestFeatureEngineering" name="test_original_not_mutated" time="0.001" /><testcase classname="tests.test_clv.TestFeatureEngineering" name="test_zero_frequency_handled" time="0.001" /><testcase classname="tests.test_clv.TestUnfittedErrors" name="test_predict_before_fit_raises" time="0.023" /><testcase classname="tests.test_clv.TestUnfittedErrors" name="test_rank_before_fit_raises" time="0.023" /><testcase classname="tests.test_clv.TestAdjustForChurnBoundaries" name="test_zero_churn_returns_original" time="0.000" /><testcase classname="tests.test_clv.TestAdjustForChurnBoundaries" name="test_full_churn_returns_zero" time="0.000" /><testcase classname="tests.test_clv.TestAdjustForChurnBoundaries" name="test_half_churn_halves_clv" time="0.000" /><testcase classname="tests.test_clv.TestAdjustForChurnBoundaries" name="test_result_always_non_negative" time="0.000" /><testcase classname="tests.test_clv.TestAdjustForChurnBoundaries" name="test_accepts_lists" time="0.000" /><testcase classname="tests.test_clv.TestBudgetAllocationEdgeCases" name="test_budget_sums_exactly" time="0.105" /><testcase classname="tests.test_clv.TestBudgetAllocationEdgeCases" name="test_single_customer_gets_all" time="0.063" /><testcase classname="tests.test_clv.TestBudgetAllocationEdgeCases" name="test_all_allocations_non_negative" time="0.088" /><testcase classname="tests.test_clv.TestReportingHelpers" name="test_evaluate_holdout_returns_metrics" time="0.088" /><testcase classname="tests.test_clv.TestReportingHelpers" name="test_future_revenue_labels_use_post_cutoff_purchases" time="0.003" /><testcase classname="tests.test_clv.TestReportingHelpers" name="test_build_value_report_returns_top_n" time="0.094" /><testcase classname="tests.test_clv.TestPredictMissingCols" name="test_predict_subset_of_train_features" time="0.053" /><testcase classname="tests.test_clv.TestNonNegativeConstraint" name="test_negative_targets_still_produce_non_negative" time="0.047" /><testcase classname="tests.test_clv.TestPersistenceRoundTrip" name="test_loaded_model_has_same_seed" time="0.101" /><testcase classname="tests.test_clv.TestPersistenceRoundTrip" name="test_loaded_model_has_same_feature_names" time="0.107" /><testcase classname="tests.test_clv.TestPersistenceRoundTrip" name="test_save_with_pkl_extension" time="0.098" /><testcase classname="tests.test_clv.TestReproducibilityDetailed" name="test_different_seeds_differ" time="0.138" /><testcase classname="tests.test_clv_model.TestCLVModelInterface" name="test_model_instantiation" time="0.014" /><testcase classname="tests.test_clv_model.TestCLVModelInterface" name="test_has_fit_method" time="0.012" /><testcase classname="tests.test_clv_model.TestCLVModelInterface" name="test_has_predict_method" time="0.012" /><testcase classname="tests.test_clv_model.TestCLVModelInterface" name="test_has_rank_customers_method" time="0.013" /><testcase classname="tests.test_clv_model.TestCLVModelTraining" name="test_model_trains" time="0.892" /><testcase classname="tests.test_clv_model.TestCLVModelTraining" name="test_model_trains_with_various_features" time="0.368" /><testcase classname="tests.test_clv_model.TestCLVPrediction" name="test_predicts_clv_values" time="0.897" /><testcase classname="tests.test_clv_model.TestCLVPrediction" name="test_predictions_non_negative" time="0.917" /><testcase classname="tests.test_clv_model.TestCLVPrediction" name="test_predictions_are_numeric" time="0.919" /><testcase classname="tests.test_clv_model.TestCLVPrediction" name="test_no_nan_in_predictions" time="0.991" /><testcase classname="tests.test_clv_model.TestCLVPrediction" name="test_predictions_have_variance" time="0.922" /><testcase classname="tests.test_clv_model.TestCLVPrediction" name="test_predictions_in_reasonable_range" time="0.900" /><testcase classname="tests.test_clv_model.TestCLVAccuracy" name="test_prediction_correlation" time="0.736" /><testcase classname="tests.test_clv_model.TestCLVAccuracy" name="test_high_value_customers_ranked_higher" time="0.731" /><testcase classname="tests.test_clv_model.TestCustomerRanking" name="test_rank_customers_returns_sorted" time="0.909" /><testcase classname="tests.test_clv_model.TestCustomerRanking" name="test_ranked_in_descending_order" time="0.920" /><testcase classname="tests.test_clv_model.TestCustomerRanking" name="test_ranking_covers_all_customers" time="0.911" /><testcase classname="tests.test_clv_model.TestCustomerRanking" name="test_holdout_helper_supports_actual_vs_predicted" time="0.731" /><testcase classname="tests.test_clv_model.TestCustomerRanking" name="test_future_revenue_labels_schema_and_metadata" time="0.004" /><testcase classname="tests.test_clv_model.TestCustomerRanking" name="test_value_report_contains_high_value_flag" time="0.966" /><testcase classname="tests.test_clv_model.TestCLVChurnIntegration" name="test_adjusted_clv_with_churn_prob" time="0.914" /><testcase classname="tests.test_clv_model.TestCLVChurnIntegration" name="test_higher_churn_lowers_adjusted_clv" time="0.861" /><testcase classname="tests.test_clv_model.TestCLVBudgetAllocation" name="test_allocate_budget" time="0.861" /><testcase classname="tests.test_clv_model.TestCLVBudgetAllocation" name="test_budget_sum_within_total" time="0.837" /><testcase classname="tests.test_clv_model.TestCLVBudgetAllocation" name="test_budget_non_negative" time="0.842" /><testcase classname="tests.test_clv_model.TestCLVBudgetAllocation" name="test_higher_clv_gets_more_budget" time="0.851" /><testcase classname="tests.test_clv_model.TestCLVModelPersistence" name="test_save_model" time="0.831" /><testcase classname="tests.test_clv_model.TestCLVModelPersistence" name="test_load_model" time="0.863" /><testcase classname="tests.test_clv_model.TestCLVReproducibility" name="test_same_seed_same_predictions" time="1.661" /><testcase classname="tests.test_clv_model.TestCLVEdgeCases" name="test_predict_before_fit_raises" time="0.014" /><testcase classname="tests.test_clv_model.TestCLVEdgeCases" name="test_fit_returns_self" time="0.845" /><testcase classname="tests.test_clv_model.TestCLVEdgeCases" name="test_single_customer_prediction" time="0.831" /><testcase classname="tests.test_clv_model.TestCLVEdgeCases" name="test_zero_budget_allocation" time="0.830" /><testcase classname="tests.test_clv_model.TestCLVFeatureEngineering" name="test_engineer_features_with_rfm" time="0.002" /><testcase classname="tests.test_clv_model.TestCLVFeatureEngineering" name="test_engineer_features_without_rfm" time="0.000" /><testcase classname="tests.test_clv_model.TestCLVFeatureEngineering" name="test_log_monetary_positive" time="0.002" /><testcase classname="tests.test_clv_model.TestCLVChurnEdgeCases" name="test_zero_churn_preserves_clv" time="0.000" /><testcase classname="tests.test_clv_model.TestCLVChurnEdgeCases" name="test_full_churn_zeroes_clv" time="0.000" /><testcase classname="tests.test_clv_model.TestCLVChurnEdgeCases" name="test_adjusted_clv_always_non_negative" time="0.000" /><testcase classname="tests.test_clv_model.TestCLVChurnEdgeCases" name="test_half_churn_halves_clv" time="0.000" /><testcase classname="tests.test_clv_model.TestCLVUpliftIntegration" name="test_clv_weighted_uplift_ranking" time="0.834" /><testcase classname="tests.test_dl_trainer.TestEarlyStopping" name="test_early_stopping_instantiation" time="0.000" /><testcase classname="tests.test_dl_trainer.TestEarlyStopping" name="test_early_stopping_with_config" time="0.012" /><testcase classname="tests.test_dl_trainer.TestEarlyStopping" name="test_early_stopping_tracks_improvement" time="0.000" /><testcase classname="tests.test_dl_trainer.TestEarlyStopping" name="test_early_stopping_triggers_after_patience" time="0.000" /><testcase classname="tests.test_dl_trainer.TestEarlyStopping" name="test_early_stopping_records_best_epoch" time="0.000" /><testcase classname="tests.test_dl_trainer.TestEarlyStopping" name="test_early_stopping_restores_best_weights" time="0.001" /><testcase classname="tests.test_dl_trainer.TestEarlyStopping" name="test_early_stopping_history" time="0.000" /><testcase classname="tests.test_dl_trainer.TestDLTrainerInstantiation" name="test_trainer_instantiation" time="0.013" /><testcase classname="tests.test_dl_trainer.TestDLTrainerInstantiation" name="test_trainer_reads_config" time="0.012" /><testcase classname="tests.test_dl_trainer.TestDLTrainerInstantiation" name="test_trainer_has_train_method" time="0.012" /><testcase classname="tests.test_dl_trainer.TestDLTrainerInstantiation" name="test_trainer_has_select_architecture_method" time="0.012" /><testcase classname="tests.test_dl_trainer.TestDLTrainerTraining" name="test_train_single_architecture_lstm" time="0.146" /><testcase classname="tests.test_dl_trainer.TestDLTrainerTraining" name="test_train_single_architecture_transformer" time="0.158" /><testcase classname="tests.test_dl_trainer.TestDLTrainerTraining" name="test_prepare_sequence_inputs_accepts_real_sequence_payload" time="0.019" /><testcase classname="tests.test_dl_trainer.TestDLTrainerTraining" name="test_train_single_architecture_with_sequence_payload" time="0.025" /><testcase classname="tests.test_dl_trainer.TestDLTrainerTraining" name="test_train_returns_history" time="0.156" /><testcase classname="tests.test_dl_trainer.TestDLTrainerTraining" name="test_early_stopping_during_training" time="0.349" /><testcase classname="tests.test_dl_trainer.TestArchitectureSelection" name="test_select_best_architecture" time="0.217" /><testcase classname="tests.test_dl_trainer.TestArchitectureSelection" name="test_architecture_comparison_has_metrics" time="0.218" /><testcase classname="tests.test_dl_trainer.TestDLTrainerEvaluation" name="test_train_and_evaluate_returns_metrics" time="0.295" /><testcase classname="tests.test_dl_trainer.TestDLTrainerEvaluation" name="test_train_and_evaluate_returns_dl_model" time="0.163" /><testcase classname="tests.test_dl_trainer.TestDLTrainerEvaluation" name="test_train_and_evaluate_with_architecture_selection" time="0.219" /><testcase classname="tests.test_dl_trainer.TestDLTrainerEvaluation" name="test_evaluation_auc_reasonable" time="0.452" /><testcase classname="tests.test_dl_trainer.TestDLTrainerMLflowIntegration" name="test_train_with_mlflow_tracker" time="1.471" /><testcase classname="tests.test_dl_trainer.TestDLTrainerMLflowIntegration" name="test_architecture_selection_with_mlflow" time="0.841" /><testcase classname="tests.test_dl_trainer.TestDLTrainerSaveLoad" name="test_save_and_load_model" time="0.181" /><testcase classname="tests.test_dl_trainer.TestDLTrainerReproducibility" name="test_same_seed_same_results" time="0.328" /><testcase classname="tests.test_sequence_dataset.TestSequencePreparation" name="test_create_sequences_returns_dict" time="0.034" /><testcase classname="tests.test_sequence_dataset.TestSequencePreparation" name="test_sequence_shape" time="0.024" /><testcase classname="tests.test_sequence_dataset.TestSequencePreparation" name="test_sequences_count_matches_labels" time="0.029" /><testcase classname="tests.test_sequence_dataset.TestSequencePreparation" name="test_short_sequences_are_padded" time="0.014" /><testcase classname="tests.test_sequence_dataset.TestSequencePreparation" name="test_configurable_window_size" time="0.031" /><testcase classname="tests.test_sequence_dataset.TestSequencePreparation" name="test_sequences_sorted_by_time" time="0.031" /><testcase classname="tests.test_sequence_dataset.TestSequencePreparation" name="test_prepare_sequence_training_data_marks_real_sequences" time="0.027" /><testcase classname="tests.test_sequence_dataset.TestSequencePreparation" name="test_scaled_real_sequences_preserve_padding_rows" time="0.001" /><testcase classname="tests.test_sequence_dataset.TestSequencePreparation" name="test_tabular_to_pseudo_sequences_marks_source" time="0.000" /><testcase classname="tests.test_sequence_dataset.TestChurnSequenceDataset" name="test_dataset_instantiation" time="0.024" /><testcase classname="tests.test_sequence_dataset.TestChurnSequenceDataset" name="test_dataset_length" time="0.023" /><testcase classname="tests.test_sequence_dataset.TestChurnSequenceDataset" name="test_dataset_getitem_returns_tensors" time="0.025" /><testcase classname="tests.test_sequence_dataset.TestChurnSequenceDataset" name="test_dataset_tensor_dtypes" time="0.023" /><testcase classname="tests.test_sequence_dataset.TestChurnSequenceDataset" name="test_dataset_tensor_shapes" time="0.024" /><testcase classname="tests.test_sequence_dataset.TestChurnSequenceDataset" name="test_dataset_label_values" time="0.026" /><testcase classname="tests.test_sequence_dataset.TestDataLoaderIntegration" name="test_dataloader_batching" time="0.023" /><testcase classname="tests.test_sequence_dataset.TestDataLoaderIntegration" name="test_dataloader_iterates_all" time="0.024" /><testcase classname="tests.test_sequence_dataset.TestSequenceReproducibility" name="test_same_seed_same_sequences" time="0.033" /><testcase classname="tests.test_shap_explainer.TestShapExplainerInstantiation" name="test_instantiation_from_ml_model" time="0.014" /><testcase classname="tests.test_shap_explainer.TestShapExplainerInstantiation" name="test_has_compute_shap_values" time="0.014" /><testcase classname="tests.test_shap_explainer.TestShapExplainerInstantiation" name="test_has_global_importance" time="0.013" /><testcase classname="tests.test_shap_explainer.TestShapExplainerInstantiation" name="test_has_explain_individual" time="0.013" /><testcase classname="tests.test_shap_explainer.TestShapExplainerInstantiation" name="test_has_summary_plot" time="0.013" /><testcase classname="tests.test_shap_explainer.TestShapValueComputation" name="test_shap_values_shape" time="0.013" /><testcase classname="tests.test_shap_explainer.TestShapValueComputation" name="test_shap_values_not_all_zero" time="0.013" /><testcase classname="tests.test_shap_explainer.TestShapValueComputation" name="test_shap_values_finite" time="0.013" /><testcase classname="tests.test_shap_explainer.TestShapValueComputation" name="test_shap_values_for_subset" time="0.013" /><testcase classname="tests.test_shap_explainer.TestGlobalFeatureImportance" name="test_global_importance_returns_dict" time="0.013" /><testcase classname="tests.test_shap_explainer.TestGlobalFeatureImportance" name="test_global_importance_all_features" time="0.013" /><testcase classname="tests.test_shap_explainer.TestGlobalFeatureImportance" name="test_global_importance_sorted_descending" time="0.013" /><testcase classname="tests.test_shap_explainer.TestGlobalFeatureImportance" name="test_global_importance_nonnegative" time="0.013" /><testcase classname="tests.test_shap_explainer.TestGlobalFeatureImportance" name="test_top_k_features" time="0.013" /><testcase classname="tests.test_shap_explainer.TestGlobalFeatureImportance" name="test_backward_compatible_top_features_alias" time="0.012" /><testcase classname="tests.test_shap_explainer.TestIndividualExplanation" name="test_explain_individual_returns_dict" time="0.013" /><testcase classname="tests.test_shap_explainer.TestIndividualExplanation" name="test_explain_individual_has_all_features" time="0.013" /><testcase classname="tests.test_shap_explainer.TestIndividualExplanation" name="test_explain_individual_has_base_value" time="0.013" /><testcase classname="tests.test_shap_explainer.TestIndividualExplanation" name="test_explain_individual_values_finite" time="0.013" /><testcase classname="tests.test_shap_explainer.TestIndividualExplanation" name="test_explain_multiple_individuals" time="0.014" /><testcase classname="tests.test_shap_explainer.TestShapPlots" name="test_summary_plot_saves_file" time="0.189" /><testcase classname="tests.test_shap_explainer.TestShapPlots" name="test_backward_compatible_summary_plot_alias" time="0.187" /><testcase classname="tests.test_shap_explainer.TestShapPlots" name="test_export_top_features_saves_csv" time="0.018" /><testcase classname="tests.test_shap_explainer.TestShapPlots" name="test_force_plot_saves_file" time="0.249" /><testcase classname="tests.test_shap_explainer.TestShapPlots" name="test_dependence_plot_saves_file" time="0.063" /><testcase classname="tests.test_shap_explainer.TestShapPlots" name="test_bar_plot_saves_file" time="0.095" /><testcase classname="tests.test_shap_explainer.TestLocalShapExport" name="test_export_local_explanations_saves_high_risk_schema" time="0.004" /><testcase classname="tests.test_shap_explainer.TestShapModelIntegration" name="test_works_with_lightgbm_or_xgboost" time="0.000"><skipped type="pytest.skip" message="Native LightGBM/XGBoost SHAP integration can segfault in this environment; SHAP artifact schema and explainer behavior are covered with deterministic lightweight doubles in this module.">C:\Users\yoonc\Capstone-Design-1\tests\test_shap_explainer.py:425: Native LightGBM/XGBoost SHAP integration can segfault in this environment; SHAP artifact schema and explainer behavior are covered with deterministic lightweight doubles in this module.</skipped></testcase><testcase classname="tests.test_shap_explainer.TestShapModelIntegration" name="test_get_explanation_dataframe" time="0.014" /><testcase classname="tests.test_survival_analysis.TestSurvivalModelInterface" name="test_model_instantiation" time="0.013" /><testcase classname="tests.test_survival_analysis.TestSurvivalModelInterface" name="test_has_fit_method" time="0.012" /><testcase classname="tests.test_survival_analysis.TestSurvivalModelInterface" name="test_has_predict_survival_method" time="0.011" /><testcase classname="tests.test_survival_analysis.TestSurvivalModelInterface" name="test_has_predict_hazard_method" time="0.011" /><testcase classname="tests.test_survival_analysis.TestSurvivalModelInterface" name="test_has_median_survival_time_method" time="0.012" /><testcase classname="tests.test_survival_analysis.TestSurvivalModelTraining" name="test_model_trains" time="0.141" /><testcase classname="tests.test_survival_analysis.TestSurvivalModelTraining" name="test_handles_censored_data" time="0.139" /><testcase classname="tests.test_survival_analysis.TestSurvivalModelTraining" name="test_trains_with_subset_features" time="0.138" /><testcase classname="tests.test_survival_analysis.TestSurvivalPrediction" name="test_predict_survival_at_time" time="0.183" /><testcase classname="tests.test_survival_analysis.TestSurvivalPrediction" name="test_survival_probabilities_between_0_and_1" time="0.189" /><testcase classname="tests.test_survival_analysis.TestSurvivalPrediction" name="test_survival_decreases_over_time" time="0.245" /><testcase classname="tests.test_survival_analysis.TestSurvivalPrediction" name="test_no_nan_in_survival_predictions" time="0.182" /><testcase classname="tests.test_survival_analysis.TestSurvivalPrediction" name="test_survival_has_variance" time="0.179" /><testcase classname="tests.test_survival_analysis.TestHazardPrediction" name="test_predict_hazard" time="0.141" /><testcase classname="tests.test_survival_analysis.TestHazardPrediction" name="test_hazard_non_negative" time="0.140" /><testcase classname="tests.test_survival_analysis.TestHazardPrediction" name="test_hazard_no_nan" time="0.142" /><testcase classname="tests.test_survival_analysis.TestHazardPrediction" name="test_hazard_has_variance" time="0.144" /><testcase classname="tests.test_survival_analysis.TestMedianSurvivalTime" name="test_median_survival_returns_values" time="0.209" /><testcase classname="tests.test_survival_analysis.TestMedianSurvivalTime" name="test_median_survival_positive" time="0.211" /><testcase classname="tests.test_survival_analysis.TestMedianSurvivalTime" name="test_median_survival_has_variance" time="0.208" /><testcase classname="tests.test_survival_analysis.TestSurvivalCurve" name="test_get_survival_curve" time="0.143" /><testcase classname="tests.test_survival_analysis.TestSurvivalCurve" name="test_survival_curve_starts_at_one" time="0.141" /><testcase classname="tests.test_survival_analysis.TestSurvivalCurve" name="test_survival_curve_monotone_decreasing" time="0.142" /><testcase classname="tests.test_survival_analysis.TestSurvivalModelPersistence" name="test_save_model" time="0.139" /><testcase classname="tests.test_survival_analysis.TestSurvivalModelPersistence" name="test_load_model" time="0.258" /><testcase classname="tests.test_survival_analysis.TestSurvivalModelPersistence" name="test_save_with_explicit_pkl_suffix_does_not_duplicate" time="0.153" /><testcase classname="tests.test_survival_analysis.TestSurvivalReproducibility" name="test_same_seed_same_predictions" time="0.335" /></testsuite></testsuites>