<?xml version="1.0" encoding="utf-8"?><testsuites name="pytest tests"><testsuite name="pytest" errors="0" failures="0" skipped="0" tests="255" time="95.739" timestamp="2026-05-08T19:32:03.572511+09:00" hostname="yoon"><testcase classname="tests.test_data_generator.TestConfigLoading" name="test_config_file_exists" time="0.001" /><testcase classname="tests.test_data_generator.TestConfigLoading" name="test_config_has_required_sections" time="0.012" /><testcase classname="tests.test_data_generator.TestConfigLoading" name="test_config_has_six_personas" time="0.011" /><testcase classname="tests.test_data_generator.TestConfigLoading" name="test_config_persona_proportions_sum_to_one" time="0.013" /><testcase classname="tests.test_data_generator.TestConfigLoading" name="test_config_has_random_seed" time="0.012" /><testcase classname="tests.test_data_generator.TestConfigLoading" name="test_small_mode_matches_requirement" time="0.012" /><testcase classname="tests.test_data_generator.TestConfigLoading" name="test_config_churn_definition" time="0.011" /><testcase classname="tests.test_data_generator.TestConfigLoading" name="test_config_has_eight_event_types" time="0.011" /><testcase classname="tests.test_data_generator.TestConfigLoading" name="test_config_event_types_content" time="0.011" /><testcase classname="tests.test_data_generator.TestCustomerGeneration" name="test_generator_creates_customers_dataframe" time="0.328" /><testcase classname="tests.test_data_generator.TestCustomerGeneration" name="test_correct_number_of_customers" time="0.313" /><testcase classname="tests.test_data_generator.TestCustomerGeneration" name="test_customer_has_required_columns" time="0.309" /><testcase classname="tests.test_data_generator.TestCustomerGeneration" name="test_all_personas_represented" time="0.321" /><testcase classname="tests.test_data_generator.TestCustomerGeneration" name="test_persona_distribution_approximate" time="0.305" /><testcase classname="tests.test_data_generator.TestCustomerGeneration" name="test_customer_ids_unique" time="0.327" /><testcase classname="tests.test_data_generator.TestTreatmentControlGroups" name="test_treatment_control_split" time="0.302" /><testcase classname="tests.test_data_generator.TestTreatmentControlGroups" name="test_treatment_control_balance" time="0.320" /><testcase classname="tests.test_data_generator.TestTreatmentControlGroups" name="test_treatment_group_minimum_size" time="0.312" /><testcase classname="tests.test_data_generator.TestTreatmentControlGroups" name="test_generator_marks_reduced_test_run_as_small_mode" time="0.014" /><testcase classname="tests.test_data_generator.TestTreatmentControlGroups" name="test_generator_can_reach_full_mode_when_feasible" time="0.012" /><testcase classname="tests.test_data_generator.TestEventGeneration" name="test_events_dataframe_created" time="0.301" /><testcase classname="tests.test_data_generator.TestEventGeneration" name="test_events_have_required_columns" time="0.327" /><testcase classname="tests.test_data_generator.TestEventGeneration" name="test_empty_event_frame_uses_submission_schema" time="0.014" /><testcase classname="tests.test_data_generator.TestEventGeneration" name="test_all_event_types_present" time="0.300" /><testcase classname="tests.test_data_generator.TestEventGeneration" name="test_events_linked_to_valid_customers" time="0.315" /><testcase classname="tests.test_data_generator.TestEventGeneration" name="test_events_within_simulation_period" time="0.330" /><testcase classname="tests.test_data_generator.TestEventGeneration" name="test_purchase_events_have_amount" time="0.313" /><testcase classname="tests.test_data_generator.TestEventGeneration" name="test_visit_events_have_positive_session_duration" time="0.321" /><testcase classname="tests.test_data_generator.TestChurnLabeling" name="test_churn_labels_exist" time="0.337" /><testcase classname="tests.test_data_generator.TestChurnLabeling" name="test_churn_labels_binary" time="0.351" /><testcase classname="tests.test_data_generator.TestChurnLabeling" name="test_churn_rate_in_target_range" time="0.302" /><testcase classname="tests.test_data_generator.TestChurnLabeling" name="test_churn_based_on_configurable_definition" time="0.316" /><testcase classname="tests.test_data_generator.TestChurnLabeling" name="test_orchestrator_summary_flags_small_mode_validation_skip" time="0.479" /><testcase classname="tests.test_data_generator.TestTemporalBehavior" name="test_behavior_decay_modeled" time="0.308" /><testcase classname="tests.test_data_generator.TestMarketingResponse" name="test_marketing_events_exist" time="0.334" /><testcase classname="tests.test_data_generator.TestMarketingResponse" name="test_marketing_response_metadata_exists" time="0.315" /><testcase classname="tests.test_data_generator.TestMarketingResponse" name="test_differential_persona_response" time="0.314" /><testcase classname="tests.test_data_generator.TestReproducibility" name="test_same_seed_produces_same_customers" time="0.131" /><testcase classname="tests.test_data_generator.TestReproducibility" name="test_same_seed_produces_same_events" time="0.163" /><testcase classname="tests.test_data_generator.TestSingleCustomerEventGenerator" name="test_single_customer_produces_events" time="0.024" /><testcase classname="tests.test_data_generator.TestSingleCustomerEventGenerator" name="test_single_customer_all_8_event_types" time="0.024" /><testcase classname="tests.test_data_generator.TestSingleCustomerEventGenerator" name="test_single_customer_event_record_structure" time="0.022" /><testcase classname="tests.test_data_generator.TestSingleCustomerEventGenerator" name="test_single_customer_purchase_has_positive_amount" time="0.022" /><testcase classname="tests.test_data_generator.TestSingleCustomerEventGenerator" name="test_single_customer_non_purchase_has_null_amount" time="0.025" /><testcase classname="tests.test_data_generator.TestSingleCustomerEventGenerator" name="test_single_customer_events_span_timeline" time="0.027" /><testcase classname="tests.test_data_generator.TestSingleCustomerEventGenerator" name="test_vip_more_events_than_dormant" time="0.025" /><testcase classname="tests.test_data_generator.TestSingleCustomerEventGenerator" name="test_vip_more_purchases_than_dormant" time="0.023" /><testcase classname="tests.test_data_generator.TestSingleCustomerEventGenerator" name="test_persona_engagement_affects_visit_frequency" time="0.026" /><testcase classname="tests.test_data_generator.TestSingleCustomerEventGenerator" name="test_treatment_increases_coupon_usage" time="0.025" /><testcase classname="tests.test_data_generator.TestSingleCustomerEventGenerator" name="test_purchase_frequency_monthly_controls_purchase_volume" time="0.027" /><testcase classname="tests.test_data_generator.TestSingleCustomerEventGenerator" name="test_behavior_decay_reduces_late_activity" time="0.014" /><testcase classname="tests.test_data_generator.TestSingleCustomerEventGenerator" name="test_session_duration_decays_over_time" time="0.016" /><testcase classname="tests.test_data_generator.TestSingleCustomerEventGenerator" name="test_weekend_activity_boost" time="0.035" /><testcase classname="tests.test_data_generator.TestDataOutput" name="test_save_to_files" time="0.403" /><testcase classname="tests.test_data_generator.TestDataOutput" name="test_saved_data_loadable" time="0.463" /><testcase classname="tests.test_make_dataset" name="test_apply_generation_overrides_small_mode" time="0.060" /><testcase classname="tests.test_make_dataset" name="test_make_dataset_writes_raw_processed_and_feature_store" time="1.774" /><testcase classname="tests.test_orchestrator.TestOrchestratorInitialization" name="test_orchestrator_creates_from_config" time="0.016" /><testcase classname="tests.test_orchestrator.TestOrchestratorInitialization" name="test_orchestrator_creates_from_yaml_path" time="0.037" /><testcase classname="tests.test_orchestrator.TestOrchestratorInitialization" name="test_orchestrator_default_num_customers" time="0.013" /><testcase classname="tests.test_orchestrator.TestFullPipelineExecution" name="test_run_returns_dict_with_dataframes" time="1.045" /><testcase classname="tests.test_orchestrator.TestFullPipelineExecution" name="test_run_returns_correct_customer_count" time="1.044" /><testcase classname="tests.test_orchestrator.TestFullPipelineExecution" name="test_run_returns_summary" time="1.024" /><testcase classname="tests.test_orchestrator.TestTreatmentControlSplit" name="test_treatment_control_exact_split" time="1.151" /><testcase classname="tests.test_orchestrator.TestTreatmentControlSplit" name="test_treatment_control_groups_only" time="1.144" /><testcase classname="tests.test_orchestrator.TestPersonaAssignment" name="test_all_personas_assigned" time="1.012" /><testcase classname="tests.test_orchestrator.TestPersonaAssignment" name="test_persona_proportions_match_config" time="0.998" /><testcase classname="tests.test_orchestrator.TestOutputFiles" name="test_csv_files_created" time="1.062" /><testcase classname="tests.test_orchestrator.TestOutputFiles" name="test_parquet_files_created" time="1.056" /><testcase classname="tests.test_orchestrator.TestOutputFiles" name="test_csv_files_loadable" time="1.109" /><testcase classname="tests.test_orchestrator.TestOutputFiles" name="test_parquet_files_loadable" time="1.133" /><testcase classname="tests.test_orchestrator.TestOutputFiles" name="test_summary_json_created" time="1.001" /><testcase classname="tests.test_orchestrator.TestPipelineState" name="test_pipeline_state_created" time="1.012" /><testcase classname="tests.test_orchestrator.TestPipelineState" name="test_pipeline_state_completed" time="1.030" /><testcase classname="tests.test_orchestrator.TestPipelineState" name="test_pipeline_state_on_failure" time="0.031" /><testcase classname="tests.test_orchestrator.TestReproducibility" name="test_reproducible_output" time="0.220" /><testcase classname="tests.test_preprocessing.TestDataLoading" name="test_load_customers_csv" time="0.010" /><testcase classname="tests.test_preprocessing.TestDataLoading" name="test_load_events_csv" time="0.445" /><testcase classname="tests.test_preprocessing.TestDataLoading" name="test_date_columns_parsed" time="0.389" /><testcase classname="tests.test_preprocessing.TestMissingValueHandling" name="test_detect_missing_values" time="0.410" /><testcase classname="tests.test_preprocessing.TestMissingValueHandling" name="test_handle_missing_amounts" time="0.394" /><testcase classname="tests.test_preprocessing.TestMissingValueHandling" name="test_handle_missing_dates" time="0.341" /><testcase classname="tests.test_preprocessing.TestOutlierHandling" name="test_detect_outliers" time="0.345" /><testcase classname="tests.test_preprocessing.TestOutlierHandling" name="test_handle_outliers_capping" time="0.334" /><testcase classname="tests.test_preprocessing.TestTrainTestSplit" name="test_time_based_split" time="0.336" /><testcase classname="tests.test_preprocessing.TestTrainTestSplit" name="test_no_data_leakage" time="0.365" /><testcase classname="tests.test_preprocessing.TestTrainTestSplit" name="test_split_ratio_approximate" time="0.312" /><testcase classname="tests.test_preprocessing.TestSequencePreparation" name="test_create_event_sequences" time="0.374" /><testcase classname="tests.test_preprocessing.TestSequencePreparation" name="test_sequence_padding" time="0.336" /><testcase classname="tests.test_preprocessing.TestSequencePreparation" name="test_event_type_encoding" time="0.325" /><testcase classname="tests.test_preprocessing.TestFeatureScaling" name="test_standard_scaling" time="0.002" /><testcase classname="tests.test_preprocessing.TestFeatureScaling" name="test_minmax_scaling" time="0.001" /><testcase classname="tests.test_preprocessing.TestDataValidation" name="test_validate_no_duplicate_customer_ids" time="0.002" /><testcase classname="tests.test_preprocessing.TestDataValidation" name="test_validate_event_references" time="0.355" /><testcase classname="tests.test_preprocessing.TestDataValidation" name="test_validate_date_order" time="0.339" /><testcase classname="tests.test_feature_engineering.TestRFMFeatures" name="test_rfm_features_computed" time="0.434" /><testcase classname="tests.test_feature_engineering.TestRFMFeatures" name="test_recency_non_negative" time="0.451" /><testcase classname="tests.test_feature_engineering.TestRFMFeatures" name="test_frequency_non_negative" time="0.469" /><testcase classname="tests.test_feature_engineering.TestRFMFeatures" name="test_monetary_non_negative" time="0.423" /><testcase classname="tests.test_feature_engineering.TestRFMFeatures" name="test_rfm_covers_all_customers" time="0.510" /><testcase classname="tests.test_feature_engineering.TestBehavioralChangeFeatures" name="test_change_features_computed" time="0.437" /><testcase classname="tests.test_feature_engineering.TestBehavioralChangeFeatures" name="test_visit_frequency_change" time="0.418" /><testcase classname="tests.test_feature_engineering.TestBehavioralChangeFeatures" name="test_purchase_cycle_change" time="0.409" /><testcase classname="tests.test_feature_engineering.TestBehavioralChangeFeatures" name="test_session_duration_change" time="0.412" /><testcase classname="tests.test_feature_engineering.TestBehavioralChangeFeatures" name="test_cart_conversion_change" time="0.433" /><testcase classname="tests.test_feature_engineering.TestBehavioralChangeFeatures" name="test_coupon_response_change" time="0.442" /><testcase classname="tests.test_feature_engineering.TestPurchaseCycleAnomaly" name="test_purchase_cycle_anomaly_computed" time="0.435" /><testcase classname="tests.test_feature_engineering.TestPurchaseCycleAnomaly" name="test_anomaly_non_negative" time="0.441" /><testcase classname="tests.test_feature_engineering.TestPurchaseCycleAnomaly" name="test_high_anomaly_for_overdue_customers" time="0.430" /><testcase classname="tests.test_feature_engineering.TestSessionQualityFeatures" name="test_session_features_computed" time="0.485" /><testcase classname="tests.test_feature_engineering.TestSessionQualityFeatures" name="test_avg_session_duration" time="0.467" /><testcase classname="tests.test_feature_engineering.TestSessionQualityFeatures" name="test_pageviews_per_session" time="0.459" /><testcase classname="tests.test_feature_engineering.TestSessionQualityFeatures" name="test_search_to_purchase_rate" time="0.516" /><testcase classname="tests.test_feature_engineering.TestSequenceFeatures" name="test_sequence_features_computed" time="0.525" /><testcase classname="tests.test_feature_engineering.TestSequenceFeatures" name="test_event_sequence_embedding" time="0.471" /><testcase classname="tests.test_feature_engineering.TestSequenceFeatures" name="test_behavior_pattern_cluster" time="0.486" /><testcase classname="tests.test_feature_engineering.TestTimeBasedFeatures" name="test_time_features_computed" time="0.500" /><testcase classname="tests.test_feature_engineering.TestTimeBasedFeatures" name="test_weekend_weekday_ratio" time="0.456" /><testcase classname="tests.test_feature_engineering.TestTimeBasedFeatures" name="test_time_of_day_features" time="0.450" /><testcase classname="tests.test_feature_engineering.TestJourneyStageFeatures" name="test_journey_stage_computed" time="0.459" /><testcase classname="tests.test_feature_engineering.TestJourneyStageFeatures" name="test_journey_stages_valid" time="0.481" /><testcase classname="tests.test_feature_engineering.TestJourneyStageFeatures" name="test_stage_tenure_computed" time="0.470" /><testcase classname="tests.test_feature_engineering.TestMissingAndOutlierHandling" name="test_no_nan_in_final_features" time="0.523" /><testcase classname="tests.test_feature_engineering.TestMissingAndOutlierHandling" name="test_no_inf_in_final_features" time="0.569" /><testcase classname="tests.test_feature_engineering.TestMissingAndOutlierHandling" name="test_numeric_outliers_are_clipped" time="0.605" /><testcase classname="tests.test_feature_engineering.TestFeatureMemoryOptimizations" name="test_prepare_events_drops_unused_object_columns" time="0.432" /><testcase classname="tests.test_feature_engineering.TestFeatureStore" name="test_save_features" time="0.576" /><testcase classname="tests.test_feature_engineering.TestFeatureStore" name="test_load_features" time="0.545" /><testcase classname="tests.test_feature_engineering.TestFeatureStore" name="test_save_features_csv_fallback_when_parquet_fails" time="0.549" /><testcase classname="tests.test_feature_engineering.TestFeatureStore" name="test_load_features_csv_fallback_when_parquet_read_fails" time="0.571" /><testcase classname="tests.test_feature_engineering.TestFeatureCount" name="test_minimum_30_features" time="0.515" /><testcase classname="tests.test_feature_engineering.TestFeatureCount" name="test_all_feature_groups_present" time="0.564" /><testcase classname="tests.test_segmentation.TestSegmentationImports" name="test_import_customer_segmenter" time="0.000" /><testcase classname="tests.test_segmentation.TestSegmentationImports" name="test_import_from_features_init" time="0.000" /><testcase classname="tests.test_segmentation.TestSegmentationConfig" name="test_config_has_segments" time="0.018" /><testcase classname="tests.test_segmentation.TestSegmentationConfig" name="test_config_segment_structure" time="0.016" /><testcase classname="tests.test_segmentation.TestSegmentationConfig" name="test_config_segment_names_unique" time="0.014" /><testcase classname="tests.test_segmentation.TestSegmentationConfig" name="test_custom_config_overrides" time="0.000" /><testcase classname="tests.test_segmentation.TestRFMScoring" name="test_compute_rfm_scores" time="0.016" /><testcase classname="tests.test_segmentation.TestRFMScoring" name="test_recency_inverse_scoring" time="0.016" /><testcase classname="tests.test_segmentation.TestRFMScoring" name="test_frequency_direct_scoring" time="0.016" /><testcase classname="tests.test_segmentation.TestRFMScoring" name="test_rfm_scores_configurable_bins" time="0.005" /><testcase classname="tests.test_segmentation.TestSegmentAssignment" name="test_segment_customers_returns_all" time="0.021" /><testcase classname="tests.test_segmentation.TestSegmentAssignment" name="test_at_least_six_segments" time="0.022" /><testcase classname="tests.test_segmentation.TestSegmentAssignment" name="test_segment_names_match_config" time="0.023" /><testcase classname="tests.test_segmentation.TestSegmentAssignment" name="test_vip_loyal_has_high_rfm" time="0.025" /><testcase classname="tests.test_segmentation.TestSegmentAssignment" name="test_at_risk_has_low_recency_score" time="0.030" /><testcase classname="tests.test_segmentation.TestKMeansSegmentation" name="test_kmeans_method" time="0.015" /><testcase classname="tests.test_segmentation.TestKMeansSegmentation" name="test_kmeans_assigns_all" time="0.016" /><testcase classname="tests.test_segmentation.TestSegmentSummary" name="test_get_segment_summary" time="0.026" /><testcase classname="tests.test_segmentation.TestSegmentSummary" name="test_summary_counts_sum_to_total" time="0.027" /><testcase classname="tests.test_segmentation.TestSegmentSummary" name="test_summary_percentages_sum_to_100" time="0.027" /><testcase classname="tests.test_segmentation.TestSegmentSummary" name="test_summary_includes_rfm_means" time="0.027" /><testcase classname="tests.test_segmentation.TestValueUpliftSegmentation" name="test_segment_value_uplift_customers" time="0.020" /><testcase classname="tests.test_segmentation.TestValueUpliftSegmentation" name="test_value_uplift_summary_includes_new_metrics" time="0.020" /><testcase classname="tests.test_segmentation.TestValueUpliftSegmentation" name="test_high_value_actionable_evidence_report_present" time="0.021" /><testcase classname="tests.test_segmentation.TestValueUpliftSegmentation" name="test_high_value_actionable_absence_report_validates" time="0.018" /><testcase classname="tests.test_segmentation.TestValueUpliftSegmentation" name="test_missing_high_value_actionable_and_absence_fails_validation" time="0.012" /><testcase classname="tests.test_segmentation.TestValueUpliftSegmentation" name="test_run_segment_persists_structured_absence_report" time="0.516" /><testcase classname="tests.test_segmentation.TestValueUpliftSegmentation" name="test_segment_artifact_validation_rejects_sure_thing_without_absence" time="0.010" /><testcase classname="tests.test_segmentation.TestRetentionActions" name="test_get_retention_actions" time="0.020" /><testcase classname="tests.test_segmentation.TestRetentionActions" name="test_actions_match_segments" time="0.023" /><testcase classname="tests.test_segmentation.TestSegmentationEdgeCases" name="test_single_customer" time="0.015" /><testcase classname="tests.test_segmentation.TestSegmentationEdgeCases" name="test_zero_values" time="0.016" /><testcase classname="tests.test_segmentation.TestSegmentationEdgeCases" name="test_all_identical_customers" time="0.015" /><testcase classname="tests.test_segmentation.TestSegmentationEdgeCases" name="test_reproducibility_with_seed" time="0.051" /><testcase classname="tests.test_generation_summary_schema" name="test_generation_summary_validates_event_metadata" time="0.450" /><testcase classname="tests.test_generation_summary_schema" name="test_event_metadata_check_rejects_legacy_raw_schema" time="0.014" /><testcase classname="tests.test_dl_trainer.TestEarlyStopping" name="test_early_stopping_instantiation" time="1.266" /><testcase classname="tests.test_dl_trainer.TestEarlyStopping" name="test_early_stopping_with_config" time="0.012" /><testcase classname="tests.test_dl_trainer.TestEarlyStopping" name="test_early_stopping_tracks_improvement" time="0.000" /><testcase classname="tests.test_dl_trainer.TestEarlyStopping" name="test_early_stopping_triggers_after_patience" time="0.000" /><testcase classname="tests.test_dl_trainer.TestEarlyStopping" name="test_early_stopping_records_best_epoch" time="0.000" /><testcase classname="tests.test_dl_trainer.TestEarlyStopping" name="test_early_stopping_restores_best_weights" time="0.002" /><testcase classname="tests.test_dl_trainer.TestEarlyStopping" name="test_early_stopping_history" time="0.000" /><testcase classname="tests.test_dl_trainer.TestDLTrainerInstantiation" name="test_trainer_instantiation" time="0.012" /><testcase classname="tests.test_dl_trainer.TestDLTrainerInstantiation" name="test_trainer_reads_config" time="0.012" /><testcase classname="tests.test_dl_trainer.TestDLTrainerInstantiation" name="test_trainer_has_train_method" time="0.012" /><testcase classname="tests.test_dl_trainer.TestDLTrainerInstantiation" name="test_trainer_has_select_architecture_method" time="0.012" /><testcase classname="tests.test_dl_trainer.TestDLTrainerTraining" name="test_train_single_architecture_lstm" time="1.120" /><testcase classname="tests.test_dl_trainer.TestDLTrainerTraining" name="test_train_single_architecture_transformer" time="0.172" /><testcase classname="tests.test_dl_trainer.TestDLTrainerTraining" name="test_prepare_sequence_inputs_accepts_real_sequence_payload" time="0.021" /><testcase classname="tests.test_dl_trainer.TestDLTrainerTraining" name="test_train_single_architecture_with_sequence_payload" time="0.029" /><testcase classname="tests.test_dl_trainer.TestDLTrainerTraining" name="test_train_returns_history" time="0.146" /><testcase classname="tests.test_dl_trainer.TestDLTrainerTraining" name="test_early_stopping_during_training" time="0.392" /><testcase classname="tests.test_dl_trainer.TestArchitectureSelection" name="test_select_best_architecture" time="0.250" /><testcase classname="tests.test_dl_trainer.TestArchitectureSelection" name="test_architecture_comparison_has_metrics" time="0.252" /><testcase classname="tests.test_dl_trainer.TestDLTrainerEvaluation" name="test_train_and_evaluate_returns_metrics" time="0.259" /><testcase classname="tests.test_dl_trainer.TestDLTrainerEvaluation" name="test_train_and_evaluate_returns_dl_model" time="0.170" /><testcase classname="tests.test_dl_trainer.TestDLTrainerEvaluation" name="test_train_and_evaluate_with_architecture_selection" time="0.246" /><testcase classname="tests.test_dl_trainer.TestDLTrainerEvaluation" name="test_evaluation_auc_reasonable" time="0.496" /><testcase classname="tests.test_dl_trainer.TestDLTrainerMLflowIntegration" name="test_train_with_mlflow_tracker" time="1.505" /><testcase classname="tests.test_dl_trainer.TestDLTrainerMLflowIntegration" name="test_architecture_selection_with_mlflow" time="1.062" /><testcase classname="tests.test_dl_trainer.TestDLTrainerSaveLoad" name="test_save_and_load_model" time="0.191" /><testcase classname="tests.test_dl_trainer.TestDLTrainerReproducibility" name="test_same_seed_same_results" time="0.361" /><testcase classname="tests.test_sequence_dataset.TestSequencePreparation" name="test_create_sequences_returns_dict" time="0.032" /><testcase classname="tests.test_sequence_dataset.TestSequencePreparation" name="test_sequence_shape" time="0.029" /><testcase classname="tests.test_sequence_dataset.TestSequencePreparation" name="test_sequences_count_matches_labels" time="0.027" /><testcase classname="tests.test_sequence_dataset.TestSequencePreparation" name="test_short_sequences_are_padded" time="0.017" /><testcase classname="tests.test_sequence_dataset.TestSequencePreparation" name="test_configurable_window_size" time="0.028" /><testcase classname="tests.test_sequence_dataset.TestSequencePreparation" name="test_sequences_sorted_by_time" time="0.029" /><testcase classname="tests.test_sequence_dataset.TestSequencePreparation" name="test_prepare_sequence_training_data_marks_real_sequences" time="0.028" /><testcase classname="tests.test_sequence_dataset.TestSequencePreparation" name="test_scaled_real_sequences_preserve_padding_rows" time="0.001" /><testcase classname="tests.test_sequence_dataset.TestSequencePreparation" name="test_tabular_to_pseudo_sequences_marks_source" time="0.000" /><testcase classname="tests.test_sequence_dataset.TestChurnSequenceDataset" name="test_dataset_instantiation" time="0.024" /><testcase classname="tests.test_sequence_dataset.TestChurnSequenceDataset" name="test_dataset_length" time="0.027" /><testcase classname="tests.test_sequence_dataset.TestChurnSequenceDataset" name="test_dataset_getitem_returns_tensors" time="0.026" /><testcase classname="tests.test_sequence_dataset.TestChurnSequenceDataset" name="test_dataset_tensor_dtypes" time="0.025" /><testcase classname="tests.test_sequence_dataset.TestChurnSequenceDataset" name="test_dataset_tensor_shapes" time="0.023" /><testcase classname="tests.test_sequence_dataset.TestChurnSequenceDataset" name="test_dataset_label_values" time="0.028" /><testcase classname="tests.test_sequence_dataset.TestDataLoaderIntegration" name="test_dataloader_batching" time="0.025" /><testcase classname="tests.test_sequence_dataset.TestDataLoaderIntegration" name="test_dataloader_iterates_all" time="0.037" /><testcase classname="tests.test_sequence_dataset.TestSequenceReproducibility" name="test_same_seed_same_sequences" time="0.034" /><testcase classname="tests.test_churn_model.TestTimeBasedSplit" name="test_split_returns_four_parts" time="0.017" /><testcase classname="tests.test_churn_model.TestTimeBasedSplit" name="test_train_larger_than_test" time="0.015" /><testcase classname="tests.test_churn_model.TestTimeBasedSplit" name="test_no_data_leakage" time="0.016" /><testcase classname="tests.test_churn_model.TestTimeBasedSplit" name="test_split_preserves_features" time="0.016" /><testcase classname="tests.test_churn_model.TestTimeBasedSplit" name="test_labels_binary" time="0.015" /><testcase classname="tests.test_churn_model.TestMLChurnModel" name="test_ml_model_instantiation" time="0.012" /><testcase classname="tests.test_churn_model.TestMLChurnModel" name="test_ml_model_has_fit_method" time="0.012" /><testcase classname="tests.test_churn_model.TestMLChurnModel" name="test_ml_model_has_predict_proba" time="0.013" /><testcase classname="tests.test_churn_model.TestMLChurnModel" name="test_ml_model_has_cv_support" time="0.013" /><testcase classname="tests.test_churn_model.TestMLChurnModel" name="test_ml_model_has_model_selection" time="0.014" /><testcase classname="tests.test_churn_model.TestMLChurnModel" name="test_ml_model_trains" time="0.087" /><testcase classname="tests.test_churn_model.TestMLChurnModel" name="test_ml_model_selects_best" time="0.085" /><testcase classname="tests.test_churn_model.TestMLChurnModel" name="test_ml_model_cv_results" time="0.094" /><testcase classname="tests.test_churn_model.TestMLChurnModel" name="test_ml_model_predicts_probabilities" time="0.086" /><testcase classname="tests.test_churn_model.TestMLChurnModel" name="test_ml_model_auc" time="0.087" /><testcase classname="tests.test_churn_model.TestMLChurnModel" name="test_ml_model_feature_importance" time="0.112" /><testcase classname="tests.test_churn_model.TestMLChurnModel" name="test_ml_model_save_load" time="0.102" /><testcase classname="tests.test_churn_model.TestMLChurnModel" name="test_ml_model_save_preserves_cv_results" time="0.104" /><testcase classname="tests.test_churn_model.TestMLChurnModel" name="test_ml_model_save_writes_versioned_artifact" time="0.018" /><testcase classname="tests.test_churn_model.TestMLChurnModel" name="test_ml_model_hyperparam_grid_exists" time="0.013" /><testcase classname="tests.test_churn_model.TestMLChurnModel" name="test_imbalance_weighting_applied_in_cv_paths" time="0.000" /><testcase classname="tests.test_churn_model.TestDLChurnModel" name="test_dl_model_instantiation" time="0.014" /><testcase classname="tests.test_churn_model.TestDLChurnModel" name="test_dl_model_has_fit_method" time="0.018" /><testcase classname="tests.test_churn_model.TestDLChurnModel" name="test_dl_model_has_predict_proba" time="0.012" /><testcase classname="tests.test_churn_model.TestDLChurnModel" name="test_dl_model_uses_pytorch" time="0.012" /><testcase classname="tests.test_churn_model.TestDLChurnModel" name="test_dl_model_trains" time="2.463" /><testcase classname="tests.test_churn_model.TestDLChurnModel" name="test_dl_model_predicts_probabilities" time="2.617" /><testcase classname="tests.test_churn_model.TestDLChurnModel" name="test_dl_model_auc_reasonable" time="2.410" /><testcase classname="tests.test_churn_model.TestDLChurnModel" name="test_dl_model_cpu_only" time="0.015" /><testcase classname="tests.test_churn_model.TestDLChurnModel" name="test_dl_model_save_load" time="2.682" /><testcase classname="tests.test_churn_model.TestDLChurnModel" name="test_dl_model_save_writes_versioned_artifact" time="0.029" /><testcase classname="tests.test_churn_model.TestEnsembleChurnModel" name="test_ensemble_instantiation" time="0.019" /><testcase classname="tests.test_churn_model.TestEnsembleChurnModel" name="test_ensemble_weights_from_config" time="0.018" /><testcase classname="tests.test_churn_model.TestEnsembleChurnModel" name="test_ensemble_weights_sum_to_one" time="0.018" /><testcase classname="tests.test_churn_model.TestEnsembleChurnModel" name="test_ensemble_trains_both_models" time="3.057" /><testcase classname="tests.test_churn_model.TestEnsembleChurnModel" name="test_ensemble_predicts_probabilities" time="2.989" /><testcase classname="tests.test_churn_model.TestEnsembleChurnModel" name="test_ensemble_auc_meets_threshold" time="3.133" /><testcase classname="tests.test_churn_model.TestEnsembleChurnModel" name="test_ensemble_weighted_average_correct" time="2.672" /><testcase classname="tests.test_churn_model.TestModelReproducibility" name="test_ml_model_reproducible" time="0.189" /><testcase classname="tests.test_churn_model.TestModelReproducibility" name="test_dl_model_reproducible" time="4.804" /><testcase classname="tests.test_churn_model.TestProbabilityCalibration" name="test_probability_distribution" time="2.662" /><testcase classname="tests.test_churn_model.TestProbabilityCalibration" name="test_prediction_not_all_same" time="2.482" /></testsuite></testsuites>